{"/Users/crolly/go/src/github.com/crolly/amplify-js/packages/datastore/__tests__/model.ts": {"path":"/Users/crolly/go/src/github.com/crolly/amplify-js/packages/datastore/__tests__/model.ts","statementMap":{"0":{"start":{"line":7,"column":0},"end":{"line":7,"column":67}},"1":{"start":{"line":8,"column":0},"end":{"line":8,"column":37}},"2":{"start":{"line":108,"column":6},"end":{"line":108,"column":null}},"3":{"start":{"line":109,"column":1},"end":{"line":109,"column":7}},"4":{"start":{"line":110,"column":1},"end":{"line":110,"column":5}},"5":{"start":{"line":111,"column":1},"end":{"line":111,"column":8}},"6":{"start":{"line":112,"column":1},"end":{"line":112,"column":5}},"7":{"start":{"line":113,"column":1},"end":{"line":113,"column":10}},"8":{"start":{"line":114,"column":1},"end":{"line":114,"column":15}},"9":{"start":{"line":115,"column":1},"end":{"line":115,"column":7}},"10":{"start":{"line":116,"column":1},"end":{"line":116,"column":13}},"11":{"start":{"line":117,"column":1},"end":{"line":117,"column":null}},"12":{"start":{"line":131,"column":1},"end":{"line":131,"column":7}},"13":{"start":{"line":132,"column":1},"end":{"line":132,"column":5}},"14":{"start":{"line":133,"column":1},"end":{"line":133,"column":8}},"15":{"start":{"line":134,"column":1},"end":{"line":134,"column":5}},"16":{"start":{"line":135,"column":1},"end":{"line":135,"column":10}},"17":{"start":{"line":136,"column":1},"end":{"line":136,"column":15}},"18":{"start":{"line":137,"column":1},"end":{"line":137,"column":7}},"19":{"start":{"line":138,"column":1},"end":{"line":138,"column":13}},"20":{"start":{"line":139,"column":1},"end":{"line":139,"column":7}},"21":{"start":{"line":129,"column":0},"end":{"line":129,"column":3}}},"fnMap":{},"branchMap":{},"s":{"0":1,"1":1,"2":1,"3":1,"4":1,"5":1,"6":1,"7":1,"8":1,"9":1,"10":1,"11":1,"12":1,"13":1,"14":1,"15":1,"16":1,"17":1,"18":1,"19":1,"20":1,"21":1},"f":{},"b":{}}
,"/Users/crolly/go/src/github.com/crolly/amplify-js/packages/datastore/__tests__/schema.ts": {"path":"/Users/crolly/go/src/github.com/crolly/amplify-js/packages/datastore/__tests__/schema.ts","statementMap":{"0":{"start":{"line":3,"column":13},"end":{"line":412,"column":2}},"1":{"start":{"line":414,"column":13},"end":{"line":461,"column":2}},"2":{"start":{"line":463,"column":13},"end":{"line":517,"column":2}},"3":{"start":{"line":519,"column":13},"end":{"line":566,"column":2}}},"fnMap":{},"branchMap":{},"s":{"0":3,"1":3,"2":3,"3":3},"f":{},"b":{}}
,"/Users/crolly/go/src/github.com/crolly/amplify-js/packages/datastore/src/index.ts": {"path":"/Users/crolly/go/src/github.com/crolly/amplify-js/packages/datastore/src/index.ts","statementMap":{"0":{"start":{"line":1,"column":0},"end":{"line":1,"column":9}},"1":{"start":{"line":1,"column":9},"end":{"line":1,"column":20}},"2":{"start":{"line":1,"column":20},"end":{"line":1,"column":36}},"3":{"start":{"line":1,"column":36},"end":{"line":1,"column":78}},"4":{"start":{"line":2,"column":0},"end":{"line":2,"column":9}},"5":{"start":{"line":2,"column":9},"end":{"line":2,"column":42}},"6":{"start":{"line":3,"column":0},"end":{"line":3,"column":24}}},"fnMap":{},"branchMap":{},"s":{"0":1,"1":1,"2":1,"3":1,"4":1,"5":1,"6":1},"f":{},"b":{}}
,"/Users/crolly/go/src/github.com/crolly/amplify-js/packages/datastore/src/types.ts": {"path":"/Users/crolly/go/src/github.com/crolly/amplify-js/packages/datastore/src/types.ts","statementMap":{"0":{"start":{"line":2,"column":0},"end":{"line":2,"column":null}},"1":{"start":{"line":44,"column":1},"end":{"line":44,"column":59}},"2":{"start":{"line":43,"column":0},"end":{"line":43,"column":16}},"3":{"start":{"line":63,"column":1},"end":{"line":63,"column":34}},"4":{"start":{"line":62,"column":0},"end":{"line":62,"column":16}},"5":{"start":{"line":73,"column":1},"end":{"line":73,"column":30}},"6":{"start":{"line":70,"column":0},"end":{"line":70,"column":16}},"7":{"start":{"line":80,"column":0},"end":{"line":80,"column":null}},"8":{"start":{"line":81,"column":1},"end":{"line":81,"column":null}},"9":{"start":{"line":82,"column":1},"end":{"line":82,"column":null}},"10":{"start":{"line":83,"column":1},"end":{"line":83,"column":null}},"11":{"start":{"line":84,"column":1},"end":{"line":84,"column":null}},"12":{"start":{"line":85,"column":1},"end":{"line":85,"column":null}},"13":{"start":{"line":86,"column":1},"end":{"line":86,"column":null}},"14":{"start":{"line":87,"column":1},"end":{"line":87,"column":null}},"15":{"start":{"line":88,"column":1},"end":{"line":88,"column":null}},"16":{"start":{"line":89,"column":1},"end":{"line":89,"column":null}},"17":{"start":{"line":90,"column":1},"end":{"line":90,"column":null}},"18":{"start":{"line":91,"column":1},"end":{"line":91,"column":null}},"19":{"start":{"line":92,"column":1},"end":{"line":92,"column":null}},"20":{"start":{"line":93,"column":1},"end":{"line":93,"column":null}},"21":{"start":{"line":94,"column":1},"end":{"line":94,"column":null}},"22":{"start":{"line":97,"column":0},"end":{"line":97,"column":null}},"23":{"start":{"line":101,"column":2},"end":{"line":121,"column":null}},"24":{"start":{"line":103,"column":4},"end":{"line":103,"column":21}},"25":{"start":{"line":114,"column":4},"end":{"line":114,"column":20}},"26":{"start":{"line":118,"column":4},"end":{"line":118,"column":20}},"27":{"start":{"line":120,"column":4},"end":{"line":120,"column":28}},"28":{"start":{"line":98,"column":17},"end":{"line":122,"column":null}},"29":{"start":{"line":127,"column":2},"end":{"line":148,"column":null}},"30":{"start":{"line":129,"column":4},"end":{"line":129,"column":21}},"31":{"start":{"line":131,"column":4},"end":{"line":131,"column":21}},"32":{"start":{"line":133,"column":4},"end":{"line":133,"column":25}},"33":{"start":{"line":135,"column":4},"end":{"line":135,"column":26}},"34":{"start":{"line":137,"column":4},"end":{"line":137,"column":22}},"35":{"start":{"line":139,"column":4},"end":{"line":139,"column":21}},"36":{"start":{"line":141,"column":4},"end":{"line":141,"column":20}},"37":{"start":{"line":143,"column":4},"end":{"line":143,"column":22}},"38":{"start":{"line":145,"column":4},"end":{"line":145,"column":26}},"39":{"start":{"line":147,"column":4},"end":{"line":147,"column":21}},"40":{"start":{"line":124,"column":17},"end":{"line":149,"column":null}},"41":{"start":{"line":165,"column":1},"end":{"line":165,"column":52}},"42":{"start":{"line":162,"column":0},"end":{"line":162,"column":16}},"43":{"start":{"line":170,"column":42},"end":{"line":170,"column":49}},"44":{"start":{"line":171,"column":1},"end":{"line":171,"column":41}},"45":{"start":{"line":171,"column":29},"end":{"line":171,"column":41}},"46":{"start":{"line":173,"column":1},"end":{"line":173,"column":14}},"47":{"start":{"line":169,"column":0},"end":{"line":169,"column":16}},"48":{"start":{"line":178,"column":44},"end":{"line":178,"column":54}},"49":{"start":{"line":179,"column":1},"end":{"line":179,"column":40}},"50":{"start":{"line":179,"column":28},"end":{"line":179,"column":40}},"51":{"start":{"line":181,"column":1},"end":{"line":181,"column":14}},"52":{"start":{"line":177,"column":0},"end":{"line":177,"column":16}},"53":{"start":{"line":186,"column":41},"end":{"line":186,"column":47}},"54":{"start":{"line":187,"column":1},"end":{"line":187,"column":41}},"55":{"start":{"line":187,"column":29},"end":{"line":187,"column":41}},"56":{"start":{"line":189,"column":1},"end":{"line":189,"column":14}},"57":{"start":{"line":185,"column":0},"end":{"line":185,"column":16}},"58":{"start":{"line":242,"column":0},"end":{"line":242,"column":null}},"59":{"start":{"line":243,"column":1},"end":{"line":243,"column":null}},"60":{"start":{"line":244,"column":1},"end":{"line":244,"column":null}},"61":{"start":{"line":245,"column":1},"end":{"line":245,"column":null}},"62":{"start":{"line":349,"column":1},"end":{"line":349,"column":61}},"63":{"start":{"line":346,"column":0},"end":{"line":346,"column":16}},"64":{"start":{"line":355,"column":1},"end":{"line":355,"column":60}},"65":{"start":{"line":352,"column":0},"end":{"line":352,"column":16}},"66":{"start":{"line":364,"column":0},"end":{"line":364,"column":null}},"67":{"start":{"line":365,"column":1},"end":{"line":365,"column":null}},"68":{"start":{"line":366,"column":1},"end":{"line":366,"column":null}},"69":{"start":{"line":426,"column":0},"end":{"line":426,"column":null}},"70":{"start":{"line":427,"column":1},"end":{"line":427,"column":null}},"71":{"start":{"line":428,"column":1},"end":{"line":428,"column":null}},"72":{"start":{"line":545,"column":1},"end":{"line":548,"column":3}},"73":{"start":{"line":535,"column":0},"end":{"line":535,"column":22}},"74":{"start":{"line":568,"column":13},"end":{"line":568,"column":41}}},"fnMap":{"0":{"name":"isSchemaModel","decl":{"start":{"line":43,"column":16},"end":{"line":43,"column":29}},"loc":{"start":{"line":43,"column":38},"end":{"line":45,"column":1}}},"1":{"name":"isAssociatedWith","decl":{"start":{"line":62,"column":16},"end":{"line":62,"column":32}},"loc":{"start":{"line":62,"column":41},"end":{"line":64,"column":1}}},"2":{"name":"isTargetNameAssociation","decl":{"start":{"line":70,"column":16},"end":{"line":70,"column":39}},"loc":{"start":{"line":71,"column":9},"end":{"line":74,"column":1}}},"3":{"name":"(anonymous_16)","decl":{"start":{"line":80,"column":0},"end":{"line":80,"column":12}},"loc":{"start":{"line":80,"column":29},"end":{"line":95,"column":1}}},"4":{"name":"(anonymous_17)","decl":{"start":{"line":97,"column":0},"end":{"line":97,"column":17}},"loc":{"start":{"line":97,"column":34},"end":{"line":150,"column":1}}},"5":{"name":"getJSType","decl":{"start":{"line":98,"column":17},"end":{"line":98,"column":26}},"loc":{"start":{"line":99,"column":85},"end":{"line":122,"column":2}}},"6":{"name":"getValidationFunction","decl":{"start":{"line":124,"column":17},"end":{"line":124,"column":38}},"loc":{"start":{"line":125,"column":85},"end":{"line":149,"column":2}}},"7":{"name":"isGraphQLScalarType","decl":{"start":{"line":162,"column":16},"end":{"line":162,"column":35}},"loc":{"start":{"line":163,"column":9},"end":{"line":166,"column":1}}},"8":{"name":"isModelFieldType","decl":{"start":{"line":169,"column":16},"end":{"line":169,"column":32}},"loc":{"start":{"line":169,"column":41},"end":{"line":174,"column":1}}},"9":{"name":"isNonModelFieldType","decl":{"start":{"line":177,"column":16},"end":{"line":177,"column":35}},"loc":{"start":{"line":177,"column":44},"end":{"line":182,"column":1}}},"10":{"name":"isEnumFieldType","decl":{"start":{"line":185,"column":16},"end":{"line":185,"column":31}},"loc":{"start":{"line":185,"column":40},"end":{"line":190,"column":1}}},"11":{"name":"(anonymous_24)","decl":{"start":{"line":242,"column":0},"end":{"line":242,"column":12}},"loc":{"start":{"line":242,"column":18},"end":{"line":246,"column":1}}},"12":{"name":"isPredicateObj","decl":{"start":{"line":346,"column":16},"end":{"line":346,"column":30}},"loc":{"start":{"line":347,"column":9},"end":{"line":350,"column":1}}},"13":{"name":"isPredicateGroup","decl":{"start":{"line":352,"column":16},"end":{"line":352,"column":32}},"loc":{"start":{"line":353,"column":9},"end":{"line":356,"column":1}}},"14":{"name":"(anonymous_27)","decl":{"start":{"line":364,"column":0},"end":{"line":364,"column":12}},"loc":{"start":{"line":364,"column":20},"end":{"line":367,"column":1}}},"15":{"name":"(anonymous_28)","decl":{"start":{"line":426,"column":0},"end":{"line":426,"column":12}},"loc":{"start":{"line":426,"column":25},"end":{"line":429,"column":1}}},"16":{"name":"syncExpression","decl":{"start":{"line":535,"column":22},"end":{"line":535,"column":36}},"loc":{"start":{"line":540,"column":43},"end":{"line":549,"column":null}}}},"branchMap":{"0":{"loc":{"start":{"line":44,"column":8},"end":{"line":44,"column":11}},"type":"binary-expr","locations":[{"start":{"line":44,"column":8},"end":{"line":44,"column":11}},{"start":{"line":44,"column":29},"end":{"line":44,"column":58}}]},"1":{"loc":{"start":{"line":63,"column":8},"end":{"line":63,"column":11}},"type":"binary-expr","locations":[{"start":{"line":63,"column":8},"end":{"line":63,"column":11}},{"start":{"line":63,"column":15},"end":{"line":63,"column":33}}]},"2":{"loc":{"start":{"line":73,"column":8},"end":{"line":73,"column":11}},"type":"binary-expr","locations":[{"start":{"line":73,"column":8},"end":{"line":73,"column":11}},{"start":{"line":73,"column":15},"end":{"line":73,"column":29}}]},"3":{"loc":{"start":{"line":80,"column":12},"end":{"line":80,"column":29}},"type":"binary-expr","locations":[{"start":{"line":80,"column":12},"end":{"line":80,"column":29}},{"start":{"line":80,"column":12},"end":{"line":80,"column":null}}]},"4":{"loc":{"start":{"line":102,"column":3},"end":{"line":103,"column":21}},"type":"switch","locations":[{"start":{"line":102,"column":3},"end":{"line":103,"column":21}},{"start":{"line":104,"column":3},"end":{"line":104,"column":13}},{"start":{"line":105,"column":3},"end":{"line":105,"column":17}},{"start":{"line":106,"column":3},"end":{"line":106,"column":18}},{"start":{"line":107,"column":3},"end":{"line":107,"column":18}},{"start":{"line":108,"column":3},"end":{"line":108,"column":22}},{"start":{"line":109,"column":3},"end":{"line":109,"column":19}},{"start":{"line":110,"column":3},"end":{"line":110,"column":18}},{"start":{"line":111,"column":3},"end":{"line":111,"column":17}},{"start":{"line":112,"column":3},"end":{"line":112,"column":19}},{"start":{"line":113,"column":3},"end":{"line":114,"column":20}},{"start":{"line":115,"column":3},"end":{"line":115,"column":14}},{"start":{"line":116,"column":3},"end":{"line":116,"column":16}},{"start":{"line":117,"column":3},"end":{"line":118,"column":20}},{"start":{"line":119,"column":3},"end":{"line":120,"column":28}}]},"5":{"loc":{"start":{"line":128,"column":3},"end":{"line":129,"column":21}},"type":"switch","locations":[{"start":{"line":128,"column":3},"end":{"line":129,"column":21}},{"start":{"line":130,"column":3},"end":{"line":131,"column":21}},{"start":{"line":132,"column":3},"end":{"line":133,"column":25}},{"start":{"line":134,"column":3},"end":{"line":135,"column":26}},{"start":{"line":136,"column":3},"end":{"line":137,"column":22}},{"start":{"line":138,"column":3},"end":{"line":139,"column":21}},{"start":{"line":140,"column":3},"end":{"line":141,"column":20}},{"start":{"line":142,"column":3},"end":{"line":143,"column":22}},{"start":{"line":144,"column":3},"end":{"line":145,"column":26}},{"start":{"line":146,"column":3},"end":{"line":147,"column":21}}]},"6":{"loc":{"start":{"line":97,"column":17},"end":{"line":97,"column":34}},"type":"binary-expr","locations":[{"start":{"line":97,"column":17},"end":{"line":97,"column":34}},{"start":{"line":97,"column":17},"end":{"line":97,"column":null}}]},"7":{"loc":{"start":{"line":165,"column":8},"end":{"line":165,"column":11}},"type":"binary-expr","locations":[{"start":{"line":165,"column":8},"end":{"line":165,"column":11}},{"start":{"line":165,"column":15},"end":{"line":165,"column":51}}]},"8":{"loc":{"start":{"line":171,"column":1},"end":{"line":171,"column":41}},"type":"if","locations":[{"start":{"line":171,"column":1},"end":{"line":171,"column":41}},{"start":{"line":171,"column":1},"end":{"line":171,"column":41}}]},"9":{"loc":{"start":{"line":171,"column":5},"end":{"line":171,"column":8}},"type":"binary-expr","locations":[{"start":{"line":171,"column":5},"end":{"line":171,"column":8}},{"start":{"line":171,"column":12},"end":{"line":171,"column":27}}]},"10":{"loc":{"start":{"line":179,"column":1},"end":{"line":179,"column":40}},"type":"if","locations":[{"start":{"line":179,"column":1},"end":{"line":179,"column":40}},{"start":{"line":179,"column":1},"end":{"line":179,"column":40}}]},"11":{"loc":{"start":{"line":179,"column":5},"end":{"line":179,"column":8}},"type":"binary-expr","locations":[{"start":{"line":179,"column":5},"end":{"line":179,"column":8}},{"start":{"line":179,"column":12},"end":{"line":179,"column":26}}]},"12":{"loc":{"start":{"line":187,"column":1},"end":{"line":187,"column":41}},"type":"if","locations":[{"start":{"line":187,"column":1},"end":{"line":187,"column":41}},{"start":{"line":187,"column":1},"end":{"line":187,"column":41}}]},"13":{"loc":{"start":{"line":187,"column":5},"end":{"line":187,"column":8}},"type":"binary-expr","locations":[{"start":{"line":187,"column":5},"end":{"line":187,"column":8}},{"start":{"line":187,"column":12},"end":{"line":187,"column":27}}]},"14":{"loc":{"start":{"line":242,"column":12},"end":{"line":242,"column":18}},"type":"binary-expr","locations":[{"start":{"line":242,"column":12},"end":{"line":242,"column":18}},{"start":{"line":242,"column":12},"end":{"line":242,"column":null}}]},"15":{"loc":{"start":{"line":349,"column":8},"end":{"line":349,"column":11}},"type":"binary-expr","locations":[{"start":{"line":349,"column":8},"end":{"line":349,"column":11}},{"start":{"line":349,"column":36},"end":{"line":349,"column":60}}]},"16":{"loc":{"start":{"line":355,"column":8},"end":{"line":355,"column":11}},"type":"binary-expr","locations":[{"start":{"line":355,"column":8},"end":{"line":355,"column":11}},{"start":{"line":355,"column":36},"end":{"line":355,"column":59}}]},"17":{"loc":{"start":{"line":364,"column":12},"end":{"line":364,"column":20}},"type":"binary-expr","locations":[{"start":{"line":364,"column":12},"end":{"line":364,"column":20}},{"start":{"line":364,"column":12},"end":{"line":364,"column":null}}]},"18":{"loc":{"start":{"line":426,"column":12},"end":{"line":426,"column":25}},"type":"binary-expr","locations":[{"start":{"line":426,"column":12},"end":{"line":426,"column":25}},{"start":{"line":426,"column":12},"end":{"line":426,"column":null}}]}},"s":{"0":82,"1":37,"2":82,"3":0,"4":82,"5":16,"6":82,"7":82,"8":82,"9":82,"10":82,"11":82,"12":82,"13":82,"14":82,"15":82,"16":82,"17":82,"18":82,"19":82,"20":82,"21":82,"22":82,"23":1616,"24":0,"25":1616,"26":0,"27":0,"28":82,"29":1616,"30":0,"31":0,"32":51,"33":0,"34":5,"35":0,"36":0,"37":0,"38":7,"39":1553,"40":82,"41":2104,"42":82,"43":0,"44":0,"45":0,"46":0,"47":82,"48":95,"49":95,"50":16,"51":79,"52":82,"53":48,"54":48,"55":0,"56":48,"57":82,"58":82,"59":82,"60":82,"61":82,"62":231,"63":82,"64":0,"65":82,"66":82,"67":82,"68":82,"69":82,"70":82,"71":82,"72":0,"73":82,"74":82},"f":{"0":37,"1":0,"2":16,"3":82,"4":82,"5":1616,"6":1616,"7":2104,"8":0,"9":95,"10":48,"11":82,"12":231,"13":0,"14":82,"15":82,"16":0},"b":{"0":[37,37],"1":[0,0],"2":[16,16],"3":[82,82],"4":[0,545,1553,1553,1553,1604,1609,1609,1609,1609,1616,0,0,0,0],"5":[0,0,51,0,5,0,0,0,7,1553],"6":[82,0],"7":[2104,2104],"8":[0,0],"9":[0,0],"10":[16,79],"11":[95,95],"12":[0,48],"13":[48,48],"14":[82,82],"15":[231,231],"16":[0,0],"17":[82,82],"18":[82,82]}}
,"/Users/crolly/go/src/github.com/crolly/amplify-js/packages/datastore/src/util.ts": {"path":"/Users/crolly/go/src/github.com/crolly/amplify-js/packages/datastore/src/util.ts","statementMap":{"0":{"start":{"line":1,"column":0},"end":{"line":1,"column":32}},"1":{"start":{"line":2,"column":0},"end":{"line":2,"column":38}},"2":{"start":{"line":3,"column":0},"end":{"line":3,"column":46}},"3":{"start":{"line":4,"column":0},"end":{"line":4,"column":34}},"4":{"start":{"line":6,"column":0},"end":{"line":6,"column":null}},"5":{"start":{"line":23,"column":13},"end":{"line":27,"column":2}},"6":{"start":{"line":23,"column":44},"end":{"line":23,"column":null}},"7":{"start":{"line":24,"column":1},"end":{"line":26,"column":null}},"8":{"start":{"line":25,"column":2},"end":{"line":25,"column":36}},"9":{"start":{"line":29,"column":13},"end":{"line":31,"column":2}},"10":{"start":{"line":30,"column":1},"end":{"line":30,"column":72}},"11":{"start":{"line":33,"column":13},"end":{"line":77,"column":2}},"12":{"start":{"line":39,"column":18},"end":{"line":39,"column":23}},"13":{"start":{"line":41,"column":1},"end":{"line":43,"column":null}},"14":{"start":{"line":42,"column":2},"end":{"line":42,"column":14}},"15":{"start":{"line":45,"column":1},"end":{"line":58,"column":null}},"16":{"start":{"line":47,"column":3},"end":{"line":47,"column":24}},"17":{"start":{"line":48,"column":3},"end":{"line":48,"column":21}},"18":{"start":{"line":49,"column":3},"end":{"line":49,"column":9}},"19":{"start":{"line":51,"column":3},"end":{"line":51,"column":24}},"20":{"start":{"line":52,"column":3},"end":{"line":52,"column":9}},"21":{"start":{"line":54,"column":3},"end":{"line":54,"column":23}},"22":{"start":{"line":55,"column":3},"end":{"line":55,"column":9}},"23":{"start":{"line":57,"column":3},"end":{"line":57,"column":30}},"24":{"start":{"line":60,"column":25},"end":{"line":74,"column":3}},"25":{"start":{"line":61,"column":2},"end":{"line":66,"column":null}},"26":{"start":{"line":62,"column":11},"end":{"line":62,"column":16}},"27":{"start":{"line":62,"column":18},"end":{"line":62,"column":26}},"28":{"start":{"line":62,"column":28},"end":{"line":62,"column":35}},"29":{"start":{"line":63,"column":17},"end":{"line":63,"column":29}},"30":{"start":{"line":65,"column":3},"end":{"line":65,"column":59}},"31":{"start":{"line":68,"column":2},"end":{"line":71,"column":null}},"32":{"start":{"line":69,"column":11},"end":{"line":69,"column":15}},"33":{"start":{"line":69,"column":17},"end":{"line":69,"column":27}},"34":{"start":{"line":70,"column":3},"end":{"line":70,"column":53}},"35":{"start":{"line":73,"column":2},"end":{"line":73,"column":46}},"36":{"start":{"line":76,"column":1},"end":{"line":76,"column":38}},"37":{"start":{"line":79,"column":31},"end":{"line":114,"column":1}},"38":{"start":{"line":84,"column":1},"end":{"line":113,"column":null}},"39":{"start":{"line":86,"column":3},"end":{"line":86,"column":28}},"40":{"start":{"line":88,"column":3},"end":{"line":88,"column":28}},"41":{"start":{"line":90,"column":3},"end":{"line":90,"column":27}},"42":{"start":{"line":92,"column":3},"end":{"line":92,"column":26}},"43":{"start":{"line":94,"column":3},"end":{"line":94,"column":27}},"44":{"start":{"line":96,"column":3},"end":{"line":96,"column":26}},"45":{"start":{"line":98,"column":9},"end":{"line":98,"column":10}},"46":{"start":{"line":98,"column":10},"end":{"line":98,"column":13}},"47":{"start":{"line":98,"column":15},"end":{"line":98,"column":37}},"48":{"start":{"line":99,"column":3},"end":{"line":99,"column":39}},"49":{"start":{"line":101,"column":3},"end":{"line":101,"column":76}},"50":{"start":{"line":103,"column":3},"end":{"line":105,"column":5}},"51":{"start":{"line":107,"column":3},"end":{"line":109,"column":5}},"52":{"start":{"line":111,"column":3},"end":{"line":111,"column":36}},"53":{"start":{"line":112,"column":3},"end":{"line":112,"column":16}},"54":{"start":{"line":116,"column":13},"end":{"line":122,"column":2}},"55":{"start":{"line":119,"column":1},"end":{"line":121,"column":3}},"56":{"start":{"line":124,"column":13},"end":{"line":176,"column":2}},"57":{"start":{"line":127,"column":40},"end":{"line":127,"column":42}},"58":{"start":{"line":129,"column":1},"end":{"line":173,"column":4}},"59":{"start":{"line":130,"column":2},"end":{"line":130,"column":58}},"60":{"start":{"line":132,"column":16},"end":{"line":132,"column":38}},"61":{"start":{"line":133,"column":2},"end":{"line":154,"column":5}},"62":{"start":{"line":134,"column":26},"end":{"line":134,"column":44}},"63":{"start":{"line":135,"column":3},"end":{"line":153,"column":null}},"64":{"start":{"line":139,"column":27},"end":{"line":139,"column":68}},"65":{"start":{"line":140,"column":4},"end":{"line":146,"column":7}},"66":{"start":{"line":148,"column":4},"end":{"line":152,"column":null}},"67":{"start":{"line":149,"column":5},"end":{"line":151,"column":7}},"68":{"start":{"line":157,"column":2},"end":{"line":172,"column":null}},"69":{"start":{"line":158,"column":3},"end":{"line":171,"column":6}},"70":{"start":{"line":159,"column":4},"end":{"line":170,"column":null}},"71":{"start":{"line":160,"column":13},"end":{"line":160,"column":19}},"72":{"start":{"line":161,"column":5},"end":{"line":169,"column":null}},"73":{"start":{"line":162,"column":6},"end":{"line":168,"column":9}},"74":{"start":{"line":164,"column":22},"end":{"line":164,"column":64}},"75":{"start":{"line":165,"column":7},"end":{"line":167,"column":null}},"76":{"start":{"line":166,"column":8},"end":{"line":166,"column":47}},"77":{"start":{"line":175,"column":1},"end":{"line":175,"column":21}},"78":{"start":{"line":178,"column":34},"end":{"line":178,"column":74}},"79":{"start":{"line":180,"column":13},"end":{"line":301,"column":2}},"80":{"start":{"line":190,"column":23},"end":{"line":190,"column":46}},"81":{"start":{"line":191,"column":26},"end":{"line":193,"column":null}},"82":{"start":{"line":196,"column":18},"end":{"line":196,"column":45}},"83":{"start":{"line":201,"column":7},"end":{"line":201,"column":9}},"84":{"start":{"line":203,"column":21},"end":{"line":277,"column":3}},"85":{"start":{"line":204,"column":2},"end":{"line":276,"column":5}},"86":{"start":{"line":205,"column":28},"end":{"line":207,"column":null}},"87":{"start":{"line":210,"column":3},"end":{"line":275,"column":null}},"88":{"start":{"line":212,"column":5},"end":{"line":232,"column":null}},"89":{"start":{"line":213,"column":23},"end":{"line":213,"column":26}},"90":{"start":{"line":214,"column":6},"end":{"line":221,"column":null}},"91":{"start":{"line":215,"column":7},"end":{"line":218,"column":9}},"92":{"start":{"line":223,"column":6},"end":{"line":227,"column":9}},"93":{"start":{"line":229,"column":12},"end":{"line":231,"column":12}},"94":{"start":{"line":234,"column":5},"end":{"line":234,"column":11}},"95":{"start":{"line":236,"column":5},"end":{"line":258,"column":null}},"96":{"start":{"line":237,"column":23},"end":{"line":237,"column":26}},"97":{"start":{"line":238,"column":6},"end":{"line":245,"column":null}},"98":{"start":{"line":239,"column":7},"end":{"line":242,"column":9}},"99":{"start":{"line":247,"column":48},"end":{"line":249,"column":17}},"100":{"start":{"line":251,"column":6},"end":{"line":257,"column":null}},"101":{"start":{"line":252,"column":7},"end":{"line":256,"column":10}},"102":{"start":{"line":260,"column":11},"end":{"line":264,"column":13}},"103":{"start":{"line":266,"column":5},"end":{"line":266,"column":43}},"104":{"start":{"line":268,"column":5},"end":{"line":268,"column":11}},"105":{"start":{"line":271,"column":5},"end":{"line":271,"column":11}},"106":{"start":{"line":273,"column":5},"end":{"line":273,"column":41}},"107":{"start":{"line":274,"column":5},"end":{"line":274,"column":11}},"108":{"start":{"line":279,"column":1},"end":{"line":283,"column":4}},"109":{"start":{"line":285,"column":1},"end":{"line":290,"column":null}},"110":{"start":{"line":286,"column":2},"end":{"line":289,"column":4}},"111":{"start":{"line":292,"column":22},"end":{"line":292,"column":62}},"112":{"start":{"line":294,"column":1},"end":{"line":298,"column":4}},"113":{"start":{"line":295,"column":2},"end":{"line":297,"column":4}},"114":{"start":{"line":300,"column":1},"end":{"line":300,"column":15}},"115":{"start":{"line":303,"column":13},"end":{"line":311,"column":2}},"116":{"start":{"line":304,"column":13},"end":{"line":304,"column":15}},"117":{"start":{"line":305,"column":1},"end":{"line":309,"column":4}},"118":{"start":{"line":306,"column":2},"end":{"line":308,"column":null}},"119":{"start":{"line":307,"column":3},"end":{"line":307,"column":30}},"120":{"start":{"line":310,"column":1},"end":{"line":310,"column":14}},"121":{"start":{"line":313,"column":13},"end":{"line":319,"column":2}},"122":{"start":{"line":317,"column":15},"end":{"line":317,"column":47}},"123":{"start":{"line":317,"column":35},"end":{"line":317,"column":47}},"124":{"start":{"line":318,"column":1},"end":{"line":318,"column":14}},"125":{"start":{"line":321,"column":0},"end":{"line":321,"column":null}},"126":{"start":{"line":322,"column":1},"end":{"line":322,"column":null}},"127":{"start":{"line":323,"column":1},"end":{"line":323,"column":null}},"128":{"start":{"line":324,"column":1},"end":{"line":324,"column":null}},"129":{"start":{"line":325,"column":1},"end":{"line":325,"column":null}},"130":{"start":{"line":328,"column":18},"end":{"line":328,"column":38}},"131":{"start":{"line":333,"column":30},"end":{"line":333,"column":39}},"132":{"start":{"line":329,"column":13},"end":{"line":329,"column":28}},"133":{"start":{"line":333,"column":9},"end":{"line":333,"column":13}},"134":{"start":{"line":330,"column":13},"end":{"line":330,"column":28}},"135":{"start":{"line":333,"column":15},"end":{"line":333,"column":19}},"136":{"start":{"line":331,"column":16},"end":{"line":331,"column":34}},"137":{"start":{"line":333,"column":21},"end":{"line":333,"column":28}},"138":{"start":{"line":337,"column":13},"end":{"line":374,"column":2}},"139":{"start":{"line":338,"column":1},"end":{"line":373,"column":4}},"140":{"start":{"line":339,"column":17},"end":{"line":339,"column":23}},"141":{"start":{"line":342,"column":20},"end":{"line":346,"column":3}},"142":{"start":{"line":343,"column":3},"end":{"line":343,"column":34}},"143":{"start":{"line":345,"column":3},"end":{"line":345,"column":17}},"144":{"start":{"line":348,"column":23},"end":{"line":358,"column":4}},"145":{"start":{"line":349,"column":7},"end":{"line":349,"column":9}},"146":{"start":{"line":350,"column":4},"end":{"line":350,"column":28}},"147":{"start":{"line":353,"column":3},"end":{"line":353,"column":42}},"148":{"start":{"line":355,"column":3},"end":{"line":355,"column":33}},"149":{"start":{"line":357,"column":3},"end":{"line":357,"column":25}},"150":{"start":{"line":360,"column":2},"end":{"line":362,"column":null}},"151":{"start":{"line":361,"column":3},"end":{"line":361,"column":25}},"152":{"start":{"line":364,"column":2},"end":{"line":366,"column":null}},"153":{"start":{"line":365,"column":3},"end":{"line":365,"column":22}},"154":{"start":{"line":368,"column":2},"end":{"line":368,"column":45}},"155":{"start":{"line":368,"column":26},"end":{"line":368,"column":45}},"156":{"start":{"line":370,"column":2},"end":{"line":370,"column":30}},"157":{"start":{"line":371,"column":2},"end":{"line":371,"column":25}},"158":{"start":{"line":372,"column":2},"end":{"line":372,"column":30}},"159":{"start":{"line":376,"column":20},"end":{"line":378,"column":1}},"160":{"start":{"line":377,"column":1},"end":{"line":377,"column":77}},"161":{"start":{"line":379,"column":13},"end":{"line":379,"column":30}},"162":{"start":{"line":379,"column":19},"end":{"line":379,"column":54}},"163":{"start":{"line":381,"column":14},"end":{"line":381,"column":36}},"164":{"start":{"line":383,"column":1},"end":{"line":385,"column":3}},"165":{"start":{"line":384,"column":2},"end":{"line":384,"column":20}},"166":{"start":{"line":380,"column":0},"end":{"line":380,"column":16}},"167":{"start":{"line":401,"column":1},"end":{"line":409,"column":null}},"168":{"start":{"line":406,"column":2},"end":{"line":406,"column":31}},"169":{"start":{"line":408,"column":2},"end":{"line":408,"column":20}},"170":{"start":{"line":400,"column":0},"end":{"line":400,"column":16}},"171":{"start":{"line":415,"column":1},"end":{"line":434,"column":3}},"172":{"start":{"line":418,"column":2},"end":{"line":431,"column":null}},"173":{"start":{"line":418,"column":26},"end":{"line":418,"column":42}},"174":{"start":{"line":418,"column":40},"end":{"line":418,"column":42}},"175":{"start":{"line":418,"column":22},"end":{"line":418,"column":26}},"176":{"start":{"line":419,"column":11},"end":{"line":419,"column":16}},"177":{"start":{"line":419,"column":18},"end":{"line":419,"column":31}},"178":{"start":{"line":422,"column":26},"end":{"line":422,"column":76}},"179":{"start":{"line":424,"column":3},"end":{"line":426,"column":null}},"180":{"start":{"line":425,"column":4},"end":{"line":425,"column":31}},"181":{"start":{"line":428,"column":3},"end":{"line":430,"column":null}},"182":{"start":{"line":429,"column":4},"end":{"line":429,"column":30}},"183":{"start":{"line":433,"column":2},"end":{"line":433,"column":11}},"184":{"start":{"line":412,"column":0},"end":{"line":412,"column":16}},"185":{"start":{"line":437,"column":13},"end":{"line":439,"column":2}},"186":{"start":{"line":438,"column":1},"end":{"line":438,"column":72}},"187":{"start":{"line":441,"column":13},"end":{"line":443,"column":2}},"188":{"start":{"line":442,"column":1},"end":{"line":442,"column":84}},"189":{"start":{"line":445,"column":13},"end":{"line":447,"column":2}},"190":{"start":{"line":446,"column":1},"end":{"line":446,"column":102}},"191":{"start":{"line":449,"column":13},"end":{"line":451,"column":2}},"192":{"start":{"line":450,"column":1},"end":{"line":450,"column":36}},"193":{"start":{"line":453,"column":13},"end":{"line":455,"column":2}},"194":{"start":{"line":454,"column":1},"end":{"line":454,"column":155}},"195":{"start":{"line":457,"column":13},"end":{"line":464,"column":2}},"196":{"start":{"line":458,"column":1},"end":{"line":463,"column":null}},"197":{"start":{"line":459,"column":2},"end":{"line":459,"column":18}},"198":{"start":{"line":460,"column":2},"end":{"line":460,"column":14}},"199":{"start":{"line":462,"column":2},"end":{"line":462,"column":15}},"200":{"start":{"line":466,"column":13},"end":{"line":472,"column":2}},"201":{"start":{"line":467,"column":1},"end":{"line":471,"column":null}},"202":{"start":{"line":468,"column":2},"end":{"line":468,"column":24}},"203":{"start":{"line":470,"column":2},"end":{"line":470,"column":15}},"204":{"start":{"line":474,"column":13},"end":{"line":476,"column":2}},"205":{"start":{"line":475,"column":1},"end":{"line":475,"column":38}},"206":{"start":{"line":478,"column":13},"end":{"line":480,"column":2}},"207":{"start":{"line":479,"column":1},"end":{"line":479,"column":1211}}},"fnMap":{"0":{"name":"(anonymous_17)","decl":{"start":{"line":23,"column":31},"end":{"line":23,"column":32}},"loc":{"start":{"line":23,"column":72},"end":{"line":27,"column":1}}},"1":{"name":"(anonymous_18)","decl":{"start":{"line":29,"column":33},"end":{"line":29,"column":34}},"loc":{"start":{"line":29,"column":42},"end":{"line":31,"column":1}}},"2":{"name":"(anonymous_19)","decl":{"start":{"line":33,"column":33},"end":{"line":33,"column":null}},"loc":{"start":{"line":36,"column":64},"end":{"line":77,"column":1}}},"3":{"name":"(anonymous_20)","decl":{"start":{"line":60,"column":56},"end":{"line":60,"column":72}},"loc":{"start":{"line":60,"column":72},"end":{"line":74,"column":2}}},"4":{"name":"(anonymous_21)","decl":{"start":{"line":79,"column":31},"end":{"line":79,"column":null}},"loc":{"start":{"line":82,"column":20},"end":{"line":114,"column":1}}},"5":{"name":"(anonymous_22)","decl":{"start":{"line":116,"column":34},"end":{"line":116,"column":null}},"loc":{"start":{"line":117,"column":9},"end":{"line":122,"column":1}}},"6":{"name":"(anonymous_23)","decl":{"start":{"line":124,"column":33},"end":{"line":124,"column":null}},"loc":{"start":{"line":125,"column":27},"end":{"line":176,"column":1}}},"7":{"name":"(anonymous_24)","decl":{"start":{"line":129,"column":39},"end":{"line":129,"column":40}},"loc":{"start":{"line":129,"column":52},"end":{"line":173,"column":2}}},"8":{"name":"(anonymous_25)","decl":{"start":{"line":133,"column":36},"end":{"line":133,"column":37}},"loc":{"start":{"line":133,"column":49},"end":{"line":154,"column":3}}},"9":{"name":"(anonymous_26)","decl":{"start":{"line":158,"column":28},"end":{"line":158,"column":37}},"loc":{"start":{"line":158,"column":37},"end":{"line":171,"column":4}}},"10":{"name":"(anonymous_27)","decl":{"start":{"line":162,"column":21},"end":{"line":162,"column":26}},"loc":{"start":{"line":162,"column":26},"end":{"line":168,"column":7}}},"11":{"name":"(anonymous_28)","decl":{"start":{"line":180,"column":29},"end":{"line":180,"column":null}},"loc":{"start":{"line":188,"column":37},"end":{"line":301,"column":1}}},"12":{"name":"(anonymous_29)","decl":{"start":{"line":203,"column":55},"end":{"line":203,"column":68}},"loc":{"start":{"line":203,"column":68},"end":{"line":277,"column":2}}},"13":{"name":"(anonymous_30)","decl":{"start":{"line":204,"column":33},"end":{"line":204,"column":34}},"loc":{"start":{"line":204,"column":53},"end":{"line":276,"column":3}}},"14":{"name":"(anonymous_31)","decl":{"start":{"line":294,"column":13},"end":{"line":294,"column":14}},"loc":{"start":{"line":294,"column":18},"end":{"line":298,"column":2}}},"15":{"name":"(anonymous_32)","decl":{"start":{"line":303,"column":24},"end":{"line":303,"column":25}},"loc":{"start":{"line":303,"column":57},"end":{"line":311,"column":1}}},"16":{"name":"(anonymous_33)","decl":{"start":{"line":305,"column":10},"end":{"line":305,"column":11}},"loc":{"start":{"line":305,"column":32},"end":{"line":309,"column":2}}},"17":{"name":"(anonymous_34)","decl":{"start":{"line":313,"column":39},"end":{"line":313,"column":null}},"loc":{"start":{"line":315,"column":12},"end":{"line":319,"column":1}}},"18":{"name":"(anonymous_35)","decl":{"start":{"line":317,"column":28},"end":{"line":317,"column":31}},"loc":{"start":{"line":317,"column":31},"end":{"line":317,"column":38}}},"19":{"name":"(anonymous_36)","decl":{"start":{"line":321,"column":0},"end":{"line":321,"column":12}},"loc":{"start":{"line":321,"column":22},"end":{"line":326,"column":1}}},"20":{"name":"(anonymous_37)","decl":{"start":{"line":337,"column":29},"end":{"line":337,"column":null}},"loc":{"start":{"line":337,"column":29},"end":{"line":374,"column":1}}},"21":{"name":"(anonymous_38)","decl":{"start":{"line":338,"column":20},"end":{"line":338,"column":27}},"loc":{"start":{"line":338,"column":27},"end":{"line":373,"column":2}}},"22":{"name":"(anonymous_39)","decl":{"start":{"line":342,"column":20},"end":{"line":342,"column":null}},"loc":{"start":{"line":342,"column":20},"end":{"line":346,"column":3}}},"23":{"name":"(anonymous_40)","decl":{"start":{"line":348,"column":23},"end":{"line":348,"column":null}},"loc":{"start":{"line":348,"column":23},"end":{"line":358,"column":4}}},"24":{"name":"(anonymous_43)","decl":{"start":{"line":376,"column":20},"end":{"line":376,"column":29}},"loc":{"start":{"line":376,"column":43},"end":{"line":378,"column":1}}},"25":{"name":"(anonymous_44)","decl":{"start":{"line":379,"column":13},"end":{"line":379,"column":19}},"loc":{"start":{"line":379,"column":13},"end":{"line":379,"column":30}}},"26":{"name":"monotonicUlidFactory","decl":{"start":{"line":380,"column":16},"end":{"line":380,"column":36}},"loc":{"start":{"line":380,"column":50},"end":{"line":386,"column":1}}},"27":{"name":"(anonymous_46)","decl":{"start":{"line":383,"column":8},"end":{"line":383,"column":null}},"loc":{"start":{"line":383,"column":8},"end":{"line":385,"column":2}}},"28":{"name":"getNow","decl":{"start":{"line":400,"column":16},"end":{"line":400,"column":22}},"loc":{"start":{"line":400,"column":22},"end":{"line":410,"column":1}}},"29":{"name":"sortCompareFunction","decl":{"start":{"line":412,"column":16},"end":{"line":412,"column":35}},"loc":{"start":{"line":413,"column":39},"end":{"line":435,"column":1}}},"30":{"name":"compareFunction","decl":{"start":{"line":415,"column":17},"end":{"line":415,"column":32}},"loc":{"start":{"line":415,"column":37},"end":{"line":434,"column":2}}},"31":{"name":"(anonymous_50)","decl":{"start":{"line":437,"column":25},"end":{"line":437,"column":26}},"loc":{"start":{"line":437,"column":37},"end":{"line":439,"column":1}}},"32":{"name":"(anonymous_51)","decl":{"start":{"line":441,"column":25},"end":{"line":441,"column":26}},"loc":{"start":{"line":441,"column":37},"end":{"line":443,"column":1}}},"33":{"name":"(anonymous_52)","decl":{"start":{"line":445,"column":29},"end":{"line":445,"column":30}},"loc":{"start":{"line":445,"column":41},"end":{"line":447,"column":1}}},"34":{"name":"(anonymous_53)","decl":{"start":{"line":449,"column":30},"end":{"line":449,"column":31}},"loc":{"start":{"line":449,"column":42},"end":{"line":451,"column":1}}},"35":{"name":"(anonymous_54)","decl":{"start":{"line":453,"column":26},"end":{"line":453,"column":27}},"loc":{"start":{"line":453,"column":38},"end":{"line":455,"column":1}}},"36":{"name":"(anonymous_55)","decl":{"start":{"line":457,"column":25},"end":{"line":457,"column":26}},"loc":{"start":{"line":457,"column":37},"end":{"line":464,"column":1}}},"37":{"name":"(anonymous_56)","decl":{"start":{"line":466,"column":24},"end":{"line":466,"column":25}},"loc":{"start":{"line":466,"column":36},"end":{"line":472,"column":1}}},"38":{"name":"(anonymous_57)","decl":{"start":{"line":474,"column":26},"end":{"line":474,"column":27}},"loc":{"start":{"line":474,"column":38},"end":{"line":476,"column":1}}},"39":{"name":"(anonymous_58)","decl":{"start":{"line":478,"column":30},"end":{"line":478,"column":31}},"loc":{"start":{"line":478,"column":42},"end":{"line":480,"column":1}}}},"branchMap":{"0":{"loc":{"start":{"line":23,"column":44},"end":{"line":23,"column":null}},"type":"if","locations":[{"start":{"line":23,"column":44},"end":{"line":23,"column":null}},{"start":{"line":23,"column":44},"end":{"line":23,"column":null}}]},"1":{"loc":{"start":{"line":24,"column":1},"end":{"line":26,"column":null}},"type":"if","locations":[{"start":{"line":24,"column":1},"end":{"line":26,"column":null}},{"start":{"line":24,"column":1},"end":{"line":26,"column":null}}]},"2":{"loc":{"start":{"line":30,"column":8},"end":{"line":30,"column":34}},"type":"binary-expr","locations":[{"start":{"line":30,"column":8},"end":{"line":30,"column":34}},{"start":{"line":30,"column":38},"end":{"line":30,"column":55}},{"start":{"line":30,"column":59},"end":{"line":30,"column":71}}]},"3":{"loc":{"start":{"line":41,"column":1},"end":{"line":43,"column":null}},"type":"if","locations":[{"start":{"line":41,"column":1},"end":{"line":43,"column":null}},{"start":{"line":41,"column":1},"end":{"line":43,"column":null}}]},"4":{"loc":{"start":{"line":46,"column":2},"end":{"line":49,"column":9}},"type":"switch","locations":[{"start":{"line":46,"column":2},"end":{"line":49,"column":9}},{"start":{"line":50,"column":2},"end":{"line":52,"column":9}},{"start":{"line":53,"column":2},"end":{"line":55,"column":9}},{"start":{"line":56,"column":2},"end":{"line":57,"column":30}}]},"5":{"loc":{"start":{"line":61,"column":2},"end":{"line":66,"column":null}},"type":"if","locations":[{"start":{"line":61,"column":2},"end":{"line":66,"column":null}},{"start":{"line":61,"column":2},"end":{"line":66,"column":null}}]},"6":{"loc":{"start":{"line":68,"column":2},"end":{"line":71,"column":null}},"type":"if","locations":[{"start":{"line":68,"column":2},"end":{"line":71,"column":null}},{"start":{"line":68,"column":2},"end":{"line":71,"column":null}}]},"7":{"loc":{"start":{"line":76,"column":21},"end":{"line":76,"column":28}},"type":"cond-expr","locations":[{"start":{"line":76,"column":21},"end":{"line":76,"column":28}},{"start":{"line":76,"column":31},"end":{"line":76,"column":37}}]},"8":{"loc":{"start":{"line":85,"column":2},"end":{"line":86,"column":28}},"type":"switch","locations":[{"start":{"line":85,"column":2},"end":{"line":86,"column":28}},{"start":{"line":87,"column":2},"end":{"line":88,"column":28}},{"start":{"line":89,"column":2},"end":{"line":90,"column":27}},{"start":{"line":91,"column":2},"end":{"line":92,"column":26}},{"start":{"line":93,"column":2},"end":{"line":94,"column":27}},{"start":{"line":95,"column":2},"end":{"line":96,"column":26}},{"start":{"line":97,"column":2},"end":{"line":99,"column":39}},{"start":{"line":100,"column":2},"end":{"line":101,"column":76}},{"start":{"line":102,"column":2},"end":{"line":105,"column":5}},{"start":{"line":106,"column":2},"end":{"line":109,"column":5}},{"start":{"line":110,"column":2},"end":{"line":112,"column":16}}]},"9":{"loc":{"start":{"line":99,"column":10},"end":{"line":99,"column":22}},"type":"binary-expr","locations":[{"start":{"line":99,"column":10},"end":{"line":99,"column":22}},{"start":{"line":99,"column":26},"end":{"line":99,"column":38}}]},"10":{"loc":{"start":{"line":120,"column":2},"end":{"line":120,"column":5}},"type":"binary-expr","locations":[{"start":{"line":120,"column":2},"end":{"line":120,"column":5}},{"start":{"line":120,"column":9},"end":{"line":120,"column":74}}]},"11":{"loc":{"start":{"line":135,"column":3},"end":{"line":153,"column":null}},"type":"if","locations":[{"start":{"line":135,"column":3},"end":{"line":153,"column":null}},{"start":{"line":135,"column":3},"end":{"line":153,"column":null}}]},"12":{"loc":{"start":{"line":136,"column":4},"end":{"line":136,"column":43}},"type":"binary-expr","locations":[{"start":{"line":136,"column":4},"end":{"line":136,"column":43}},{"start":{"line":137,"column":4},"end":{"line":137,"column":34}}]},"13":{"loc":{"start":{"line":148,"column":4},"end":{"line":152,"column":null}},"type":"if","locations":[{"start":{"line":148,"column":4},"end":{"line":152,"column":null}},{"start":{"line":148,"column":4},"end":{"line":152,"column":null}}]},"14":{"loc":{"start":{"line":157,"column":2},"end":{"line":172,"column":null}},"type":"if","locations":[{"start":{"line":157,"column":2},"end":{"line":172,"column":null}},{"start":{"line":157,"column":2},"end":{"line":172,"column":null}}]},"15":{"loc":{"start":{"line":159,"column":4},"end":{"line":170,"column":null}},"type":"if","locations":[{"start":{"line":159,"column":4},"end":{"line":170,"column":null}},{"start":{"line":159,"column":4},"end":{"line":170,"column":null}}]},"16":{"loc":{"start":{"line":161,"column":5},"end":{"line":169,"column":null}},"type":"if","locations":[{"start":{"line":161,"column":5},"end":{"line":169,"column":null}},{"start":{"line":161,"column":5},"end":{"line":169,"column":null}}]},"17":{"loc":{"start":{"line":165,"column":7},"end":{"line":167,"column":null}},"type":"if","locations":[{"start":{"line":165,"column":7},"end":{"line":167,"column":null}},{"start":{"line":165,"column":7},"end":{"line":167,"column":null}}]},"18":{"loc":{"start":{"line":211,"column":4},"end":{"line":234,"column":11}},"type":"switch","locations":[{"start":{"line":211,"column":4},"end":{"line":234,"column":11}},{"start":{"line":235,"column":4},"end":{"line":268,"column":11}},{"start":{"line":269,"column":4},"end":{"line":271,"column":11}},{"start":{"line":272,"column":4},"end":{"line":274,"column":11}}]},"19":{"loc":{"start":{"line":212,"column":5},"end":{"line":232,"column":null}},"type":"if","locations":[{"start":{"line":212,"column":5},"end":{"line":232,"column":null}},{"start":{"line":212,"column":5},"end":{"line":232,"column":null}}]},"20":{"loc":{"start":{"line":236,"column":5},"end":{"line":258,"column":null}},"type":"if","locations":[{"start":{"line":236,"column":5},"end":{"line":258,"column":null}},{"start":{"line":236,"column":5},"end":{"line":258,"column":null}}]},"21":{"loc":{"start":{"line":251,"column":6},"end":{"line":257,"column":null}},"type":"if","locations":[{"start":{"line":251,"column":6},"end":{"line":257,"column":null}},{"start":{"line":251,"column":6},"end":{"line":257,"column":null}}]},"22":{"loc":{"start":{"line":263,"column":26},"end":{"line":263,"column":60}},"type":"cond-expr","locations":[{"start":{"line":263,"column":26},"end":{"line":263,"column":60}},{"start":{"line":264,"column":8},"end":{"line":264,"column":12}}]},"23":{"loc":{"start":{"line":285,"column":1},"end":{"line":290,"column":null}},"type":"if","locations":[{"start":{"line":285,"column":1},"end":{"line":290,"column":null}},{"start":{"line":285,"column":1},"end":{"line":290,"column":null}}]},"24":{"loc":{"start":{"line":306,"column":2},"end":{"line":308,"column":null}},"type":"if","locations":[{"start":{"line":306,"column":2},"end":{"line":308,"column":null}},{"start":{"line":306,"column":2},"end":{"line":308,"column":null}}]},"25":{"loc":{"start":{"line":321,"column":12},"end":{"line":321,"column":22}},"type":"binary-expr","locations":[{"start":{"line":321,"column":12},"end":{"line":321,"column":22}},{"start":{"line":321,"column":12},"end":{"line":321,"column":null}}]},"26":{"loc":{"start":{"line":353,"column":3},"end":{"line":353,"column":42}},"type":"switch","locations":[{"start":{"line":353,"column":3},"end":{"line":353,"column":42}}]},"27":{"loc":{"start":{"line":349,"column":7},"end":{"line":349,"column":9}},"type":"if","locations":[{"start":{"line":349,"column":7},"end":{"line":349,"column":9}},{"start":{"line":349,"column":7},"end":{"line":349,"column":9}}]},"28":{"loc":{"start":{"line":349,"column":7},"end":{"line":349,"column":9}},"type":"binary-expr","locations":[{"start":{"line":349,"column":7},"end":{"line":349,"column":9}},{"start":{"line":349,"column":13},"end":{"line":349,"column":22}},{"start":{"line":349,"column":26},"end":{"line":349,"column":63}}]},"29":{"loc":{"start":{"line":360,"column":2},"end":{"line":362,"column":null}},"type":"if","locations":[{"start":{"line":360,"column":2},"end":{"line":362,"column":null}},{"start":{"line":360,"column":2},"end":{"line":362,"column":null}}]},"30":{"loc":{"start":{"line":364,"column":2},"end":{"line":366,"column":null}},"type":"if","locations":[{"start":{"line":364,"column":2},"end":{"line":366,"column":null}},{"start":{"line":364,"column":2},"end":{"line":366,"column":null}}]},"31":{"loc":{"start":{"line":368,"column":2},"end":{"line":368,"column":45}},"type":"if","locations":[{"start":{"line":368,"column":2},"end":{"line":368,"column":45}},{"start":{"line":368,"column":2},"end":{"line":368,"column":45}}]},"32":{"loc":{"start":{"line":401,"column":1},"end":{"line":409,"column":null}},"type":"if","locations":[{"start":{"line":401,"column":1},"end":{"line":409,"column":null}},{"start":{"line":401,"column":1},"end":{"line":409,"column":null}}]},"33":{"loc":{"start":{"line":402,"column":2},"end":{"line":402,"column":36}},"type":"binary-expr","locations":[{"start":{"line":402,"column":2},"end":{"line":402,"column":36}},{"start":{"line":403,"column":2},"end":{"line":403,"column":13}},{"start":{"line":404,"column":2},"end":{"line":404,"column":39}}]},"34":{"loc":{"start":{"line":422,"column":70},"end":{"line":422,"column":71}},"type":"cond-expr","locations":[{"start":{"line":422,"column":70},"end":{"line":422,"column":71}},{"start":{"line":422,"column":74},"end":{"line":422,"column":76}}]},"35":{"loc":{"start":{"line":424,"column":3},"end":{"line":426,"column":null}},"type":"if","locations":[{"start":{"line":424,"column":3},"end":{"line":426,"column":null}},{"start":{"line":424,"column":3},"end":{"line":426,"column":null}}]},"36":{"loc":{"start":{"line":428,"column":3},"end":{"line":430,"column":null}},"type":"if","locations":[{"start":{"line":428,"column":3},"end":{"line":430,"column":null}},{"start":{"line":428,"column":3},"end":{"line":430,"column":null}}]}},"s":{"0":82,"1":82,"2":82,"3":82,"4":82,"5":82,"6":189,"7":189,"8":0,"9":82,"10":1658,"11":82,"12":60,"13":60,"14":10,"15":50,"16":0,"17":0,"18":0,"19":50,"20":50,"21":0,"22":0,"23":0,"24":50,"25":50,"26":50,"27":50,"28":50,"29":50,"30":50,"31":0,"32":0,"33":0,"34":0,"35":0,"36":50,"37":82,"38":50,"39":14,"40":15,"41":0,"42":0,"43":0,"44":0,"45":0,"46":0,"47":0,"48":0,"49":21,"50":0,"51":0,"52":0,"53":0,"54":82,"55":1175,"56":82,"57":224,"58":224,"59":365,"60":365,"61":365,"62":1650,"63":1650,"64":187,"65":187,"66":187,"67":102,"68":365,"69":119,"70":153,"71":34,"72":34,"73":34,"74":34,"75":34,"76":0,"77":224,"78":82,"79":82,"80":98,"81":98,"82":98,"83":98,"84":98,"85":98,"86":163,"87":163,"88":12,"89":0,"90":0,"91":0,"92":0,"93":0,"94":12,"95":85,"96":66,"97":66,"98":66,"99":66,"100":66,"101":66,"102":85,"103":85,"104":85,"105":66,"106":0,"107":0,"108":98,"109":98,"110":16,"111":98,"112":98,"113":72,"114":98,"115":82,"116":199,"117":199,"118":502,"119":199,"120":199,"121":82,"122":104,"123":119,"124":104,"125":82,"126":82,"127":82,"128":82,"129":82,"130":82,"131":82,"132":82,"133":82,"134":82,"135":82,"136":82,"137":82,"138":82,"139":151,"140":151,"141":151,"142":0,"143":0,"144":302,"145":301,"146":2,"147":302,"148":151,"149":151,"150":151,"151":150,"152":1,"153":0,"154":1,"155":0,"156":1,"157":1,"158":1,"159":82,"160":896,"161":82,"162":896,"163":109,"164":109,"165":65,"166":82,"167":0,"168":0,"169":0,"170":82,"171":4,"172":18,"173":18,"174":18,"175":30,"176":30,"177":30,"178":30,"179":30,"180":8,"181":22,"182":10,"183":0,"184":82,"185":82,"186":12,"187":82,"188":16,"189":82,"190":71,"191":82,"192":8,"193":82,"194":15,"195":82,"196":16,"197":16,"198":10,"199":6,"200":82,"201":7,"202":7,"203":4,"204":82,"205":10,"206":82,"207":27},"f":{"0":189,"1":1658,"2":60,"3":50,"4":50,"5":1175,"6":224,"7":365,"8":1650,"9":153,"10":34,"11":98,"12":98,"13":163,"14":72,"15":199,"16":502,"17":104,"18":119,"19":82,"20":151,"21":151,"22":0,"23":302,"24":896,"25":896,"26":109,"27":65,"28":0,"29":4,"30":18,"31":12,"32":16,"33":71,"34":8,"35":15,"36":16,"37":7,"38":10,"39":27},"b":{"0":[0,189],"1":[0,189],"2":[1658,1651,1651],"3":[10,50],"4":[0,50,0,0],"5":[50,0],"6":[0,0],"7":[0,50],"8":[14,15,0,0,0,0,0,21,0,0,0],"9":[0,0],"10":[1175,1173],"11":[187,1463],"12":[1650,299],"13":[102,85],"14":[119,246],"15":[34,119],"16":[34,0],"17":[0,34],"18":[12,85,66,0],"19":[0,12],"20":[66,19],"21":[66,0],"22":[66,19],"23":[16,82],"24":[199,303],"25":[82,82],"26":[151],"27":[150,1],"28":[151,1,1],"29":[150,1],"30":[0,1],"31":[0,1],"32":[0,0],"33":[0,0,0],"34":[20,10],"35":[8,22],"36":[10,12]}}
,"/Users/crolly/go/src/github.com/crolly/amplify-js/packages/datastore/src/datastore/datastore.ts": {"path":"/Users/crolly/go/src/github.com/crolly/amplify-js/packages/datastore/src/datastore/datastore.ts","statementMap":{"0":{"start":{"line":1,"column":0},"end":{"line":1,"column":78}},"1":{"start":{"line":2,"column":0},"end":{"line":2,"column":65}},"2":{"start":{"line":3,"column":0},"end":{"line":3,"column":35}},"3":{"start":{"line":4,"column":0},"end":{"line":4,"column":62}},"4":{"start":{"line":5,"column":0},"end":{"line":5,"column":null}},"5":{"start":{"line":11,"column":0},"end":{"line":11,"column":65}},"6":{"start":{"line":12,"column":0},"end":{"line":12,"column":53}},"7":{"start":{"line":13,"column":0},"end":{"line":13,"column":null}},"8":{"start":{"line":43,"column":0},"end":{"line":43,"column":null}},"9":{"start":{"line":56,"column":0},"end":{"line":56,"column":20}},"10":{"start":{"line":58,"column":15},"end":{"line":58,"column":38}},"11":{"start":{"line":60,"column":13},"end":{"line":60,"column":45}},"12":{"start":{"line":61,"column":8},"end":{"line":61,"column":14}},"13":{"start":{"line":74,"column":31},"end":{"line":74,"column":46}},"14":{"start":{"line":77,"column":26},"end":{"line":77,"column":null}},"15":{"start":{"line":82,"column":27},"end":{"line":88,"column":1}},"16":{"start":{"line":85,"column":19},"end":{"line":85,"column":58}},"17":{"start":{"line":87,"column":1},"end":{"line":87,"column":67}},"18":{"start":{"line":90,"column":32},"end":{"line":94,"column":1}},"19":{"start":{"line":93,"column":1},"end":{"line":93,"column":62}},"20":{"start":{"line":96,"column":45},"end":{"line":97,"column":18}},"21":{"start":{"line":97,"column":1},"end":{"line":97,"column":41}},"22":{"start":{"line":107,"column":19},"end":{"line":196,"column":1}},"23":{"start":{"line":108,"column":1},"end":{"line":112,"column":null}},"24":{"start":{"line":109,"column":2},"end":{"line":109,"column":58}},"25":{"start":{"line":111,"column":2},"end":{"line":111,"column":21}},"26":{"start":{"line":114,"column":1},"end":{"line":114,"column":57}},"27":{"start":{"line":116,"column":28},"end":{"line":118,"column":null}},"28":{"start":{"line":121,"column":1},"end":{"line":121,"column":40}},"29":{"start":{"line":122,"column":1},"end":{"line":122,"column":56}},"30":{"start":{"line":123,"column":1},"end":{"line":123,"column":47}},"31":{"start":{"line":125,"column":28},"end":{"line":125,"column":42}},"32":{"start":{"line":126,"column":26},"end":{"line":126,"column":48}},"33":{"start":{"line":127,"column":23},"end":{"line":127,"column":48}},"34":{"start":{"line":129,"column":1},"end":{"line":129,"column":58}},"35":{"start":{"line":130,"column":1},"end":{"line":130,"column":54}},"36":{"start":{"line":131,"column":1},"end":{"line":131,"column":48}},"37":{"start":{"line":133,"column":1},"end":{"line":141,"column":3}},"38":{"start":{"line":143,"column":1},"end":{"line":193,"column":4}},"39":{"start":{"line":144,"column":2},"end":{"line":146,"column":4}},"40":{"start":{"line":148,"column":28},"end":{"line":148,"column":55}},"41":{"start":{"line":150,"column":2},"end":{"line":165,"column":5}},"42":{"start":{"line":151,"column":37},"end":{"line":151,"column":39}},"43":{"start":{"line":153,"column":3},"end":{"line":162,"column":6}},"44":{"start":{"line":156,"column":6},"end":{"line":158,"column":null}},"45":{"start":{"line":161,"column":5},"end":{"line":161,"column":null}},"46":{"start":{"line":164,"column":3},"end":{"line":164,"column":54}},"47":{"start":{"line":167,"column":17},"end":{"line":167,"column":44}},"48":{"start":{"line":169,"column":14},"end":{"line":169,"column":18}},"49":{"start":{"line":170,"column":2},"end":{"line":190,"column":null}},"50":{"start":{"line":171,"column":3},"end":{"line":173,"column":null}},"51":{"start":{"line":172,"column":4},"end":{"line":172,"column":10}},"52":{"start":{"line":174,"column":3},"end":{"line":174,"column":11}},"53":{"start":{"line":175,"column":3},"end":{"line":179,"column":null}},"54":{"start":{"line":176,"column":4},"end":{"line":178,"column":6}},"55":{"start":{"line":181,"column":3},"end":{"line":187,"column":null}},"56":{"start":{"line":181,"column":27},"end":{"line":181,"column":65}},"57":{"start":{"line":181,"column":63},"end":{"line":181,"column":65}},"58":{"start":{"line":181,"column":23},"end":{"line":181,"column":27}},"59":{"start":{"line":182,"column":20},"end":{"line":182,"column":52}},"60":{"start":{"line":184,"column":4},"end":{"line":186,"column":null}},"61":{"start":{"line":184,"column":27},"end":{"line":184,"column":41}},"62":{"start":{"line":185,"column":5},"end":{"line":185,"column":36}},"63":{"start":{"line":189,"column":3},"end":{"line":189,"column":71}},"64":{"start":{"line":189,"column":42},"end":{"line":189,"column":70}},"65":{"start":{"line":192,"column":2},"end":{"line":192,"column":65}},"66":{"start":{"line":195,"column":1},"end":{"line":195,"column":20}},"67":{"start":{"line":1215,"column":38},"end":{"line":1215,"column":48}},"68":{"start":{"line":200,"column":26},"end":{"line":218,"column":1}},"69":{"start":{"line":201,"column":37},"end":{"line":201,"column":39}},"70":{"start":{"line":203,"column":1},"end":{"line":208,"column":4}},"71":{"start":{"line":203,"column":43},"end":{"line":203,"column":44}},"72":{"start":{"line":203,"column":44},"end":{"line":203,"column":53}},"73":{"start":{"line":203,"column":55},"end":{"line":203,"column":70}},"74":{"start":{"line":204,"column":16},"end":{"line":204,"column":49}},"75":{"start":{"line":205,"column":2},"end":{"line":205,"column":29}},"76":{"start":{"line":207,"column":2},"end":{"line":207,"column":47}},"77":{"start":{"line":210,"column":1},"end":{"line":215,"column":3}},"78":{"start":{"line":211,"column":3},"end":{"line":211,"column":4}},"79":{"start":{"line":211,"column":4},"end":{"line":211,"column":12}},"80":{"start":{"line":211,"column":14},"end":{"line":211,"column":28}},"81":{"start":{"line":212,"column":17},"end":{"line":212,"column":52}},"82":{"start":{"line":213,"column":3},"end":{"line":213,"column":29}},"83":{"start":{"line":217,"column":1},"end":{"line":217,"column":16}},"84":{"start":{"line":222,"column":26},"end":{"line":222,"column":null}},"85":{"start":{"line":229,"column":1},"end":{"line":229,"column":29}},"86":{"start":{"line":231,"column":1},"end":{"line":231,"column":38}},"87":{"start":{"line":234,"column":28},"end":{"line":234,"column":null}},"88":{"start":{"line":234,"column":79},"end":{"line":320,"column":2}},"89":{"start":{"line":238,"column":25},"end":{"line":238,"column":50}},"90":{"start":{"line":240,"column":1},"end":{"line":319,"column":null}},"91":{"start":{"line":242,"column":3},"end":{"line":242,"column":7}},"92":{"start":{"line":243,"column":3},"end":{"line":243,"column":13}},"93":{"start":{"line":244,"column":3},"end":{"line":244,"column":18}},"94":{"start":{"line":245,"column":3},"end":{"line":245,"column":7}},"95":{"start":{"line":246,"column":3},"end":{"line":246,"column":10}},"96":{"start":{"line":249,"column":2},"end":{"line":254,"column":null}},"97":{"start":{"line":253,"column":3},"end":{"line":253,"column":48}},"98":{"start":{"line":256,"column":2},"end":{"line":318,"column":null}},"99":{"start":{"line":257,"column":18},"end":{"line":257,"column":51}},"100":{"start":{"line":258,"column":26},"end":{"line":258,"column":71}},"101":{"start":{"line":260,"column":3},"end":{"line":317,"column":null}},"102":{"start":{"line":261,"column":32},"end":{"line":261,"column":38}},"103":{"start":{"line":262,"column":4},"end":{"line":264,"column":null}},"104":{"start":{"line":263,"column":5},"end":{"line":263,"column":52}},"105":{"start":{"line":266,"column":4},"end":{"line":270,"column":null}},"106":{"start":{"line":267,"column":5},"end":{"line":269,"column":7}},"107":{"start":{"line":272,"column":4},"end":{"line":283,"column":null}},"108":{"start":{"line":275,"column":11},"end":{"line":275,"column":null}},"109":{"start":{"line":278,"column":28},"end":{"line":278,"column":81}},"110":{"start":{"line":278,"column":40},"end":{"line":278,"column":71}},"111":{"start":{"line":280,"column":5},"end":{"line":282,"column":7}},"112":{"start":{"line":285,"column":4},"end":{"line":306,"column":null}},"113":{"start":{"line":289,"column":35},"end":{"line":298,"column":null}},"114":{"start":{"line":291,"column":7},"end":{"line":297,"column":null}},"115":{"start":{"line":292,"column":8},"end":{"line":292,"column":33}},"116":{"start":{"line":293,"column":14},"end":{"line":297,"column":null}},"117":{"start":{"line":294,"column":8},"end":{"line":294,"column":20}},"118":{"start":{"line":296,"column":8},"end":{"line":296,"column":21}},"119":{"start":{"line":301,"column":5},"end":{"line":305,"column":null}},"120":{"start":{"line":301,"column":38},"end":{"line":301,"column":40}},"121":{"start":{"line":302,"column":6},"end":{"line":304,"column":8}},"122":{"start":{"line":307,"column":10},"end":{"line":317,"column":null}},"123":{"start":{"line":308,"column":4},"end":{"line":308,"column":11}},"124":{"start":{"line":309,"column":10},"end":{"line":317,"column":null}},"125":{"start":{"line":310,"column":4},"end":{"line":312,"column":6}},"126":{"start":{"line":313,"column":10},"end":{"line":317,"column":null}},"127":{"start":{"line":314,"column":4},"end":{"line":316,"column":6}},"128":{"start":{"line":322,"column":27},"end":{"line":332,"column":1}},"129":{"start":{"line":327,"column":24},"end":{"line":327,"column":60}},"130":{"start":{"line":328,"column":1},"end":{"line":331,"column":4}},"131":{"start":{"line":328,"column":31},"end":{"line":328,"column":32}},"132":{"start":{"line":328,"column":32},"end":{"line":328,"column":33}},"133":{"start":{"line":328,"column":35},"end":{"line":328,"column":36}},"134":{"start":{"line":329,"column":2},"end":{"line":329,"column":23}},"135":{"start":{"line":330,"column":8},"end":{"line":330,"column":22}},"136":{"start":{"line":334,"column":25},"end":{"line":417,"column":1}},"137":{"start":{"line":337,"column":47},"end":{"line":337,"column":null}},"138":{"start":{"line":339,"column":20},"end":{"line":371,"column":null}},"139":{"start":{"line":342,"column":5},"end":{"line":342,"column":54}},"140":{"start":{"line":344,"column":58},"end":{"line":348,"column":33}},"141":{"start":{"line":350,"column":6},"end":{"line":350,"column":14}},"142":{"start":{"line":351,"column":6},"end":{"line":351,"column":20}},"143":{"start":{"line":352,"column":6},"end":{"line":352,"column":14}},"144":{"start":{"line":354,"column":17},"end":{"line":354,"column":52}},"145":{"start":{"line":358,"column":6},"end":{"line":362,"column":15}},"146":{"start":{"line":364,"column":5},"end":{"line":364,"column":19}},"147":{"start":{"line":366,"column":5},"end":{"line":370,"column":null}},"148":{"start":{"line":367,"column":6},"end":{"line":367,"column":32}},"149":{"start":{"line":368,"column":6},"end":{"line":368,"column":44}},"150":{"start":{"line":369,"column":6},"end":{"line":369,"column":32}},"151":{"start":{"line":374,"column":3},"end":{"line":374,"column":19}},"152":{"start":{"line":377,"column":9},"end":{"line":392,"column":null}},"153":{"start":{"line":378,"column":28},"end":{"line":378,"column":75}},"154":{"start":{"line":379,"column":3},"end":{"line":383,"column":null}},"155":{"start":{"line":380,"column":16},"end":{"line":380,"column":56}},"156":{"start":{"line":381,"column":4},"end":{"line":381,"column":34}},"157":{"start":{"line":382,"column":4},"end":{"line":382,"column":25}},"158":{"start":{"line":384,"column":3},"end":{"line":391,"column":6}},"159":{"start":{"line":385,"column":4},"end":{"line":385,"column":31}},"160":{"start":{"line":386,"column":4},"end":{"line":386,"column":25}},"161":{"start":{"line":387,"column":27},"end":{"line":387,"column":63}},"162":{"start":{"line":388,"column":4},"end":{"line":390,"column":7}},"163":{"start":{"line":388,"column":35},"end":{"line":388,"column":36}},"164":{"start":{"line":388,"column":36},"end":{"line":388,"column":37}},"165":{"start":{"line":388,"column":39},"end":{"line":388,"column":40}},"166":{"start":{"line":389,"column":5},"end":{"line":389,"column":26}},"167":{"start":{"line":396,"column":9},"end":{"line":409,"column":null}},"168":{"start":{"line":396,"column":2},"end":{"line":396,"column":9}},"169":{"start":{"line":397,"column":3},"end":{"line":399,"column":null}},"170":{"start":{"line":398,"column":4},"end":{"line":398,"column":49}},"171":{"start":{"line":398,"column":28},"end":{"line":398,"column":48}},"172":{"start":{"line":401,"column":20},"end":{"line":401,"column":53}},"173":{"start":{"line":402,"column":26},"end":{"line":402,"column":62}},"174":{"start":{"line":404,"column":3},"end":{"line":406,"column":6}},"175":{"start":{"line":404,"column":37},"end":{"line":404,"column":38}},"176":{"start":{"line":404,"column":38},"end":{"line":404,"column":39}},"177":{"start":{"line":404,"column":41},"end":{"line":404,"column":42}},"178":{"start":{"line":405,"column":4},"end":{"line":405,"column":25}},"179":{"start":{"line":408,"column":3},"end":{"line":408,"column":19}},"180":{"start":{"line":410,"column":1},"end":{"line":410,"column":3}},"181":{"start":{"line":412,"column":1},"end":{"line":412,"column":25}},"182":{"start":{"line":414,"column":1},"end":{"line":414,"column":71}},"183":{"start":{"line":416,"column":1},"end":{"line":416,"column":14}},"184":{"start":{"line":419,"column":28},"end":{"line":438,"column":1}},"185":{"start":{"line":420,"column":44},"end":{"line":420,"column":null}},"186":{"start":{"line":422,"column":20},"end":{"line":426,"column":null}},"187":{"start":{"line":425,"column":5},"end":{"line":425,"column":53}},"188":{"start":{"line":429,"column":3},"end":{"line":429,"column":19}},"189":{"start":{"line":431,"column":1},"end":{"line":431,"column":3}},"190":{"start":{"line":433,"column":1},"end":{"line":433,"column":25}},"191":{"start":{"line":435,"column":1},"end":{"line":435,"column":70}},"192":{"start":{"line":437,"column":1},"end":{"line":437,"column":14}},"193":{"start":{"line":441,"column":1},"end":{"line":441,"column":32}},"194":{"start":{"line":445,"column":9},"end":{"line":445,"column":19}},"195":{"start":{"line":445,"column":21},"end":{"line":445,"column":37}},"196":{"start":{"line":445,"column":39},"end":{"line":445,"column":50}},"197":{"start":{"line":446,"column":9},"end":{"line":446,"column":17}},"198":{"start":{"line":447,"column":1},"end":{"line":447,"column":76}},"199":{"start":{"line":451,"column":1},"end":{"line":451,"column":20}},"200":{"start":{"line":460,"column":1},"end":{"line":476,"column":null}},"201":{"start":{"line":462,"column":3},"end":{"line":462,"column":40}},"202":{"start":{"line":463,"column":3},"end":{"line":463,"column":9}},"203":{"start":{"line":465,"column":3},"end":{"line":465,"column":35}},"204":{"start":{"line":466,"column":3},"end":{"line":466,"column":9}},"205":{"start":{"line":468,"column":3},"end":{"line":468,"column":35}},"206":{"start":{"line":469,"column":3},"end":{"line":469,"column":9}},"207":{"start":{"line":471,"column":3},"end":{"line":471,"column":38}},"208":{"start":{"line":472,"column":3},"end":{"line":472,"column":9}},"209":{"start":{"line":474,"column":3},"end":{"line":474,"column":34}},"210":{"start":{"line":475,"column":3},"end":{"line":475,"column":9}},"211":{"start":{"line":478,"column":1},"end":{"line":485,"column":null}},"212":{"start":{"line":479,"column":2},"end":{"line":479,"column":16}},"213":{"start":{"line":481,"column":14},"end":{"line":481,"column":107}},"214":{"start":{"line":482,"column":2},"end":{"line":482,"column":20}},"215":{"start":{"line":484,"column":2},"end":{"line":484,"column":23}},"216":{"start":{"line":492,"column":7},"end":{"line":494,"column":3}},"217":{"start":{"line":496,"column":7},"end":{"line":496,"column":69}},"218":{"start":{"line":498,"column":1},"end":{"line":522,"column":4}},"219":{"start":{"line":498,"column":35},"end":{"line":522,"column":3}},"220":{"start":{"line":499,"column":33},"end":{"line":506,"column":null}},"221":{"start":{"line":503,"column":4},"end":{"line":503,"column":null}},"222":{"start":{"line":499,"column":8},"end":{"line":499,"column":33}},"223":{"start":{"line":508,"column":6},"end":{"line":508,"column":26}},"224":{"start":{"line":509,"column":9},"end":{"line":509,"column":62}},"225":{"start":{"line":511,"column":7},"end":{"line":511,"column":18}},"226":{"start":{"line":512,"column":4},"end":{"line":512,"column":25}},"227":{"start":{"line":515,"column":3},"end":{"line":520,"column":5}},"228":{"start":{"line":528,"column":36},"end":{"line":560,"column":3}},"229":{"start":{"line":562,"column":1},"end":{"line":562,"column":18}},"230":{"start":{"line":565,"column":0},"end":{"line":565,"column":null}},"231":{"start":{"line":566,"column":9},"end":{"line":566,"column":49}},"232":{"start":{"line":578,"column":9},"end":{"line":581,"column":53}},"233":{"start":{"line":587,"column":1},"end":{"line":671,"column":3}},"234":{"start":{"line":587,"column":9},"end":{"line":671,"column":3}},"235":{"start":{"line":588,"column":6},"end":{"line":588,"column":10}},"236":{"start":{"line":589,"column":3},"end":{"line":589,"column":38}},"237":{"start":{"line":590,"column":3},"end":{"line":593,"column":6}},"238":{"start":{"line":591,"column":4},"end":{"line":591,"column":27}},"239":{"start":{"line":592,"column":4},"end":{"line":592,"column":26}},"240":{"start":{"line":595,"column":3},"end":{"line":595,"column":26}},"241":{"start":{"line":597,"column":3},"end":{"line":597,"column":10}},"242":{"start":{"line":600,"column":2},"end":{"line":605,"column":4}},"243":{"start":{"line":607,"column":2},"end":{"line":607,"column":28}},"244":{"start":{"line":609,"column":2},"end":{"line":609,"column":57}},"245":{"start":{"line":611,"column":10},"end":{"line":611,"column":42}},"246":{"start":{"line":613,"column":6},"end":{"line":613,"column":33}},"247":{"start":{"line":614,"column":3},"end":{"line":614,"column":75}},"248":{"start":{"line":616,"column":3},"end":{"line":616,"column":8}},"249":{"start":{"line":616,"column":25},"end":{"line":616,"column":61}},"250":{"start":{"line":616,"column":3},"end":{"line":616,"column":61}},"251":{"start":{"line":618,"column":3},"end":{"line":631,"column":5}},"252":{"start":{"line":634,"column":9},"end":{"line":634,"column":76}},"253":{"start":{"line":635,"column":3},"end":{"line":658,"column":7}},"254":{"start":{"line":638,"column":14},"end":{"line":638,"column":18}},"255":{"start":{"line":638,"column":20},"end":{"line":638,"column":24}},"256":{"start":{"line":641,"column":24},"end":{"line":643,"column":54}},"257":{"start":{"line":645,"column":6},"end":{"line":647,"column":null}},"258":{"start":{"line":646,"column":7},"end":{"line":646,"column":26}},"259":{"start":{"line":649,"column":6},"end":{"line":652,"column":9}},"260":{"start":{"line":655,"column":6},"end":{"line":655,"column":37}},"261":{"start":{"line":656,"column":6},"end":{"line":656,"column":24}},"262":{"start":{"line":660,"column":3},"end":{"line":665,"column":5}},"263":{"start":{"line":667,"column":3},"end":{"line":667,"column":22}},"264":{"start":{"line":670,"column":2},"end":{"line":670,"column":25}},"265":{"start":{"line":673,"column":1},"end":{"line":748,"column":3}},"266":{"start":{"line":686,"column":49},"end":{"line":748,"column":3}},"267":{"start":{"line":688,"column":2},"end":{"line":688,"column":21}},"268":{"start":{"line":692,"column":2},"end":{"line":697,"column":null}},"269":{"start":{"line":693,"column":9},"end":{"line":693,"column":54}},"270":{"start":{"line":694,"column":3},"end":{"line":694,"column":43}},"271":{"start":{"line":696,"column":3},"end":{"line":696,"column":24}},"272":{"start":{"line":699,"column":2},"end":{"line":703,"column":null}},"273":{"start":{"line":700,"column":3},"end":{"line":702,"column":null}},"274":{"start":{"line":701,"column":4},"end":{"line":701,"column":61}},"275":{"start":{"line":705,"column":8},"end":{"line":705,"column":63}},"276":{"start":{"line":708,"column":2},"end":{"line":723,"column":null}},"277":{"start":{"line":709,"column":3},"end":{"line":712,"column":5}},"278":{"start":{"line":714,"column":3},"end":{"line":722,"column":null}},"279":{"start":{"line":716,"column":4},"end":{"line":716,"column":26}},"280":{"start":{"line":718,"column":4},"end":{"line":721,"column":6}},"281":{"start":{"line":725,"column":8},"end":{"line":728,"column":4}},"282":{"start":{"line":732,"column":2},"end":{"line":739,"column":5}},"283":{"start":{"line":741,"column":17},"end":{"line":745,"column":null}},"284":{"start":{"line":741,"column":8},"end":{"line":745,"column":null}},"285":{"start":{"line":747,"column":2},"end":{"line":747,"column":55}},"286":{"start":{"line":750,"column":1},"end":{"line":784,"column":3}},"287":{"start":{"line":752,"column":39},"end":{"line":784,"column":3}},"288":{"start":{"line":754,"column":2},"end":{"line":754,"column":21}},"289":{"start":{"line":756,"column":8},"end":{"line":758,"column":15}},"290":{"start":{"line":760,"column":2},"end":{"line":765,"column":null}},"291":{"start":{"line":761,"column":9},"end":{"line":761,"column":60}},"292":{"start":{"line":762,"column":3},"end":{"line":762,"column":32}},"293":{"start":{"line":764,"column":3},"end":{"line":764,"column":24}},"294":{"start":{"line":767,"column":8},"end":{"line":767,"column":63}},"295":{"start":{"line":769,"column":8},"end":{"line":772,"column":4}},"296":{"start":{"line":774,"column":23},"end":{"line":781,"column":null}},"297":{"start":{"line":774,"column":62},"end":{"line":781,"column":4}},"298":{"start":{"line":775,"column":3},"end":{"line":775,"column":42}},"299":{"start":{"line":777,"column":3},"end":{"line":780,"column":5}},"300":{"start":{"line":774,"column":8},"end":{"line":774,"column":23}},"301":{"start":{"line":783,"column":2},"end":{"line":783,"column":20}},"302":{"start":{"line":786,"column":1},"end":{"line":800,"column":3}},"303":{"start":{"line":787,"column":10},"end":{"line":787,"column":36}},"304":{"start":{"line":789,"column":50},"end":{"line":790,"column":7}},"305":{"start":{"line":790,"column":3},"end":{"line":790,"column":51}},"306":{"start":{"line":792,"column":2},"end":{"line":794,"column":null}},"307":{"start":{"line":793,"column":3},"end":{"line":793,"column":42}},"308":{"start":{"line":795,"column":2},"end":{"line":797,"column":null}},"309":{"start":{"line":796,"column":3},"end":{"line":796,"column":33}},"310":{"start":{"line":799,"column":2},"end":{"line":799,"column":56}},"311":{"start":{"line":802,"column":1},"end":{"line":816,"column":3}},"312":{"start":{"line":803,"column":10},"end":{"line":803,"column":36}},"313":{"start":{"line":805,"column":47},"end":{"line":806,"column":7}},"314":{"start":{"line":806,"column":3},"end":{"line":806,"column":45}},"315":{"start":{"line":808,"column":2},"end":{"line":810,"column":null}},"316":{"start":{"line":809,"column":3},"end":{"line":809,"column":39}},"317":{"start":{"line":811,"column":2},"end":{"line":813,"column":null}},"318":{"start":{"line":812,"column":3},"end":{"line":812,"column":30}},"319":{"start":{"line":815,"column":2},"end":{"line":815,"column":50}},"320":{"start":{"line":818,"column":1},"end":{"line":920,"column":3}},"321":{"start":{"line":833,"column":73},"end":{"line":920,"column":3}},"322":{"start":{"line":835,"column":2},"end":{"line":835,"column":21}},"323":{"start":{"line":839,"column":2},"end":{"line":844,"column":null}},"324":{"start":{"line":840,"column":9},"end":{"line":840,"column":53}},"325":{"start":{"line":841,"column":3},"end":{"line":841,"column":45}},"326":{"start":{"line":843,"column":3},"end":{"line":843,"column":24}},"327":{"start":{"line":846,"column":6},"end":{"line":846,"column":29}},"328":{"start":{"line":847,"column":9},"end":{"line":847,"column":47}},"329":{"start":{"line":849,"column":3},"end":{"line":855,"column":null}},"330":{"start":{"line":850,"column":10},"end":{"line":851,"column":89}},"331":{"start":{"line":852,"column":4},"end":{"line":852,"column":40}},"332":{"start":{"line":854,"column":4},"end":{"line":854,"column":25}},"333":{"start":{"line":857,"column":3},"end":{"line":879,"column":null}},"334":{"start":{"line":858,"column":4},"end":{"line":861,"column":6}},"335":{"start":{"line":863,"column":4},"end":{"line":870,"column":6}},"336":{"start":{"line":872,"column":4},"end":{"line":878,"column":null}},"337":{"start":{"line":873,"column":11},"end":{"line":874,"column":74}},"338":{"start":{"line":875,"column":5},"end":{"line":875,"column":38}},"339":{"start":{"line":877,"column":5},"end":{"line":877,"column":26}},"340":{"start":{"line":881,"column":21},"end":{"line":881,"column":null}},"341":{"start":{"line":881,"column":9},"end":{"line":881,"column":21}},"342":{"start":{"line":883,"column":3},"end":{"line":883,"column":18}},"343":{"start":{"line":885,"column":9},"end":{"line":885,"column":36}},"344":{"start":{"line":886,"column":9},"end":{"line":887,"column":50}},"345":{"start":{"line":889,"column":3},"end":{"line":894,"column":null}},"346":{"start":{"line":890,"column":10},"end":{"line":890,"column":61}},"347":{"start":{"line":891,"column":4},"end":{"line":891,"column":33}},"348":{"start":{"line":893,"column":4},"end":{"line":893,"column":25}},"349":{"start":{"line":896,"column":9},"end":{"line":896,"column":64}},"350":{"start":{"line":898,"column":9},"end":{"line":901,"column":5}},"351":{"start":{"line":903,"column":3},"end":{"line":914,"column":null}},"352":{"start":{"line":904,"column":4},"end":{"line":909,"column":null}},"353":{"start":{"line":905,"column":11},"end":{"line":905,"column":36}},"354":{"start":{"line":906,"column":5},"end":{"line":906,"column":41}},"355":{"start":{"line":908,"column":5},"end":{"line":908,"column":26}},"356":{"start":{"line":911,"column":4},"end":{"line":911,"column":42}},"357":{"start":{"line":913,"column":4},"end":{"line":913,"column":28}},"358":{"start":{"line":916,"column":23},"end":{"line":916,"column":null}},"359":{"start":{"line":916,"column":9},"end":{"line":916,"column":19}},"360":{"start":{"line":918,"column":3},"end":{"line":918,"column":18}},"361":{"start":{"line":922,"column":1},"end":{"line":1010,"column":3}},"362":{"start":{"line":938,"column":3},"end":{"line":940,"column":15}},"363":{"start":{"line":942,"column":2},"end":{"line":963,"column":null}},"364":{"start":{"line":943,"column":20},"end":{"line":943,"column":38}},"365":{"start":{"line":945,"column":4},"end":{"line":945,"column":63}},"366":{"start":{"line":947,"column":3},"end":{"line":962,"column":null}},"367":{"start":{"line":948,"column":4},"end":{"line":953,"column":null}},"368":{"start":{"line":949,"column":5},"end":{"line":952,"column":8}},"369":{"start":{"line":955,"column":4},"end":{"line":955,"column":52}},"370":{"start":{"line":958,"column":5},"end":{"line":958,"column":67}},"371":{"start":{"line":959,"column":4},"end":{"line":959,"column":33}},"372":{"start":{"line":961,"column":4},"end":{"line":961,"column":25}},"373":{"start":{"line":965,"column":2},"end":{"line":969,"column":null}},"374":{"start":{"line":966,"column":15},"end":{"line":966,"column":67}},"375":{"start":{"line":967,"column":3},"end":{"line":967,"column":35}},"376":{"start":{"line":968,"column":3},"end":{"line":968,"column":24}},"377":{"start":{"line":971,"column":2},"end":{"line":976,"column":null}},"378":{"start":{"line":972,"column":15},"end":{"line":97
[...]
46}},"type":"cond-expr","locations":[{"start":{"line":381,"column":34},"end":{"line":381,"column":46}},{"start":{"line":381,"column":34},"end":{"line":381,"column":46}}]},"36":{"loc":{"start":{"line":387,"column":13},"end":{"line":389,"column":null}},"type":"if","locations":[{"start":{"line":387,"column":13},"end":{"line":389,"column":null}},{"start":{"line":387,"column":13},"end":{"line":389,"column":null}}]},"37":{"loc":{"start":{"line":391,"column":13},"end":{"line":393,"column":null}},"type":"if","locations":[{"start":{"line":391,"column":13},"end":{"line":393,"column":null}},{"start":{"line":391,"column":13},"end":{"line":393,"column":null}}]},"38":{"loc":{"start":{"line":404,"column":11},"end":{"line":411,"column":14}},"type":"switch","locations":[{"start":{"line":404,"column":11},"end":{"line":411,"column":14}}]},"39":{"loc":{"start":{"line":445,"column":2},"end":{"line":447,"column":null}},"type":"if","locations":[{"start":{"line":445,"column":2},"end":{"line":447,"column":null}},{"start":{"line":445,"column":2},"end":{"line":447,"column":null}}]},"40":{"loc":{"start":{"line":463,"column":2},"end":{"line":466,"column":null}},"type":"if","locations":[{"start":{"line":463,"column":2},"end":{"line":466,"column":null}},{"start":{"line":463,"column":2},"end":{"line":466,"column":null}}]}},"s":{"0":78,"1":78,"2":78,"3":78,"4":78,"5":78,"6":78,"7":78,"8":78,"9":78,"10":78,"11":78,"12":78,"13":78,"14":78,"15":78,"16":78,"17":0,"18":0,"19":0,"20":0,"21":0,"22":0,"23":78,"24":0,"25":0,"26":0,"27":0,"28":0,"29":0,"30":0,"31":0,"32":0,"33":0,"34":0,"35":78,"36":19,"37":27,"38":14,"39":14,"40":3,"41":14,"42":1,"43":13,"44":14,"45":13,"46":4,"47":4,"48":4,"49":4,"50":4,"51":13,"52":4,"53":9,"54":6,"55":9,"56":5,"57":5,"58":5,"59":9,"60":5,"61":4,"62":1,"63":4,"64":1,"65":1,"66":1,"67":4,"68":1,"69":3,"70":78,"71":0,"72":0,"73":0,"74":78,"75":0,"76":0,"77":0,"78":0,"79":0,"80":0,"81":0,"82":0,"83":0,"84":0,"85":0,"86":0,"87":0,"88":0,"89":0,"90":0,"91":0,"92":0,"93":0,"94":0,"95":0,"96":0,"97":0,"98":0,"99":0,"100":0,"101":0,"102":0,"103":0,"104":0,"105":0,"106":0,"107":0,"108":0,"109":0,"110":0,"111":0,"112":0,"113":0,"114":0,"115":0,"116":0,"117":0,"118":0,"119":0,"120":0,"121":0,"122":0,"123":0,"124":0,"125":0,"126":0,"127":0,"128":0,"129":0,"130":0,"131":0,"132":0,"133":0,"134":0,"135":0,"136":0,"137":0,"138":0,"139":0,"140":0,"141":0,"142":0,"143":0,"144":0,"145":0,"146":0,"147":0,"148":0,"149":0,"150":0,"151":0,"152":0,"153":0,"154":0,"155":0,"156":0,"157":0,"158":0,"159":0,"160":0,"161":0,"162":0,"163":0,"164":0,"165":0,"166":0,"167":0,"168":78,"169":0,"170":0,"171":0,"172":0,"173":0,"174":78,"175":0,"176":78,"177":0,"178":0,"179":0,"180":0,"181":0,"182":78,"183":78},"f":{"0":78,"1":78,"2":78,"3":0,"4":0,"5":14,"6":3,"7":14,"8":4,"9":4,"10":4,"11":6,"12":5,"13":1,"14":1,"15":0,"16":0,"17":0,"18":0,"19":0,"20":0,"21":0,"22":0,"23":0,"24":0,"25":0,"26":0,"27":0,"28":0,"29":0,"30":0,"31":0,"32":0,"33":0,"34":0,"35":0,"36":0,"37":0,"38":0,"39":0},"b":{"0":[78,78],"1":[78,78],"2":[0,0],"3":[0,0],"4":[5,9],"5":[13,1],"6":[14,3],"7":[3,2],"8":[1,13],"9":[14,2],"10":[14,4],"11":[13,4,10],"12":[4,9],"13":[5,4],"14":[6,6],"15":[5,0],"16":[2,3],"17":[5,4],"18":[1,3],"19":[1,1],"20":[1,0],"21":[0,1],"22":[1,3],"23":[0,0],"24":[0],"25":[0,0],"26":[0,0],"27":[0,0],"28":[0,0],"29":[0,0],"30":[0,0],"31":[0,0],"32":[0,0],"33":[0,0],"34":[0,0],"35":[0,0],"36":[0,0],"37":[0,0],"38":[0],"39":[0,0],"40":[0,0]}}
,"/Users/crolly/go/src/github.com/crolly/amplify-js/packages/datastore/src/sync/processors/sync.ts": {"path":"/Users/crolly/go/src/github.com/crolly/amplify-js/packages/datastore/src/sync/processors/sync.ts","statementMap":{"0":{"start":{"line":1,"column":0},"end":{"line":1,"column":54}},"1":{"start":{"line":2,"column":0},"end":{"line":2,"column":43}},"2":{"start":{"line":11,"column":0},"end":{"line":11,"column":75}},"3":{"start":{"line":12,"column":0},"end":{"line":12,"column":null}},"4":{"start":{"line":16,"column":0},"end":{"line":16,"column":57}},"5":{"start":{"line":18,"column":15},"end":{"line":18,"column":38}},"6":{"start":{"line":20,"column":33},"end":{"line":20,"column":37}},"7":{"start":{"line":21,"column":36},"end":{"line":21,"column":41}},"8":{"start":{"line":23,"column":0},"end":{"line":23,"column":null}},"9":{"start":{"line":28,"column":19},"end":{"line":28,"column":null}},"10":{"start":{"line":29,"column":19},"end":{"line":29,"column":null}},"11":{"start":{"line":27,"column":19},"end":{"line":27,"column":41}},"12":{"start":{"line":28,"column":19},"end":{"line":28,"column":73}},"13":{"start":{"line":29,"column":19},"end":{"line":29,"column":66}},"14":{"start":{"line":30,"column":19},"end":{"line":30,"column":76}},"15":{"start":{"line":24,"column":18},"end":{"line":24,"column":75}},"16":{"start":{"line":32,"column":2},"end":{"line":32,"column":25}},"17":{"start":{"line":35,"column":9},"end":{"line":49,"column":null}},"18":{"start":{"line":35,"column":1},"end":{"line":35,"column":9}},"19":{"start":{"line":36,"column":2},"end":{"line":48,"column":5}},"20":{"start":{"line":37,"column":3},"end":{"line":47,"column":7}},"21":{"start":{"line":38,"column":15},"end":{"line":38,"column":23}},"22":{"start":{"line":38,"column":30},"end":{"line":38,"column":39}},"23":{"start":{"line":40,"column":11},"end":{"line":40,"column":12}},"24":{"start":{"line":40,"column":12},"end":{"line":40,"column":15}},"25":{"start":{"line":40,"column":15},"end":{"line":40,"column":30}},"26":{"start":{"line":46,"column":5},"end":{"line":46,"column":44}},"27":{"start":{"line":51,"column":9},"end":{"line":65,"column":null}},"28":{"start":{"line":52,"column":2},"end":{"line":54,"column":null}},"29":{"start":{"line":53,"column":3},"end":{"line":53,"column":15}},"30":{"start":{"line":55,"column":48},"end":{"line":57,"column":null}},"31":{"start":{"line":60,"column":2},"end":{"line":62,"column":null}},"32":{"start":{"line":61,"column":3},"end":{"line":61,"column":15}},"33":{"start":{"line":64,"column":2},"end":{"line":64,"column":51}},"34":{"start":{"line":67,"column":15},"end":{"line":100,"column":null}},"35":{"start":{"line":73,"column":2},"end":{"line":73,"column":null}},"36":{"start":{"line":76,"column":8},"end":{"line":76,"column":26}},"37":{"start":{"line":78,"column":8},"end":{"line":83,"column":4}},"38":{"start":{"line":93,"column":3},"end":{"line":93,"column":null}},"39":{"start":{"line":85,"column":10},"end":{"line":85,"column":19}},"40":{"start":{"line":95,"column":10},"end":{"line":95,"column":33}},"41":{"start":{"line":97,"column":10},"end":{"line":97,"column":56}},"42":{"start":{"line":99,"column":2},"end":{"line":99,"column":55}},"43":{"start":{"line":102,"column":15},"end":{"line":144,"column":null}},"44":{"start":{"line":115,"column":9},"end":{"line":143,"column":4}},"45":{"start":{"line":116,"column":26},"end":{"line":141,"column":null}},"46":{"start":{"line":118,"column":12},"end":{"line":121,"column":8}},"47":{"start":{"line":118,"column":5},"end":{"line":121,"column":8}},"48":{"start":{"line":124,"column":11},"end":{"line":126,"column":7}},"49":{"start":{"line":125,"column":13},"end":{"line":125,"column":null}},"50":{"start":{"line":127,"column":5},"end":{"line":139,"column":null}},"51":{"start":{"line":128,"column":12},"end":{"line":128,"column":27}},"52":{"start":{"line":129,"column":6},"end":{"line":131,"column":8}},"53":{"start":{"line":130,"column":15},"end":{"line":130,"column":null}},"54":{"start":{"line":132,"column":6},"end":{"line":135,"column":8}},"55":{"start":{"line":136,"column":6},"end":{"line":136,"column":20}},"56":{"start":{"line":138,"column":6},"end":{"line":138,"column":18}},"57":{"start":{"line":115,"column":2},"end":{"line":143,"column":4}},"58":{"start":{"line":146,"column":1},"end":{"line":248,"column":null}},"59":{"start":{"line":146,"column":1},"end":{"line":146,"column":6}},"60":{"start":{"line":149,"column":19},"end":{"line":149,"column":23}},"61":{"start":{"line":152,"column":3},"end":{"line":154,"column":33}},"62":{"start":{"line":157,"column":3},"end":{"line":159,"column":30}},"63":{"start":{"line":161,"column":25},"end":{"line":161,"column":57}},"64":{"start":{"line":163,"column":21},"end":{"line":245,"column":4}},"65":{"start":{"line":164,"column":32},"end":{"line":174,"column":null}},"66":{"start":{"line":166,"column":5},"end":{"line":171,"column":null}},"67":{"start":{"line":166,"column":29},"end":{"line":168,"column":8}},"68":{"start":{"line":168,"column":6},"end":{"line":168,"column":8}},"69":{"start":{"line":166,"column":25},"end":{"line":166,"column":29}},"70":{"start":{"line":169,"column":27},"end":{"line":169,"column":73}},"71":{"start":{"line":170,"column":6},"end":{"line":170,"column":57}},"72":{"start":{"line":172,"column":5},"end":{"line":172,"column":16}},"73":{"start":{"line":177,"column":26},"end":{"line":236,"column":6}},"74":{"start":{"line":178,"column":13},"end":{"line":178,"column":16}},"75":{"start":{"line":178,"column":16},"end":{"line":178,"column":24}},"76":{"start":{"line":178,"column":32},"end":{"line":178,"column":41}},"77":{"start":{"line":179,"column":16},"end":{"line":179,"column":17}},"78":{"start":{"line":179,"column":17},"end":{"line":179,"column":32}},"79":{"start":{"line":179,"column":34},"end":{"line":179,"column":35}},"80":{"start":{"line":179,"column":35},"end":{"line":179,"column":44}},"81":{"start":{"line":179,"column":46},"end":{"line":179,"column":54}},"82":{"start":{"line":180,"column":9},"end":{"line":180,"column":22}},"83":{"start":{"line":181,"column":9},"end":{"line":181,"column":34}},"84":{"start":{"line":182,"column":9},"end":{"line":182,"column":34}},"85":{"start":{"line":183,"column":9},"end":{"line":183,"column":47}},"86":{"start":{"line":185,"column":9},"end":{"line":185,"column":29}},"87":{"start":{"line":186,"column":11},"end":{"line":186,"column":69}},"88":{"start":{"line":188,"column":11},"end":{"line":190,"column":58}},"89":{"start":{"line":191,"column":11},"end":{"line":193,"column":7}},"90":{"start":{"line":192,"column":6},"end":{"line":192,"column":null}},"91":{"start":{"line":195,"column":11},"end":{"line":231,"column":8}},"92":{"start":{"line":195,"column":48},"end":{"line":231,"column":7}},"93":{"start":{"line":196,"column":6},"end":{"line":196,"column":34}},"94":{"start":{"line":199,"column":7},"end":{"line":201,"column":null}},"95":{"start":{"line":200,"column":8},"end":{"line":200,"column":15}},"96":{"start":{"line":203,"column":13},"end":{"line":206,"column":9}},"97":{"start":{"line":208,"column":42},"end":{"line":214,"column":9}},"98":{"start":{"line":208,"column":7},"end":{"line":214,"column":10}},"99":{"start":{"line":216,"column":7},"end":{"line":216,"column":39}},"100":{"start":{"line":218,"column":7},"end":{"line":218,"column":72}},"101":{"start":{"line":220,"column":7},"end":{"line":227,"column":10}},"102":{"start":{"line":228,"column":15},"end":{"line":228,"column":null}},"103":{"start":{"line":228,"column":20},"end":{"line":228,"column":null}},"104":{"start":{"line":230,"column":6},"end":{"line":230,"column":12}},"105":{"start":{"line":233,"column":5},"end":{"line":233,"column":73}},"106":{"start":{"line":235,"column":5},"end":{"line":235,"column":19}},"107":{"start":{"line":238,"column":3},"end":{"line":240,"column":6}},"108":{"start":{"line":239,"column":4},"end":{"line":239,"column":24}},"109":{"start":{"line":242,"column":3},"end":{"line":244,"column":5}},"110":{"start":{"line":243,"column":4},"end":{"line":243,"column":23}},"111":{"start":{"line":247,"column":2},"end":{"line":247,"column":20}},"112":{"start":{"line":249,"column":0},"end":{"line":249,"column":null}},"113":{"start":{"line":260,"column":9},"end":{"line":260,"column":22}}},"fnMap":{"0":{"name":"(anonymous_17)","decl":{"start":{"line":23,"column":0},"end":{"line":23,"column":null}},"loc":{"start":{"line":23,"column":0},"end":{"line":249,"column":null}}},"1":{"name":"SyncProcessor","decl":{"start":{"line":26,"column":1},"end":{"line":26,"column":null}},"loc":{"start":{"line":30,"column":76},"end":{"line":33,"column":2}}},"2":{"name":"(anonymous_19)","decl":{"start":{"line":35,"column":1},"end":{"line":35,"column":9}},"loc":{"start":{"line":35,"column":1},"end":{"line":49,"column":2}}},"3":{"name":"(anonymous_20)","decl":{"start":{"line":36,"column":48},"end":{"line":36,"column":57}},"loc":{"start":{"line":36,"column":57},"end":{"line":48,"column":3}}},"4":{"name":"(anonymous_21)","decl":{"start":{"line":38,"column":12},"end":{"line":38,"column":13}},"loc":{"start":{"line":38,"column":25},"end":{"line":38,"column":38}}},"5":{"name":"(anonymous_22)","decl":{"start":{"line":39,"column":13},"end":{"line":39,"column":18}},"loc":{"start":{"line":39,"column":18},"end":{"line":47,"column":5}}},"6":{"name":"(anonymous_23)","decl":{"start":{"line":51,"column":1},"end":{"line":51,"column":9}},"loc":{"start":{"line":51,"column":54},"end":{"line":65,"column":2}}},"7":{"name":"(anonymous_24)","decl":{"start":{"line":67,"column":1},"end":{"line":67,"column":15}},"loc":{"start":{"line":74,"column":23},"end":{"line":100,"column":null}}},"8":{"name":"(anonymous_27)","decl":{"start":{"line":102,"column":1},"end":{"line":102,"column":15}},"loc":{"start":{"line":105,"column":16},"end":{"line":144,"column":null}}},"9":{"name":"(anonymous_30)","decl":{"start":{"line":116,"column":3},"end":{"line":116,"column":10}},"loc":{"start":{"line":116,"column":26},"end":{"line":141,"column":null}}},"10":{"name":"(anonymous_31)","decl":{"start":{"line":116,"column":26},"end":{"line":116,"column":null}},"loc":{"start":{"line":116,"column":26},"end":{"line":141,"column":null}}},"11":{"name":"(anonymous_33)","decl":{"start":{"line":125,"column":6},"end":{"line":125,"column":9}},"loc":{"start":{"line":125,"column":9},"end":{"line":125,"column":16}}},"12":{"name":"(anonymous_34)","decl":{"start":{"line":130,"column":7},"end":{"line":130,"column":11}},"loc":{"start":{"line":130,"column":11},"end":{"line":130,"column":19}}},"13":{"name":"(anonymous_35)","decl":{"start":{"line":146,"column":1},"end":{"line":146,"column":6}},"loc":{"start":{"line":147,"column":51},"end":{"line":248,"column":2}}},"14":{"name":"(anonymous_36)","decl":{"start":{"line":163,"column":51},"end":{"line":163,"column":59}},"loc":{"start":{"line":163,"column":59},"end":{"line":245,"column":3}}},"15":{"name":"(anonymous_37)","decl":{"start":{"line":165,"column":4},"end":{"line":165,"column":5}},"loc":{"start":{"line":165,"column":19},"end":{"line":173,"column":5}}},"16":{"name":"(anonymous_38)","decl":{"start":{"line":178,"column":12},"end":{"line":178,"column":13}},"loc":{"start":{"line":178,"column":27},"end":{"line":178,"column":40}}},"17":{"name":"(anonymous_39)","decl":{"start":{"line":179,"column":9},"end":{"line":179,"column":16}},"loc":{"start":{"line":179,"column":56},"end":{"line":236,"column":6}}},"18":{"name":"(anonymous_42)","decl":{"start":{"line":191,"column":34},"end":{"line":191,"column":40}},"loc":{"start":{"line":191,"column":40},"end":{"line":192,"column":20}}},"19":{"name":"(anonymous_43)","decl":{"start":{"line":195,"column":39},"end":{"line":195,"column":45}},"loc":{"start":{"line":195,"column":48},"end":{"line":231,"column":7}}},"20":{"name":"(anonymous_44)","decl":{"start":{"line":195,"column":48},"end":{"line":195,"column":null}},"loc":{"start":{"line":195,"column":48},"end":{"line":231,"column":7}}},"21":{"name":"(anonymous_46)","decl":{"start":{"line":238,"column":36},"end":{"line":238,"column":null}},"loc":{"start":{"line":238,"column":36},"end":{"line":240,"column":4}}},"22":{"name":"(anonymous_47)","decl":{"start":{"line":242,"column":10},"end":{"line":242,"column":null}},"loc":{"start":{"line":242,"column":10},"end":{"line":244,"column":4}}}},"branchMap":{"0":{"loc":{"start":{"line":28,"column":19},"end":{"line":28,"column":null}},"type":"if","locations":[{"start":{"line":28,"column":19},"end":{"line":28,"column":null}},{"start":{"line":28,"column":19},"end":{"line":28,"column":null}}]},"1":{"loc":{"start":{"line":29,"column":19},"end":{"line":29,"column":null}},"type":"if","locations":[{"start":{"line":29,"column":19},"end":{"line":29,"column":null}},{"start":{"line":29,"column":19},"end":{"line":29,"column":null}}]},"2":{"loc":{"start":{"line":52,"column":2},"end":{"line":54,"column":null}},"type":"if","locations":[{"start":{"line":52,"column":2},"end":{"line":54,"column":null}},{"start":{"line":52,"column":2},"end":{"line":54,"column":null}}]},"3":{"loc":{"start":{"line":60,"column":2},"end":{"line":62,"column":null}},"type":"if","locations":[{"start":{"line":60,"column":2},"end":{"line":62,"column":null}},{"start":{"line":60,"column":2},"end":{"line":62,"column":null}}]},"4":{"loc":{"start":{"line":73,"column":2},"end":{"line":73,"column":null}},"type":"if","locations":[{"start":{"line":73,"column":2},"end":{"line":73,"column":null}},{"start":{"line":73,"column":2},"end":{"line":73,"column":null}}]},"5":{"loc":{"start":{"line":115,"column":9},"end":{"line":143,"column":4}},"type":"switch","locations":[{"start":{"line":115,"column":9},"end":{"line":143,"column":4}},{"start":{"line":115,"column":2},"end":{"line":143,"column":4}}]},"6":{"loc":{"start":{"line":118,"column":5},"end":{"line":121,"column":8}},"type":"switch","locations":[{"start":{"line":118,"column":5},"end":{"line":121,"column":8}}]},"7":{"loc":{"start":{"line":127,"column":5},"end":{"line":139,"column":null}},"type":"if","locations":[{"start":{"line":127,"column":5},"end":{"line":139,"column":null}},{"start":{"line":127,"column":5},"end":{"line":139,"column":null}}]},"8":{"loc":{"start":{"line":153,"column":6},"end":{"line":153,"column":27}},"type":"cond-expr","locations":[{"start":{"line":153,"column":6},"end":{"line":153,"column":27}},{"start":{"line":154,"column":6},"end":{"line":154,"column":33}}]},"9":{"loc":{"start":{"line":158,"column":6},"end":{"line":158,"column":23}},"type":"cond-expr","locations":[{"start":{"line":158,"column":6},"end":{"line":158,"column":23}},{"start":{"line":159,"column":6},"end":{"line":159,"column":30}}]},"10":{"loc":{"start":{"line":196,"column":6},"end":{"line":196,"column":34}},"type":"switch","locations":[{"start":{"line":196,"column":6},"end":{"line":196,"column":34}}]},"11":{"loc":{"start":{"line":199,"column":7},"end":{"line":201,"column":null}},"type":"if","locations":[{"start":{"line":199,"column":7},"end":{"line":201,"column":null}},{"start":{"line":199,"column":7},"end":{"line":201,"column":null}}]},"12":{"loc":{"start":{"line":218,"column":14},"end":{"line":218,"column":32}},"type":"binary-expr","locations":[{"start":{"line":218,"column":14},"end":{"line":218,"column":32}},{"start":{"line":218,"column":36},"end":{"line":218,"column":71}}]},"13":{"loc":{"start":{"line":228,"column":15},"end":{"line":228,"column":null}},"type":"if","locations":[{"start":{"line":228,"column":15},"end":{"line":228,"column":null}},{"start":{"line":228,"column":15},"end":{"line":228,"column":null}}]}},"s":{"0":77,"1":77,"2":77,"3":77,"4":77,"5":77,"6":77,"7":77,"8":77,"9":0,"10":0,"11":0,"12":0,"13":0,"14":0,"15":0,"16":0,"17":77,"18":0,"19":0,"20":0,"21":0,"22":0,"23":0,"24":0,"25":0,"26":0,"27":77,"28":0,"29":0,"30":0,"31":0,"32":0,"33":0,"34":77,"35":0,"36":0,"37":0,"38":0,"39":0,"40":0,"41":0,"42":0,"43":77,"44":0,"45":0,"46":0,"47":0,"48":0,"49":0,"50":0,"51":0,"52":0,"53":0,"54":0,"55":0,"56":0,"57":0,"58":77,"59":0,"60":0,"61":0,"62":0,"63":0,"64":0,"65":0,"66":0,"67":0,"68":0,"69":0,"70":0,"71":0,"72":0,"73":0,"74":0,"75":0,"76":0,"77":0,"78":0,"79":0,"80":0,"81":0,"82":0,"83":0,"84":0,"85":0,"86":0,"87":0,"88":0,"89":0,"90":0,"91":0,"92":0,"93":0,"94":0,"95":0,"96":0,"97":0,"98":0,"99":0,"100":0,"101":0,"102":0,"103":0,"104":0,"105":0,"106":0,"107":0,"108":0,"109":0,"110":0,"111":0,"112":77,"113":77},"f":{"0":77,"1":0,"2":0,"3":0,"4":0,"5":0,"6":0,"7":0,"8":0,"9":0,"10":0,"11":0,"12":0,"13":0,"14":0,"15":0,"16":0,"17":0,"18":0,"19":0,"20":0,"21":0,"22":0},"b":{"0":[0,0],"1":[0,0],"2":[0,0],"3":[0,0],"4":[0,0],"5":[0,0],"6":[0],"7":[0,0],"8":[0,0],"9":[0,0],"10":[0],"11":[0,0],"12":[0,0],"13":[0,0]}}
}
