TN:
SF:/Users/crolly/go/src/github.com/crolly/amplify-js/packages/datastore/__tests__/model.ts
FNF:0
FNH:0
DA:7,1
DA:8,1
DA:108,1
DA:109,1
DA:110,1
DA:111,1
DA:112,1
DA:113,1
DA:114,1
DA:115,1
DA:116,1
DA:117,1
DA:129,1
DA:131,1
DA:132,1
DA:133,1
DA:134,1
DA:135,1
DA:136,1
DA:137,1
DA:138,1
DA:139,1
LF:22
LH:22
BRF:0
BRH:0
end_of_record
TN:
SF:/Users/crolly/go/src/github.com/crolly/amplify-js/packages/datastore/__tests__/schema.ts
FNF:0
FNH:0
DA:3,3
DA:414,3
DA:463,3
DA:519,3
LF:4
LH:4
BRF:0
BRH:0
end_of_record
TN:
SF:/Users/crolly/go/src/github.com/crolly/amplify-js/packages/datastore/src/index.ts
FNF:0
FNH:0
DA:1,1
DA:2,1
DA:3,1
LF:3
LH:3
BRF:0
BRH:0
end_of_record
TN:
SF:/Users/crolly/go/src/github.com/crolly/amplify-js/packages/datastore/src/types.ts
FN:43,isSchemaModel
FN:62,isAssociatedWith
FN:70,isTargetNameAssociation
FN:80,(anonymous_16)
FN:97,(anonymous_17)
FN:98,getJSType
FN:124,getValidationFunction
FN:162,isGraphQLScalarType
FN:169,isModelFieldType
FN:177,isNonModelFieldType
FN:185,isEnumFieldType
FN:242,(anonymous_24)
FN:346,isPredicateObj
FN:352,isPredicateGroup
FN:364,(anonymous_27)
FN:426,(anonymous_28)
FN:535,syncExpression
FNF:17
FNH:13
FNDA:37,isSchemaModel
FNDA:0,isAssociatedWith
FNDA:16,isTargetNameAssociation
FNDA:82,(anonymous_16)
FNDA:82,(anonymous_17)
FNDA:1616,getJSType
FNDA:1616,getValidationFunction
FNDA:2104,isGraphQLScalarType
FNDA:0,isModelFieldType
FNDA:95,isNonModelFieldType
FNDA:48,isEnumFieldType
FNDA:82,(anonymous_24)
FNDA:231,isPredicateObj
FNDA:0,isPredicateGroup
FNDA:82,(anonymous_27)
FNDA:82,(anonymous_28)
FNDA:0,syncExpression
DA:2,82
DA:43,82
DA:44,37
DA:62,82
DA:63,0
DA:70,82
DA:73,16
DA:80,82
DA:81,82
DA:82,82
DA:83,82
DA:84,82
DA:85,82
DA:86,82
DA:87,82
DA:88,82
DA:89,82
DA:90,82
DA:91,82
DA:92,82
DA:93,82
DA:94,82
DA:97,82
DA:98,82
DA:101,1616
DA:103,0
DA:114,1616
DA:118,0
DA:120,0
DA:124,82
DA:127,1616
DA:129,0
DA:131,0
DA:133,51
DA:135,0
DA:137,5
DA:139,0
DA:141,0
DA:143,0
DA:145,7
DA:147,1553
DA:162,82
DA:165,2104
DA:169,82
DA:170,0
DA:171,0
DA:173,0
DA:177,82
DA:178,95
DA:179,95
DA:181,79
DA:185,82
DA:186,48
DA:187,48
DA:189,48
DA:242,82
DA:243,82
DA:244,82
DA:245,82
DA:346,82
DA:349,231
DA:352,82
DA:355,0
DA:364,82
DA:365,82
DA:366,82
DA:426,82
DA:427,82
DA:428,82
DA:535,82
DA:545,0
DA:568,82
LF:72
LH:57
BRDA:44,0,0,37
BRDA:44,0,1,37
BRDA:63,1,0,0
BRDA:63,1,1,0
BRDA:73,2,0,16
BRDA:73,2,1,16
BRDA:80,3,0,82
BRDA:80,3,1,82
BRDA:102,4,0,0
BRDA:102,4,1,545
BRDA:102,4,2,1553
BRDA:102,4,3,1553
BRDA:102,4,4,1553
BRDA:102,4,5,1604
BRDA:102,4,6,1609
BRDA:102,4,7,1609
BRDA:102,4,8,1609
BRDA:102,4,9,1609
BRDA:102,4,10,1616
BRDA:102,4,11,0
BRDA:102,4,12,0
BRDA:102,4,13,0
BRDA:102,4,14,0
BRDA:128,5,0,0
BRDA:128,5,1,0
BRDA:128,5,2,51
BRDA:128,5,3,0
BRDA:128,5,4,5
BRDA:128,5,5,0
BRDA:128,5,6,0
BRDA:128,5,7,0
BRDA:128,5,8,7
BRDA:128,5,9,1553
BRDA:97,6,0,82
BRDA:97,6,1,0
BRDA:165,7,0,2104
BRDA:165,7,1,2104
BRDA:171,8,0,0
BRDA:171,8,1,0
BRDA:171,9,0,0
BRDA:171,9,1,0
BRDA:179,10,0,16
BRDA:179,10,1,79
BRDA:179,11,0,95
BRDA:179,11,1,95
BRDA:187,12,0,0
BRDA:187,12,1,48
BRDA:187,13,0,48
BRDA:187,13,1,48
BRDA:242,14,0,82
BRDA:242,14,1,82
BRDA:349,15,0,231
BRDA:349,15,1,231
BRDA:355,16,0,0
BRDA:355,16,1,0
BRDA:364,17,0,82
BRDA:364,17,1,82
BRDA:426,18,0,82
BRDA:426,18,1,82
BRF:59
BRH:38
end_of_record
TN:
SF:/Users/crolly/go/src/github.com/crolly/amplify-js/packages/datastore/src/util.ts
FN:23,(anonymous_17)
FN:29,(anonymous_18)
FN:33,(anonymous_19)
FN:60,(anonymous_20)
FN:79,(anonymous_21)
FN:116,(anonymous_22)
FN:124,(anonymous_23)
FN:129,(anonymous_24)
FN:133,(anonymous_25)
FN:158,(anonymous_26)
FN:162,(anonymous_27)
FN:180,(anonymous_28)
FN:203,(anonymous_29)
FN:204,(anonymous_30)
FN:294,(anonymous_31)
FN:303,(anonymous_32)
FN:305,(anonymous_33)
FN:313,(anonymous_34)
FN:317,(anonymous_35)
FN:321,(anonymous_36)
FN:337,(anonymous_37)
FN:338,(anonymous_38)
FN:342,(anonymous_39)
FN:348,(anonymous_40)
FN:376,(anonymous_43)
FN:379,(anonymous_44)
FN:380,monotonicUlidFactory
FN:383,(anonymous_46)
FN:400,getNow
FN:412,sortCompareFunction
FN:415,compareFunction
FN:437,(anonymous_50)
FN:441,(anonymous_51)
FN:445,(anonymous_52)
FN:449,(anonymous_53)
FN:453,(anonymous_54)
FN:457,(anonymous_55)
FN:466,(anonymous_56)
FN:474,(anonymous_57)
FN:478,(anonymous_58)
FNF:40
FNH:38
FNDA:189,(anonymous_17)
FNDA:1658,(anonymous_18)
FNDA:60,(anonymous_19)
FNDA:50,(anonymous_20)
FNDA:50,(anonymous_21)
FNDA:1175,(anonymous_22)
FNDA:224,(anonymous_23)
FNDA:365,(anonymous_24)
FNDA:1650,(anonymous_25)
FNDA:153,(anonymous_26)
FNDA:34,(anonymous_27)
FNDA:98,(anonymous_28)
FNDA:98,(anonymous_29)
FNDA:163,(anonymous_30)
FNDA:72,(anonymous_31)
FNDA:199,(anonymous_32)
FNDA:502,(anonymous_33)
FNDA:104,(anonymous_34)
FNDA:119,(anonymous_35)
FNDA:82,(anonymous_36)
FNDA:151,(anonymous_37)
FNDA:151,(anonymous_38)
FNDA:0,(anonymous_39)
FNDA:302,(anonymous_40)
FNDA:896,(anonymous_43)
FNDA:896,(anonymous_44)
FNDA:109,monotonicUlidFactory
FNDA:65,(anonymous_46)
FNDA:0,getNow
FNDA:4,sortCompareFunction
FNDA:18,compareFunction
FNDA:12,(anonymous_50)
FNDA:16,(anonymous_51)
FNDA:71,(anonymous_52)
FNDA:8,(anonymous_53)
FNDA:15,(anonymous_54)
FNDA:16,(anonymous_55)
FNDA:7,(anonymous_56)
FNDA:10,(anonymous_57)
FNDA:27,(anonymous_58)
DA:1,82
DA:2,82
DA:3,82
DA:4,82
DA:6,82
DA:23,189
DA:24,189
DA:25,0
DA:29,82
DA:30,1658
DA:33,82
DA:39,60
DA:41,60
DA:42,10
DA:45,50
DA:47,0
DA:48,0
DA:49,0
DA:51,50
DA:52,50
DA:54,0
DA:55,0
DA:57,0
DA:60,50
DA:61,50
DA:62,50
DA:63,50
DA:65,50
DA:68,0
DA:69,0
DA:70,0
DA:73,0
DA:76,50
DA:79,82
DA:84,50
DA:86,14
DA:88,15
DA:90,0
DA:92,0
DA:94,0
DA:96,0
DA:98,0
DA:99,0
DA:101,21
DA:103,0
DA:107,0
DA:111,0
DA:112,0
DA:116,82
DA:119,1175
DA:124,82
DA:127,224
DA:129,224
DA:130,365
DA:132,365
DA:133,365
DA:134,1650
DA:135,1650
DA:139,187
DA:140,187
DA:148,187
DA:149,102
DA:157,365
DA:158,119
DA:159,153
DA:160,34
DA:161,34
DA:162,34
DA:164,34
DA:165,34
DA:166,0
DA:175,224
DA:178,82
DA:180,82
DA:190,98
DA:191,98
DA:196,98
DA:201,98
DA:203,98
DA:204,98
DA:205,163
DA:210,163
DA:212,12
DA:213,0
DA:214,0
DA:215,0
DA:223,0
DA:229,0
DA:234,12
DA:236,85
DA:237,66
DA:238,66
DA:239,66
DA:247,66
DA:251,66
DA:252,66
DA:260,85
DA:266,85
DA:268,85
DA:271,66
DA:273,0
DA:274,0
DA:279,98
DA:285,98
DA:286,16
DA:292,98
DA:294,98
DA:295,72
DA:300,98
DA:303,82
DA:304,199
DA:305,199
DA:306,502
DA:307,199
DA:310,199
DA:313,82
DA:317,119
DA:318,104
DA:321,82
DA:322,82
DA:323,82
DA:324,82
DA:325,82
DA:328,82
DA:329,82
DA:330,82
DA:331,82
DA:333,82
DA:337,82
DA:338,151
DA:339,151
DA:342,151
DA:343,0
DA:345,0
DA:348,302
DA:349,301
DA:350,2
DA:353,302
DA:355,151
DA:357,151
DA:360,151
DA:361,150
DA:364,1
DA:365,0
DA:368,1
DA:370,1
DA:371,1
DA:372,1
DA:376,82
DA:377,896
DA:379,896
DA:380,82
DA:381,109
DA:383,109
DA:384,65
DA:400,82
DA:401,0
DA:406,0
DA:408,0
DA:412,82
DA:415,4
DA:418,30
DA:419,30
DA:422,30
DA:424,30
DA:425,8
DA:428,22
DA:429,10
DA:433,0
DA:437,82
DA:438,12
DA:441,82
DA:442,16
DA:445,82
DA:446,71
DA:449,82
DA:450,8
DA:453,82
DA:454,15
DA:457,82
DA:458,16
DA:459,16
DA:460,10
DA:462,6
DA:466,82
DA:467,7
DA:468,7
DA:470,4
DA:474,82
DA:475,10
DA:478,82
DA:479,27
LF:192
LH:156
BRDA:23,0,0,0
BRDA:23,0,1,189
BRDA:24,1,0,0
BRDA:24,1,1,189
BRDA:30,2,0,1658
BRDA:30,2,1,1651
BRDA:30,2,2,1651
BRDA:41,3,0,10
BRDA:41,3,1,50
BRDA:46,4,0,0
BRDA:46,4,1,50
BRDA:46,4,2,0
BRDA:46,4,3,0
BRDA:61,5,0,50
BRDA:61,5,1,0
BRDA:68,6,0,0
BRDA:68,6,1,0
BRDA:76,7,0,0
BRDA:76,7,1,50
BRDA:85,8,0,14
BRDA:85,8,1,15
BRDA:85,8,2,0
BRDA:85,8,3,0
BRDA:85,8,4,0
BRDA:85,8,5,0
BRDA:85,8,6,0
BRDA:85,8,7,21
BRDA:85,8,8,0
BRDA:85,8,9,0
BRDA:85,8,10,0
BRDA:99,9,0,0
BRDA:99,9,1,0
BRDA:120,10,0,1175
BRDA:120,10,1,1173
BRDA:135,11,0,187
BRDA:135,11,1,1463
BRDA:136,12,0,1650
BRDA:136,12,1,299
BRDA:148,13,0,102
BRDA:148,13,1,85
BRDA:157,14,0,119
BRDA:157,14,1,246
BRDA:159,15,0,34
BRDA:159,15,1,119
BRDA:161,16,0,34
BRDA:161,16,1,0
BRDA:165,17,0,0
BRDA:165,17,1,34
BRDA:211,18,0,12
BRDA:211,18,1,85
BRDA:211,18,2,66
BRDA:211,18,3,0
BRDA:212,19,0,0
BRDA:212,19,1,12
BRDA:236,20,0,66
BRDA:236,20,1,19
BRDA:251,21,0,66
BRDA:251,21,1,0
BRDA:263,22,0,66
BRDA:263,22,1,19
BRDA:285,23,0,16
BRDA:285,23,1,82
BRDA:306,24,0,199
BRDA:306,24,1,303
BRDA:321,25,0,82
BRDA:321,25,1,82
BRDA:353,26,0,151
BRDA:349,27,0,150
BRDA:349,27,1,1
BRDA:349,28,0,151
BRDA:349,28,1,1
BRDA:349,28,2,1
BRDA:360,29,0,150
BRDA:360,29,1,1
BRDA:364,30,0,0
BRDA:364,30,1,1
BRDA:368,31,0,0
BRDA:368,31,1,1
BRDA:401,32,0,0
BRDA:401,32,1,0
BRDA:402,33,0,0
BRDA:402,33,1,0
BRDA:402,33,2,0
BRDA:422,34,0,20
BRDA:422,34,1,10
BRDA:424,35,0,8
BRDA:424,35,1,22
BRDA:428,36,0,10
BRDA:428,36,1,12
BRF:89
BRH:58
end_of_record
TN:
SF:/Users/crolly/go/src/github.com/crolly/amplify-js/packages/datastore/src/datastore/datastore.ts
FN:82,(anonymous_20)
FN:90,(anonymous_21)
FN:96,(anonymous_22)
FN:107,(anonymous_23)
FN:143,(anonymous_24)
FN:150,(anonymous_25)
FN:155,(anonymous_26)
FN:160,(anonymous_27)
FN:184,(anonymous_28)
FN:189,(anonymous_29)
FN:200,(anonymous_30)
FN:203,(anonymous_31)
FN:211,(anonymous_32)
FN:225,modelInstanceCreator
FN:234,(anonymous_34)
FN:234,(anonymous_35)
FN:275,(anonymous_36)
FN:278,(anonymous_37)
FN:290,(anonymous_38)
FN:301,(anonymous_39)
FN:322,(anonymous_40)
FN:328,(anonymous_41)
FN:334,(anonymous_42)
FN:337,(anonymous_43)
FN:338,Model
FN:341,(anonymous_45)
FN:377,(anonymous_46)
FN:384,(anonymous_47)
FN:388,(anonymous_48)
FN:396,(anonymous_49)
FN:398,(anonymous_50)
FN:404,(anonymous_51)
FN:419,(anonymous_52)
FN:420,(anonymous_53)
FN:421,Model
FN:424,(anonymous_55)
FN:440,isQueryOne
FN:444,defaultConflictHandler
FN:450,defaultErrorHandler
FN:454,getModelConstructorByModelName
FN:488,checkSchemaVersion
FN:498,(anonymous_63)
FN:498,(anonymous_64)
FN:501,(anonymous_66)
FN:527,getNamespace
FN:565,(anonymous_68)
FN:587,(anonymous_70)
FN:590,(anonymous_73)
FN:638,(anonymous_74)
FN:654,(anonymous_75)
FN:683,(anonymous_76)
FN:686,(anonymous_77)
FN:750,(anonymous_79)
FN:752,(anonymous_80)
FN:774,(anonymous_82)
FN:774,(anonymous_83)
FN:786,(anonymous_85)
FN:789,(anonymous_86)
FN:802,(anonymous_87)
FN:805,(anonymous_88)
FN:831,(anonymous_89)
FN:833,(anonymous_90)
FN:931,(anonymous_92)
FN:992,(anonymous_93)
FN:995,(anonymous_94)
FN:1000,(anonymous_97)
FN:1004,(anonymous_98)
FN:1012,(anonymous_99)
FN:1051,clear
FN:1068,stop
FN:583,(anonymous_106)
FN:1081,(anonymous_107)
FN:1126,(anonymous_108)
FN:1135,(anonymous_111)
FN:1136,(anonymous_112)
FN:1161,(anonymous_114)
FN:1176,(anonymous_115)
FN:1190,(anonymous_118)
FN:1193,(anonymous_119)
FNF:79
FNH:63
FNDA:197,(anonymous_20)
FNDA:1045,(anonymous_21)
FNDA:689,(anonymous_22)
FNDA:57,(anonymous_23)
FNDA:224,(anonymous_24)
FNDA:365,(anonymous_25)
FNDA:1650,(anonymous_26)
FNDA:85,(anonymous_27)
FNDA:153,(anonymous_28)
FNDA:416,(anonymous_29)
FNDA:224,(anonymous_30)
FNDA:365,(anonymous_31)
FNDA:73,(anonymous_32)
FNDA:441,modelInstanceCreator
FNDA:882,(anonymous_34)
FNDA:3371,(anonymous_35)
FNDA:26,(anonymous_36)
FNDA:6,(anonymous_37)
FNDA:8,(anonymous_38)
FNDA:8,(anonymous_39)
FNDA:775,(anonymous_40)
FNDA:2732,(anonymous_41)
FNDA:365,(anonymous_42)
FNDA:365,(anonymous_43)
FNDA:756,Model
FNDA:756,(anonymous_45)
FNDA:108,(anonymous_46)
FNDA:107,(anonymous_47)
FNDA:639,(anonymous_48)
FNDA:0,(anonymous_49)
FNDA:0,(anonymous_50)
FNDA:0,(anonymous_51)
FNDA:73,(anonymous_52)
FNDA:73,(anonymous_53)
FNDA:19,Model
FNDA:19,(anonymous_55)
FNDA:131,isQueryOne
FNDA:0,defaultConflictHandler
FNDA:0,defaultErrorHandler
FNDA:718,getModelConstructorByModelName
FNDA:41,checkSchemaVersion
FNDA:18,(anonymous_63)
FNDA:18,(anonymous_64)
FNDA:18,(anonymous_66)
FNDA:56,getNamespace
FNDA:154,(anonymous_68)
FNDA:442,(anonymous_70)
FNDA:41,(anonymous_73)
FNDA:0,(anonymous_74)
FNDA:0,(anonymous_75)
FNDA:70,(anonymous_76)
FNDA:70,(anonymous_77)
FNDA:98,(anonymous_79)
FNDA:98,(anonymous_80)
FNDA:95,(anonymous_82)
FNDA:95,(anonymous_83)
FNDA:77,(anonymous_85)
FNDA:77,(anonymous_86)
FNDA:77,(anonymous_87)
FNDA:77,(anonymous_88)
FNDA:26,(anonymous_89)
FNDA:26,(anonymous_90)
FNDA:12,(anonymous_92)
FNDA:10,(anonymous_93)
FNDA:20,(anonymous_94)
FNDA:0,(anonymous_97)
FNDA:10,(anonymous_98)
FNDA:77,(anonymous_99)
FNDA:1,clear
FNDA:0,stop
FNDA:154,(anonymous_106)
FNDA:68,(anonymous_107)
FNDA:0,(anonymous_108)
FNDA:0,(anonymous_111)
FNDA:0,(anonymous_112)
FNDA:0,(anonymous_114)
FNDA:0,(anonymous_115)
FNDA:0,(anonymous_118)
FNDA:0,(anonymous_119)
DA:1,77
DA:2,77
DA:3,77
DA:4,77
DA:5,77
DA:11,77
DA:12,77
DA:13,77
DA:43,77
DA:56,77
DA:58,77
DA:60,77
DA:61,77
DA:74,77
DA:77,77
DA:82,77
DA:85,197
DA:87,197
DA:90,77
DA:93,1045
DA:96,77
DA:97,689
DA:107,77
DA:108,57
DA:109,1
DA:111,1
DA:114,56
DA:116,56
DA:121,56
DA:122,56
DA:123,56
DA:125,56
DA:126,56
DA:127,56
DA:129,56
DA:130,56
DA:131,56
DA:133,56
DA:143,56
DA:144,224
DA:148,224
DA:150,224
DA:151,365
DA:153,365
DA:156,1650
DA:161,85
DA:164,365
DA:167,224
DA:169,224
DA:170,224
DA:171,409
DA:172,224
DA:174,185
DA:175,185
DA:176,0
DA:181,433
DA:182,433
DA:184,433
DA:185,365
DA:189,416
DA:192,224
DA:195,56
DA:200,77
DA:201,224
DA:203,365
DA:204,365
DA:205,365
DA:207,365
DA:210,224
DA:211,73
DA:212,73
DA:213,73
DA:217,224
DA:222,77
DA:229,441
DA:231,441
DA:234,882
DA:238,3371
DA:240,3371
DA:242,2012
DA:243,2012
DA:244,2012
DA:245,2012
DA:246,2012
DA:249,2012
DA:253,3
DA:256,2009
DA:257,1616
DA:258,1616
DA:260,1616
DA:261,48
DA:262,48
DA:263,30
DA:266,48
DA:267,0
DA:272,48
DA:275,26
DA:278,6
DA:280,5
DA:285,43
DA:289,9
DA:291,8
DA:292,7
DA:293,1
DA:294,1
DA:296,0
DA:301,9
DA:302,4
DA:307,1568
DA:308,2
DA:309,1566
DA:310,2
DA:313,1564
DA:314,1
DA:322,77
DA:327,775
DA:328,2732
DA:329,2732
DA:330,2718
DA:334,77
DA:337,365
DA:339,756
DA:342,756
DA:344,747
DA:350,747
DA:351,747
DA:352,747
DA:354,747
DA:358,747
DA:364,747
DA:366,747
DA:367,728
DA:368,728
DA:369,728
DA:374,747
DA:377,365
DA:378,108
DA:379,108
DA:380,1
DA:381,1
DA:382,1
DA:384,107
DA:385,107
DA:386,107
DA:387,107
DA:388,639
DA:389,639
DA:396,365
DA:397,0
DA:398,0
DA:401,0
DA:402,0
DA:404,0
DA:405,0
DA:408,0
DA:410,365
DA:412,365
DA:414,365
DA:416,365
DA:419,77
DA:420,73
DA:422,19
DA:425,19
DA:429,14
DA:431,73
DA:433,73
DA:435,73
DA:437,73
DA:441,131
DA:445,0
DA:446,0
DA:447,0
DA:451,0
DA:460,718
DA:462,21
DA:463,21
DA:465,697
DA:466,697
DA:468,0
DA:469,0
DA:471,0
DA:472,0
DA:474,0
DA:475,0
DA:478,718
DA:479,718
DA:481,0
DA:482,0
DA:484,0
DA:492,41
DA:496,41
DA:498,82
DA:499,18
DA:503,18
DA:508,21
DA:509,15
DA:511,30
DA:512,0
DA:515,6
DA:528,56
DA:562,56
DA:565,154
DA:566,77
DA:578,77
DA:583,77
DA:584,154
DA:587,221
DA:588,401
DA:589,41
DA:590,41
DA:591,41
DA:592,41
DA:595,360
DA:597,180
DA:600,41
DA:607,82
DA:609,82
DA:611,41
DA:613,82
DA:614,0
DA:616,0
DA:618,0
DA:634,0
DA:635,0
DA:638,0
DA:641,0
DA:645,0
DA:646,0
DA:649,0
DA:655,0
DA:656,0
DA:660,41
DA:667,41
DA:670,82
DA:673,77
DA:686,70
DA:688,140
DA:692,70
DA:693,2
DA:694,2
DA:696,2
DA:699,68
DA:700,49
DA:701,5
DA:705,68
DA:708,68
DA:709,49
DA:714,19
DA:716,0
DA:718,19
DA:725,68
DA:732,63
DA:741,63
DA:747,63
DA:750,77
DA:752,98
DA:754,196
DA:756,98
DA:760,98
DA:761,1
DA:762,1
DA:764,1
DA:767,97
DA:769,97
DA:774,97
DA:775,190
DA:777,95
DA:783,97
DA:786,77
DA:787,77
DA:789,77
DA:790,77
DA:792,77
DA:793,0
DA:795,77
DA:796,0
DA:799,77
DA:802,77
DA:803,77
DA:805,77
DA:806,77
DA:808,77
DA:809,0
DA:811,77
DA:812,0
DA:815,77
DA:818,77
DA:833,26
DA:835,52
DA:839,26
DA:840,1
DA:841,1
DA:843,1
DA:846,29
DA:847,21
DA:849,21
DA:850,1
DA:852,1
DA:854,1
DA:857,20
DA:858,12
DA:863,8
DA:872,8
DA:873,2
DA:875,2
DA:877,2
DA:881,18
DA:883,18
DA:885,4
DA:886,4
DA:889,4
DA:890,1
DA:891,1
DA:893,1
DA:896,3
DA:898,3
DA:903,3
DA:904,1
DA:905,1
DA:906,1
DA:908,1
DA:911,0
DA:913,2
DA:916,2
DA:918,2
DA:922,77
DA:938,12
DA:942,12
DA:943,2
DA:945,2
DA:947,2
DA:948,2
DA:949,0
DA:955,2
DA:958,0
DA:959,0
DA:961,0
DA:965,10
DA:966,0
DA:967,0
DA:968,0
DA:971,10
DA:972,0
DA:973,0
DA:975,0
DA:978,10
DA:979,4
DA:984,6
DA:992,10
DA:995,10
DA:996,20
DA:998,10
DA:1000,0
DA:1004,10
DA:1005,10
DA:1006,10
DA:1012,77
DA:1014,77
DA:1015,77
DA:1016,77
DA:1017,77
DA:1018,77
DA:1019,77
DA:1020,77
DA:1021,77
DA:1024,77
DA:1026,77
DA:1027,77
DA:1029,77
DA:1034,77
DA:1039,77
DA:1044,77
DA:1051,77
DA:1052,1
DA:1053,0
DA:1056,1
DA:1057,0
DA:1060,2
DA:1062,1
DA:1063,1
DA:1064,1
DA:1065,1
DA:1068,77
DA:1069,0
DA:1070,0
DA:1073,0
DA:1074,0
DA:1077,0
DA:1078,0
DA:1081,77
DA:1086,68
DA:1088,68
DA:1089,1
DA:1092,67
DA:1093,10
DA:1094,1
DA:1097,9
DA:1098,1
DA:1102,65
DA:1103,8
DA:1104,1
DA:1107,7
DA:1108,1
DA:1112,63
DA:1113,4
DA:1119,63
DA:1126,77
DA:1129,0
DA:1130,0
DA:1133,0
DA:1136,0
DA:1138,0
DA:1139,0
DA:1143,0
DA:1144,0
DA:1145,0
DA:1148,0
DA:1153,0
DA:1158,0
DA:1161,77
DA:1165,0
DA:1166,0
DA:1171,0
DA:1172,0
DA:1176,77
DA:1180,0
DA:1181,0
DA:1183,0
DA:1184,0
DA:1186,0
DA:1190,77
DA:1193,0
DA:1194,0
DA:1195,0
DA:1196,0
DA:1200,0
DA:1203,0
DA:1204,0
DA:1207,0
DA:1210,77
DA:1212,77
DA:1213,77
DA:1215,77
LF:443
LH:353
BRDA:93,0,0,1045
BRDA:93,0,1,1034
BRDA:108,1,0,1
BRDA:108,1,1,56
BRDA:156,2,0,1650
BRDA:156,2,1,187
BRDA:156,2,2,102
BRDA:170,3,0,409
BRDA:170,3,1,409
BRDA:171,4,0,224
BRDA:171,4,1,185
BRDA:175,5,0,0
BRDA:175,5,1,185
BRDA:184,6,0,365
BRDA:184,6,1,68
BRDA:210,7,0,224
BRDA:210,7,1,39
BRDA:240,8,0,2012
BRDA:240,8,1,1359
BRDA:249,9,0,3
BRDA:249,9,1,2009
BRDA:250,10,0,2012
BRDA:250,10,1,1963
BRDA:250,10,2,327
BRDA:250,10,3,49
BRDA:250,10,4,1709
BRDA:250,10,5,1707
BRDA:256,11,0,1616
BRDA:256,11,1,393
BRDA:260,12,0,48
BRDA:260,12,1,1568
BRDA:262,13,0,30
BRDA:262,13,1,18
BRDA:266,14,0,0
BRDA:266,14,1,48
BRDA:266,15,0,48
BRDA:266,15,1,6
BRDA:272,16,0,5
BRDA:272,16,1,43
BRDA:273,17,0,48
BRDA:273,17,1,42
BRDA:275,18,0,10
BRDA:275,18,1,16
BRDA:278,19,0,3
BRDA:278,19,1,3
BRDA:285,20,0,9
BRDA:285,20,1,34
BRDA:286,21,0,43
BRDA:286,21,1,11
BRDA:291,22,0,7
BRDA:291,22,1,1
BRDA:293,23,0,1
BRDA:293,23,1,0
BRDA:293,24,0,1
BRDA:293,24,1,1
BRDA:301,25,0,4
BRDA:301,25,1,5
BRDA:307,26,0,2
BRDA:307,26,1,1566
BRDA:307,27,0,1568
BRDA:307,27,1,113
BRDA:309,28,0,2
BRDA:309,28,1,1564
BRDA:309,29,0,1566
BRDA:309,29,1,4
BRDA:313,30,0,1
BRDA:313,30,1,1563
BRDA:313,31,0,1564
BRDA:313,31,1,1562
BRDA:313,31,2,51
BRDA:347,32,0,441
BRDA:347,32,1,306
BRDA:354,33,0,747
BRDA:354,33,1,308
BRDA:359,34,0,439
BRDA:359,34,1,308
BRDA:358,35,0,747
BRDA:358,35,1,747
BRDA:361,36,0,304
BRDA:361,36,1,4
BRDA:366,37,0,728
BRDA:366,37,1,19
BRDA:378,38,0,108
BRDA:378,38,1,1
BRDA:379,39,0,1
BRDA:379,39,1,107
BRDA:397,40,0,0
BRDA:397,40,1,0
BRDA:461,41,0,21
BRDA:461,41,1,697
BRDA:461,41,2,0
BRDA:461,41,3,0
BRDA:461,41,4,0
BRDA:478,42,0,718
BRDA:478,42,1,0
BRDA:499,43,0,18
BRDA:499,43,1,3
BRDA:508,44,0,3
BRDA:508,44,1,15
BRDA:511,45,0,15
BRDA:511,45,1,0
BRDA:595,46,0,180
BRDA:595,46,1,41
BRDA:588,47,0,180
BRDA:588,47,1,41
BRDA:613,48,0,41
BRDA:613,48,1,0
BRDA:642,49,0,0
BRDA:642,49,1,0
BRDA:645,50,0,0
BRDA:645,50,1,0
BRDA:688,51,0,70
BRDA:692,52,0,2
BRDA:692,52,1,68
BRDA:699,53,0,49
BRDA:699,53,1,19
BRDA:700,54,0,5
BRDA:700,54,1,44
BRDA:708,55,0,49
BRDA:708,55,1,19
BRDA:714,56,0,0
BRDA:714,56,1,19
BRDA:747,57,0,44
BRDA:747,57,1,19
BRDA:754,58,0,98
BRDA:757,59,0,98
BRDA:757,59,1,0
BRDA:760,60,0,1
BRDA:760,60,1,97
BRDA:775,61,0,95
BRDA:792,62,0,0
BRDA:792,62,1,77
BRDA:795,63,0,0
BRDA:795,63,1,77
BRDA:795,64,0,77
BRDA:795,64,1,0
BRDA:799,65,0,77
BRDA:799,65,1,77
BRDA:808,66,0,0
BRDA:808,66,1,77
BRDA:811,67,0,0
BRDA:811,67,1,77
BRDA:811,68,0,77
BRDA:811,68,1,0
BRDA:815,69,0,77
BRDA:815,69,1,77
BRDA:835,70,0,26
BRDA:839,71,0,1
BRDA:839,71,1,25
BRDA:846,72,0,4
BRDA:846,72,1,21
BRDA:849,73,0,1
BRDA:849,73,1,20
BRDA:857,74,0,12
BRDA:857,74,1,8
BRDA:872,75,0,2
BRDA:872,75,1,6
BRDA:872,76,0,8
BRDA:872,76,1,6
BRDA:886,77,0,4
BRDA:886,77,1,0
BRDA:889,78,0,1
BRDA:889,78,1,3
BRDA:903,79,0,1
BRDA:903,79,1,2
BRDA:904,80,0,1
BRDA:904,80,1,0
BRDA:939,81,0,9
BRDA:939,81,1,3
BRDA:938,82,0,12
BRDA:938,82,1,11
BRDA:942,83,0,2
BRDA:942,83,1,10
BRDA:942,84,0,12
BRDA:942,84,1,11
BRDA:945,85,0,2
BRDA:945,85,1,2
BRDA:947,86,0,2
BRDA:947,86,1,0
BRDA:948,87,0,0
BRDA:948,87,1,2
BRDA:965,88,0,0
BRDA:965,88,1,10
BRDA:965,89,0,10
BRDA:965,89,1,6
BRDA:971,90,0,0
BRDA:971,90,1,10
BRDA:971,91,0,10
BRDA:971,91,1,9
BRDA:978,92,0,4
BRDA:978,92,1,6
BRDA:985,93,0,6
BRDA:985,93,1,5
BRDA:996,94,0,10
BRDA:1005,95,0,10
BRDA:1005,95,1,0
BRDA:1012,96,0,0
BRDA:1012,96,1,77
BRDA:1030,97,0,77
BRDA:1030,97,1,0
BRDA:1030,97,2,77
BRDA:1030,97,3,77
BRDA:1035,98,0,77
BRDA:1035,98,1,0
BRDA:1035,98,2,77
BRDA:1035,98,3,77
BRDA:1040,99,0,77
BRDA:1040,99,1,0
BRDA:1040,99,2,77
BRDA:1040,99,3,77
BRDA:1045,100,0,77
BRDA:1045,100,1,0
BRDA:1045,100,2,77
BRDA:1045,100,3,77
BRDA:1045,100,4,77
BRDA:1052,101,0,0
BRDA:1052,101,1,1
BRDA:1056,102,0,0
BRDA:1056,102,1,1
BRDA:1056,103,0,1
BRDA:1056,103,1,0
BRDA:1069,104,0,0
BRDA:1069,104,1,0
BRDA:1073,105,0,0
BRDA:1073,105,1,0
BRDA:1073,106,0,0
BRDA:1073,106,1,0
BRDA:1086,107,0,68
BRDA:1086,107,1,57
BRDA:1088,108,0,1
BRDA:1088,108,1,67
BRDA:1088,109,0,68
BRDA:1088,109,1,11
BRDA:1092,110,0,10
BRDA:1092,110,1,57
BRDA:1093,111,0,1
BRDA:1093,111,1,9
BRDA:1097,112,0,1
BRDA:1097,112,1,8
BRDA:1102,113,0,8
BRDA:1102,113,1,57
BRDA:1103,114,0,1
BRDA:1103,114,1,7
BRDA:1107,115,0,1
BRDA:1107,115,1,6
BRDA:1112,116,0,4
BRDA:1112,116,1,59
BRDA:1129,117,0,0
BRDA:1129,117,1,0
BRDA:1129,118,0,0
BRDA:1129,118,1,0
BRDA:1138,119,0,0
BRDA:1144,120,0,0
BRDA:1144,120,1,0
BRDA:1183,121,0,0
BRDA:1183,121,1,0
BRDA:1194,122,0,0
BRDA:1194,122,1,0
BRDA:1203,123,0,0
BRDA:1203,123,1,0
BRF:260
BRH:203
end_of_record
TN:
SF:/Users/crolly/go/src/github.com/crolly/amplify-js/packages/datastore/src/predicates/index.ts
FN:17,isPredicatesAll
FN:26,(anonymous_1)
FN:27,(anonymous_3)
FN:28,(anonymous_4)
FN:36,(anonymous_5)
FN:42,(anonymous_7)
FN:52,(anonymous_8)
FN:63,(anonymous_9)
FN:107,(anonymous_10)
FN:130,(anonymous_11)
FN:136,(anonymous_12)
FN:148,(anonymous_13)
FN:161,(anonymous_14)
FNF:13
FNH:12
FNDA:19,isPredicatesAll
FNDA:79,(anonymous_1)
FNDA:2,(anonymous_3)
FNDA:2,(anonymous_4)
FNDA:79,(anonymous_5)
FNDA:197,(anonymous_7)
FNDA:189,(anonymous_8)
FNDA:0,(anonymous_9)
FNDA:189,(anonymous_10)
FNDA:181,(anonymous_11)
FNDA:369,(anonymous_12)
FNDA:147,(anonymous_13)
FNDA:163,(anonymous_14)
DA:11,79
DA:13,79
DA:15,79
DA:17,79
DA:20,19
DA:24,79
DA:26,79
DA:27,79
DA:28,2
DA:30,2
DA:32,2
DA:34,79
DA:36,79
DA:37,79
DA:42,79
DA:45,197
DA:46,197
DA:49,197
DA:57,189
DA:59,189
DA:63,0
DA:66,0
DA:72,0
DA:78,0
DA:84,0
DA:87,0
DA:91,0
DA:94,0
DA:96,189
DA:99,189
DA:101,189
DA:102,0
DA:107,189
DA:111,189
DA:114,189
DA:116,189
DA:121,197
DA:125,197
DA:127,197
DA:130,79
DA:133,181
DA:136,79
DA:138,544
DA:140,369
DA:141,0
DA:144,369
DA:148,79
DA:152,147
DA:153,113
DA:156,34
DA:161,79
DA:165,163
DA:170,79
LF:53
LH:43
BRDA:60,0,0,0
BRDA:60,0,1,0
BRDA:60,0,2,0
BRDA:60,0,3,189
BRDA:101,1,0,0
BRDA:101,1,1,189
BRDA:138,2,0,175
BRDA:138,2,1,194
BRDA:140,3,0,0
BRDA:140,3,1,369
BRDA:140,4,0,369
BRDA:140,4,1,175
BRDA:152,5,0,113
BRDA:152,5,1,34
BRDA:152,6,0,147
BRDA:152,6,1,34
BRF:16
BRH:11
end_of_record
TN:
SF:/Users/crolly/go/src/github.com/crolly/amplify-js/packages/datastore/src/predicates/sort.ts
FN:10,(anonymous_0)
FN:16,(anonymous_2)
FN:26,(anonymous_3)
FN:35,(anonymous_4)
FN:52,(anonymous_5)
FN:58,(anonymous_6)
FN:73,(anonymous_7)
FNF:7
FNH:7
FNDA:79,(anonymous_0)
FNDA:4,(anonymous_2)
FNDA:8,(anonymous_3)
FNDA:8,(anonymous_4)
FNDA:4,(anonymous_5)
FNDA:67,(anonymous_6)
FNDA:4,(anonymous_7)
DA:10,79
DA:11,79
DA:16,79
DA:19,4
DA:20,4
DA:23,4
DA:27,8
DA:29,8
DA:30,0
DA:35,8
DA:36,8
DA:40,8
DA:42,8
DA:47,4
DA:49,4
DA:52,79
DA:55,4
DA:58,79
DA:60,71
DA:62,67
DA:66,0
DA:69,67
DA:73,79
DA:77,4
DA:78,0
DA:81,4
DA:85,79
LF:27
LH:24
BRDA:29,0,0,0
BRDA:29,0,1,8
BRDA:60,1,0,4
BRDA:60,1,1,63
BRDA:62,2,0,0
BRDA:62,2,1,67
BRDA:63,3,0,67
BRDA:63,3,1,4
BRDA:77,4,0,0
BRDA:77,4,1,4
BRDA:77,5,0,4
BRDA:77,5,1,4
BRF:12
BRH:9
end_of_record
TN:
SF:/Users/crolly/go/src/github.com/crolly/amplify-js/packages/datastore/src/storage/storage.ts
FN:35,(anonymous_16)
FN:43,StorageClass
FN:57,(anonymous_18)
FN:69,(anonymous_19)
FN:79,(anonymous_22)
FN:96,(anonymous_23)
FN:105,(anonymous_26)
FN:133,(anonymous_27)
FN:148,(anonymous_30)
FN:157,(anonymous_31)
FN:181,(anonymous_32)
FN:191,(anonymous_35)
FN:201,(anonymous_38)
FN:212,(anonymous_39)
FN:216,(anonymous_40)
FN:220,(anonymous_41)
FN:236,(anonymous_42)
FN:246,(anonymous_45)
FN:255,(anonymous_48)
FN:269,(anonymous_49)
FN:272,ExclusiveStorage
FN:291,(anonymous_51)
FN:295,(anonymous_52)
FN:300,(anonymous_55)
FN:315,(anonymous_56)
FN:320,(anonymous_59)
FN:333,(anonymous_60)
FN:338,(anonymous_63)
FN:343,(anonymous_64)
FN:347,(anonymous_67)
FN:352,(anonymous_68)
FN:356,(anonymous_69)
FN:364,(anonymous_70)
FN:368,(anonymous_73)
FN:375,(anonymous_74)
FNF:35
FNH:22
FNDA:17,(anonymous_16)
FNDA:18,StorageClass
FNDA:17,(anonymous_18)
FNDA:300,(anonymous_19)
FNDA:18,(anonymous_22)
FNDA:98,(anonymous_23)
FNDA:131,(anonymous_26)
FNDA:20,(anonymous_27)
FNDA:41,(anonymous_30)
FNDA:70,(anonymous_31)
FNDA:164,(anonymous_32)
FNDA:0,(anonymous_35)
FNDA:0,(anonymous_38)
FNDA:0,(anonymous_39)
FNDA:0,(anonymous_40)
FNDA:0,(anonymous_41)
FNDA:1,(anonymous_42)
FNDA:0,(anonymous_45)
FNDA:0,(anonymous_48)
FNDA:17,(anonymous_49)
FNDA:18,ExclusiveStorage
FNDA:184,(anonymous_51)
FNDA:0,(anonymous_52)
FNDA:0,(anonymous_55)
FNDA:20,(anonymous_56)
FNDA:20,(anonymous_59)
FNDA:51,(anonymous_60)
FNDA:51,(anonymous_63)
FNDA:0,(anonymous_64)
FNDA:0,(anonymous_67)
FNDA:17,(anonymous_68)
FNDA:0,(anonymous_69)
FNDA:1,(anonymous_70)
FNDA:0,(anonymous_73)
FNDA:18,(anonymous_74)
DA:1,17
DA:3,17
DA:5,17
DA:6,17
DA:20,17
DA:22,17
DA:33,17
DA:35,17
DA:44,18
DA:45,18
DA:46,18
DA:50,18
DA:51,18
DA:53,18
DA:54,18
DA:57,17
DA:58,17
DA:66,17
DA:69,17
DA:70,318
DA:71,564
DA:72,282
DA:74,18
DA:79,18
DA:80,18
DA:81,18
DA:84,18
DA:93,36
DA:96,17
DA:101,196
DA:103,98
DA:105,98
DA:106,131
DA:108,131
DA:111,131
DA:120,98
DA:133,17
DA:138,40
DA:143,20
DA:148,41
DA:150,20
DA:154,0
DA:157,20
DA:158,70
DA:163,70
DA:164,0
DA:169,70
DA:178,20
DA:181,17
DA:186,328
DA:188,164
DA:191,17
DA:193,0
DA:195,0
DA:197,0
DA:198,0
DA:201,17
DA:206,0
DA:207,0
DA:209,0
DA:211,0
DA:212,0
DA:213,0
DA:216,0
DA:219,0
DA:220,0
DA:221,0
DA:222,0
DA:225,0
DA:226,0
DA:229,0
DA:233,0
DA:236,17
DA:237,1
DA:239,2
DA:241,1
DA:242,1
DA:246,17
DA:251,0
DA:253,0
DA:255,0
DA:256,0
DA:265,0
DA:267,17
DA:269,17
DA:271,18
DA:282,18
DA:291,17
DA:292,184
DA:295,17
DA:300,0
DA:301,0
DA:315,17
DA:320,20
DA:321,20
DA:322,18
DA:324,18
DA:326,2
DA:328,2
DA:333,17
DA:338,51
DA:339,51
DA:343,17
DA:345,0
DA:347,0
DA:348,0
DA:352,17
DA:353,17
DA:356,17
DA:361,0
DA:364,17
DA:365,2
DA:368,17
DA:372,0
DA:375,17
DA:376,18
DA:378,17
DA:380,17
LF:118
LH:85
BRDA:70,0,0,18
BRDA:70,0,1,282
BRDA:101,1,0,98
BRDA:138,2,0,20
BRDA:150,3,0,0
BRDA:150,3,1,20
BRDA:151,4,0,20
BRDA:151,4,1,2
BRDA:163,5,0,0
BRDA:163,5,1,70
BRDA:165,6,0,0
BRDA:165,6,1,0
BRDA:186,7,0,164
BRDA:186,7,1,164
BRDA:193,8,0,0
BRDA:193,8,1,0
BRDA:195,9,0,0
BRDA:207,10,0,0
BRDA:207,10,1,0
BRDA:213,11,0,0
BRDA:213,11,1,0
BRDA:219,12,0,0
BRDA:219,12,1,0
BRDA:221,13,0,0
BRDA:221,13,1,0
BRDA:225,14,0,0
BRDA:225,14,1,0
BRDA:236,15,0,1
BRDA:236,15,1,0
BRDA:241,16,0,1
BRDA:241,16,1,0
BRDA:251,17,0,0
BRDA:321,18,0,18
BRDA:321,18,1,2
BRDA:345,19,0,0
BRDA:345,19,1,0
BRDA:365,20,0,1
BRF:37
BRH:15
end_of_record
TN:
SF:/Users/crolly/go/src/github.com/crolly/amplify-js/packages/datastore/src/storage/adapter/AsyncStorageAdapter.ts
FN:35,(anonymous_24)
FN:48,(anonymous_26)
FN:57,(anonymous_27)
FN:63,(anonymous_28)
FN:73,(anonymous_31)
FN:96,(anonymous_32)
FN:113,(anonymous_35)
FN:162,(anonymous_36)
FN:169,(anonymous_39)
FN:178,(anonymous_40)
FN:232,(anonymous_41)
FN:237,(anonymous_42)
FN:253,(anonymous_45)
FN:273,(anonymous_46)
FN:298,(anonymous_47)
FN:323,(anonymous_48)
FN:332,(anonymous_51)
FN:361,(anonymous_54)
FN:377,(anonymous_55)
FN:439,(anonymous_56)
FN:447,(anonymous_57)
FN:471,(anonymous_60)
FN:501,(anonymous_63)
FN:518,(anonymous_64)
FN:542,(anonymous_65)
FN:551,(anonymous_66)
FN:558,(anonymous_69)
FN:579,(anonymous_73)
FNF:28
FNH:22
FNDA:32,(anonymous_24)
FNDA:143,(anonymous_26)
FNDA:576,(anonymous_27)
FNDA:16,(anonymous_28)
FNDA:16,(anonymous_31)
FNDA:46,(anonymous_32)
FNDA:75,(anonymous_35)
FNDA:82,(anonymous_36)
FNDA:114,(anonymous_39)
FNDA:28,(anonymous_40)
FNDA:67,(anonymous_41)
FNDA:96,(anonymous_42)
FNDA:89,(anonymous_45)
FNDA:34,(anonymous_46)
FNDA:21,(anonymous_47)
FNDA:0,(anonymous_48)
FNDA:10,(anonymous_51)
FNDA:39,(anonymous_54)
FNDA:0,(anonymous_55)
FNDA:0,(anonymous_56)
FNDA:9,(anonymous_57)
FNDA:39,(anonymous_60)
FNDA:13,(anonymous_63)
FNDA:40,(anonymous_64)
FNDA:30,(anonymous_65)
FNDA:0,(anonymous_66)
FNDA:0,(anonymous_69)
FNDA:0,(anonymous_73)
DA:1,16
DA:2,16
DA:5,16
DA:9,16
DA:23,16
DA:33,16
DA:35,16
DA:48,16
DA:51,143
DA:52,143
DA:54,143
DA:57,16
DA:58,576
DA:60,576
DA:63,16
DA:72,16
DA:73,16
DA:74,16
DA:75,16
DA:78,0
DA:79,0
DA:81,16
DA:82,16
DA:83,16
DA:84,16
DA:86,16
DA:87,16
DA:88,32
DA:89,16
DA:92,0
DA:96,16
DA:100,46
DA:102,46
DA:103,46
DA:110,46
DA:111,46
DA:112,46
DA:113,75
DA:114,75
DA:115,75
DA:116,75
DA:119,46
DA:121,46
DA:122,0
DA:123,0
DA:125,0
DA:127,0
DA:128,0
DA:129,0
DA:131,0
DA:135,46
DA:137,75
DA:138,75
DA:140,75
DA:142,75
DA:146,104
DA:147,92
DA:149,46
DA:151,43
DA:152,30
DA:154,15
DA:159,46
DA:162,16
DA:167,82
DA:168,82
DA:169,114
DA:170,114
DA:172,82
DA:177,82
DA:178,25
DA:179,28
DA:183,114
DA:184,114
DA:185,114
DA:186,114
DA:191,114
DA:192,8
DA:193,8
DA:194,16
DA:195,0
DA:200,0
DA:206,8
DA:207,59
DA:208,69
DA:209,86
DA:210,52
DA:215,52
DA:218,52
DA:222,59
DA:223,47
DA:225,47
DA:227,0
DA:228,0
DA:232,57
DA:233,67
DA:237,16
DA:242,96
DA:243,96
DA:244,96
DA:246,101
DA:247,91
DA:248,91
DA:249,91
DA:250,91
DA:253,89
DA:256,111
DA:257,71
DA:259,71
DA:261,85
DA:262,57
DA:265,57
DA:267,14
DA:270,20
DA:272,20
DA:273,34
DA:276,20
DA:284,9
DA:285,1
DA:286,1
DA:293,4
DA:295,4
DA:298,16
DA:302,21
DA:303,18
DA:304,2
DA:308,2
DA:309,2
DA:310,2
DA:313,36
DA:314,18
DA:316,18
DA:318,18
DA:320,3
DA:323,16
DA:325,0
DA:327,0
DA:328,0
DA:329,0
DA:332,16
DA:336,10
DA:338,11
DA:339,9
DA:340,9
DA:343,9
DA:345,9
DA:349,9
DA:350,18
DA:358,18
DA:360,9
DA:361,39
DA:364,9
DA:366,0
DA:374,0
DA:376,0
DA:377,0
DA:381,0
DA:384,1
DA:386,1
DA:388,1
DA:390,1
DA:391,1
DA:392,1
DA:394,1
DA:395,1
DA:396,1
DA:398,1
DA:401,0
DA:402,0
DA:404,0
DA:405,0
DA:406,0
DA:407,0
DA:409,0
DA:412,0
DA:415,0
DA:423,0
DA:427,0
DA:436,0
DA:438,0
DA:439,0
DA:443,0
DA:447,16
DA:450,39
DA:451,39
DA:453,39
DA:454,30
DA:455,30
DA:456,30
DA:457,60
DA:471,16
DA:478,91
DA:479,91
DA:480,91
DA:482,91
DA:496,91
DA:497,2
DA:498,2
DA:499,2
DA:500,2
DA:501,13
DA:504,4
DA:513,2
DA:514,31
DA:515,31
DA:516,28
DA:517,28
DA:518,40
DA:521,56
DA:530,31
DA:531,58
DA:533,58
DA:535,0
DA:536,0
DA:540,39
DA:543,30
DA:551,16
DA:552,0
DA:554,0
DA:555,0
DA:558,16
DA:562,0
DA:563,0
DA:564,0
DA:566,0
DA:568,0
DA:569,0
DA:571,0
DA:579,0
DA:583,0
DA:586,0
DA:588,16
DA:590,16
LF:232
LH:179
BRDA:78,0,0,0
BRDA:72,1,0,0
BRDA:72,1,1,16
BRDA:86,2,0,0
BRDA:86,2,1,16
BRDA:159,3,0,46
BRDA:121,4,0,0
BRDA:121,4,1,46
BRDA:121,5,0,46
BRDA:121,5,1,0
BRDA:127,6,0,0
BRDA:127,6,1,0
BRDA:143,7,0,21
BRDA:143,7,1,54
BRDA:146,8,0,29
BRDA:146,8,1,46
BRDA:151,9,0,14
BRDA:151,9,1,15
BRDA:206,10,0,8
BRDA:206,10,1,59
BRDA:206,10,2,57
BRDA:177,11,0,25
BRDA:177,11,1,57
BRDA:192,12,0,8
BRDA:192,12,1,59
BRDA:192,12,2,47
BRDA:194,13,0,8
BRDA:194,13,1,0
BRDA:201,14,0,0
BRDA:201,14,1,0
BRDA:209,15,0,17
BRDA:209,15,1,52
BRDA:216,16,0,52
BRDA:216,16,1,52
BRDA:267,17,0,14
BRDA:267,17,1,20
BRDA:267,17,2,20
BRDA:267,17,3,1
BRDA:267,17,4,4
BRDA:267,17,5,4
BRDA:244,18,0,96
BRDA:244,18,1,43
BRDA:246,19,0,5
BRDA:246,19,1,91
BRDA:248,20,0,0
BRDA:248,20,1,91
BRDA:251,21,0,91
BRDA:251,21,1,89
BRDA:253,22,0,89
BRDA:253,22,1,89
BRDA:253,22,2,71
BRDA:256,23,0,20
BRDA:256,23,1,71
BRDA:261,24,0,14
BRDA:261,24,1,57
BRDA:273,25,0,20
BRDA:273,25,1,0
BRDA:284,26,0,4
BRDA:284,26,1,1
BRDA:302,27,0,18
BRDA:302,27,1,3
BRDA:303,28,0,2
BRDA:303,28,1,16
BRDA:308,29,0,2
BRDA:308,29,1,0
BRDA:313,30,0,0
BRDA:313,30,1,18
BRDA:313,31,0,0
BRDA:313,31,1,18
BRDA:314,32,0,18
BRDA:314,32,1,18
BRDA:316,33,0,18
BRDA:316,33,1,0
BRDA:325,34,0,0
BRDA:325,34,1,0
BRDA:329,35,0,0
BRDA:329,35,1,0
BRDA:366,36,0,0
BRDA:366,36,1,0
BRDA:338,37,0,1
BRDA:338,37,1,9
BRDA:349,38,0,0
BRDA:349,38,1,9
BRDA:391,39,0,0
BRDA:391,39,1,1
BRDA:394,40,0,1
BRDA:394,40,1,0
BRDA:405,41,0,0
BRDA:405,41,1,0
BRDA:454,42,0,0
BRDA:454,42,1,30
BRDA:455,43,0,0
BRDA:455,43,1,30
BRDA:513,44,0,2
BRDA:513,44,1,31
BRDA:483,45,0,91
BRDA:483,45,1,45
BRDA:497,46,0,2
BRDA:497,46,1,31
BRDA:497,46,2,58
BRDA:552,47,0,0
BRDA:586,48,0,0
BRF:102
BRH:71
end_of_record
TN:
SF:/Users/crolly/go/src/github.com/crolly/amplify-js/packages/datastore/src/storage/adapter/AsyncStorageDatabase.ts
FN:18,(anonymous_16)
FN:26,(anonymous_18)
FN:34,(anonymous_19)
FN:42,(anonymous_20)
FN:88,(anonymous_23)
FN:100,(anonymous_26)
FN:136,(anonymous_29)
FN:137,(anonymous_30)
FN:139,(anonymous_31)
FN:147,(anonymous_32)
FN:151,(anonymous_33)
FN:160,(anonymous_34)
FN:166,(anonymous_35)
FN:171,(anonymous_36)
FN:180,(anonymous_37)
FN:203,(anonymous_38)
FN:214,(anonymous_41)
FN:219,(anonymous_44)
FN:224,(anonymous_45)
FN:241,(anonymous_46)
FN:269,(anonymous_49)
FN:270,(anonymous_50)
FN:275,(anonymous_51)
FN:286,(anonymous_54)
FN:288,(anonymous_57)
FN:293,(anonymous_58)
FN:297,(anonymous_59)
FN:301,(anonymous_60)
FNF:28
FNH:13
FNDA:32,(anonymous_16)
FNDA:716,(anonymous_18)
FNDA:61,(anonymous_19)
FNDA:16,(anonymous_20)
FNDA:61,(anonymous_23)
FNDA:0,(anonymous_26)
FNDA:0,(anonymous_29)
FNDA:0,(anonymous_30)
FNDA:0,(anonymous_31)
FNDA:0,(anonymous_32)
FNDA:0,(anonymous_33)
FNDA:0,(anonymous_34)
FNDA:0,(anonymous_35)
FNDA:0,(anonymous_36)
FNDA:0,(anonymous_37)
FNDA:245,(anonymous_38)
FNDA:0,(anonymous_41)
FNDA:0,(anonymous_44)
FNDA:0,(anonymous_45)
FNDA:55,(anonymous_46)
FNDA:98,(anonymous_49)
FNDA:97,(anonymous_50)
FNDA:30,(anonymous_51)
FNDA:0,(anonymous_54)
FNDA:0,(anonymous_57)
FNDA:441,(anonymous_58)
FNDA:7,(anonymous_59)
FNDA:448,(anonymous_60)
DA:2,16
DA:9,16
DA:10,16
DA:12,16
DA:13,16
DA:14,16
DA:16,16
DA:18,16
DA:22,16
DA:24,16
DA:26,16
DA:27,716
DA:28,83
DA:31,716
DA:34,16
DA:35,61
DA:36,32
DA:39,61
DA:42,16
DA:43,16
DA:45,16
DA:47,16
DA:49,237
DA:50,237
DA:52,237
DA:53,240
DA:54,234
DA:56,461
DA:59,7
DA:61,7
DA:63,7
DA:64,7
DA:66,7
DA:68,14
DA:69,14
DA:71,7
DA:73,227
DA:76,234
DA:77,3
DA:78,3
DA:83,31
DA:84,2
DA:88,16
DA:89,61
DA:93,61
DA:95,61
DA:97,122
DA:100,16
DA:104,0
DA:105,0
DA:108,0
DA:110,0
DA:112,0
DA:113,0
DA:114,0
DA:115,0
DA:116,0
DA:117,0
DA:118,0
DA:120,0
DA:122,0
DA:123,0
DA:125,0
DA:126,0
DA:128,0
DA:132,0
DA:135,0
DA:136,0
DA:137,0
DA:139,0
DA:140,0
DA:141,0
DA:142,0
DA:145,0
DA:147,0
DA:148,0
DA:151,0
DA:152,0
DA:153,0
DA:155,0
DA:160,0
DA:161,0
DA:162,0
DA:163,0
DA:166,0
DA:171,0
DA:172,0
DA:173,0
DA:174,0
DA:177,0
DA:180,0
DA:181,0
DA:182,0
DA:184,0
DA:189,0
DA:190,0
DA:191,0
DA:192,0
DA:193,0
DA:200,0
DA:203,16
DA:207,245
DA:208,245
DA:209,245
DA:210,245
DA:211,245
DA:214,16
DA:215,0
DA:217,0
DA:221,0
DA:222,0
DA:226,0
DA:227,0
DA:229,0
DA:230,0
DA:232,0
DA:234,0
DA:241,16
DA:245,55
DA:247,55
DA:248,55
DA:249,55
DA:251,55
DA:252,55
DA:253,98
DA:254,98
DA:256,98
DA:257,0
DA:260,98
DA:262,98
DA:263,0
DA:267,55
DA:268,55
DA:269,98
DA:270,97
DA:272,55
DA:275,16
DA:276,30
DA:277,30
DA:279,30
DA:280,60
DA:286,16
DA:287,0
DA:288,0
DA:289,0
DA:290,0
DA:293,16
DA:294,441
DA:297,16
DA:298,7
DA:301,16
DA:302,448
DA:304,16
DA:306,16
LF:154
LH:86
BRDA:27,0,0,83
BRDA:27,0,1,633
BRDA:35,1,0,32
BRDA:35,1,1,29
BRDA:52,2,0,0
BRDA:52,2,1,237
BRDA:53,3,0,3
BRDA:53,3,1,234
BRDA:56,4,0,227
BRDA:56,4,1,7
BRDA:77,5,0,3
BRDA:77,5,1,0
BRDA:83,6,0,15
BRDA:83,6,1,1
BRDA:90,7,0,61
BRDA:90,7,1,54
BRDA:104,8,0,0
BRDA:104,8,1,0
BRDA:118,9,0,0
BRDA:118,9,1,0
BRDA:125,10,0,0
BRDA:125,10,1,0
BRDA:140,11,0,0
BRDA:140,11,1,0
BRDA:152,12,0,0
BRDA:152,12,1,0
BRDA:152,13,0,0
BRDA:152,13,1,0
BRDA:161,14,0,0
BRDA:161,14,1,0
BRDA:181,15,0,0
BRDA:181,15,1,0
BRDA:181,16,0,0
BRDA:181,16,1,0
BRDA:190,17,0,0
BRDA:190,17,1,0
BRDA:190,18,0,0
BRDA:190,18,1,0
BRDA:192,19,0,0
BRDA:192,19,1,0
BRDA:195,20,0,0
BRDA:195,20,1,0
BRDA:210,21,0,245
BRDA:210,21,1,137
BRDA:219,22,0,0
BRDA:219,22,1,0
BRDA:230,23,0,0
BRDA:230,23,1,0
BRDA:232,24,0,0
BRDA:232,24,1,0
BRDA:232,25,0,0
BRDA:232,25,1,0
BRDA:247,26,0,55
BRDA:247,26,1,51
BRDA:247,27,0,55
BRDA:247,27,1,0
BRDA:247,28,0,55
BRDA:247,28,1,0
BRDA:248,29,0,55
BRDA:248,29,1,55
BRDA:249,30,0,0
BRDA:249,30,1,55
BRDA:256,31,0,0
BRDA:256,31,1,98
BRDA:262,32,0,0
BRDA:262,32,1,98
BRDA:287,33,0,0
BRF:67
BRH:25
end_of_record
TN:
SF:/Users/crolly/go/src/github.com/crolly/amplify-js/packages/datastore/src/storage/adapter/IndexedDBAdapter.ts
FN:38,(anonymous_25)
FN:51,(anonymous_27)
FN:52,(anonymous_30)
FN:65,(anonymous_31)
FN:74,(anonymous_32)
FN:80,(anonymous_33)
FN:91,(anonymous_36)
FN:108,(anonymous_37)
FN:108,(anonymous_38)
FN:110,(anonymous_40)
FN:113,(anonymous_41)
FN:121,(anonymous_42)
FN:182,(anonymous_43)
FN:201,(anonymous_46)
FN:220,(anonymous_49)
FN:283,(anonymous_50)
FN:290,(anonymous_53)
FN:299,(anonymous_54)
FN:356,(anonymous_55)
FN:361,(anonymous_56)
FN:378,(anonymous_59)
FN:400,(anonymous_60)
FN:427,(anonymous_61)
FN:454,(anonymous_62)
FN:499,(anonymous_65)
FN:516,(anonymous_68)
FN:546,(anonymous_71)
FN:567,(anonymous_72)
FN:636,(anonymous_73)
FN:644,(anonymous_74)
FN:647,(anonymous_77)
FN:674,(anonymous_78)
FN:747,(anonymous_81)
FN:756,(anonymous_82)
FN:767,(anonymous_85)
FN:799,(anonymous_90)
FNF:36
FNH:31
FNDA:2,(anonymous_25)
FNDA:151,(anonymous_27)
FNDA:151,(anonymous_30)
FNDA:148,(anonymous_31)
FNDA:641,(anonymous_32)
FNDA:2,(anonymous_33)
FNDA:2,(anonymous_36)
FNDA:2,(anonymous_37)
FNDA:2,(anonymous_38)
FNDA:4,(anonymous_40)
FNDA:10,(anonymous_41)
FNDA:6,(anonymous_42)
FNDA:280,(anonymous_43)
FNDA:52,(anonymous_46)
FNDA:89,(anonymous_49)
FNDA:72,(anonymous_50)
FNDA:119,(anonymous_53)
FNDA:15,(anonymous_54)
FNDA:80,(anonymous_55)
FNDA:86,(anonymous_56)
FNDA:82,(anonymous_59)
FNDA:26,(anonymous_60)
FNDA:7,(anonymous_61)
FNDA:1,(anonymous_62)
FNDA:0,(anonymous_65)
FNDA:10,(anonymous_68)
FNDA:48,(anonymous_71)
FNDA:0,(anonymous_72)
FNDA:0,(anonymous_73)
FNDA:9,(anonymous_74)
FNDA:48,(anonymous_77)
FNDA:48,(anonymous_78)
FNDA:40,(anonymous_81)
FNDA:1,(anonymous_82)
FNDA:0,(anonymous_85)
FNDA:0,(anonymous_90)
DA:1,1
DA:2,1
DA:4,1
DA:8,1
DA:22,1
DA:34,1
DA:36,1
DA:38,1
DA:51,1
DA:52,151
DA:53,151
DA:55,151
DA:56,0
DA:57,0
DA:61,151
DA:65,1
DA:68,148
DA:69,148
DA:71,148
DA:74,1
DA:75,641
DA:77,641
DA:80,1
DA:89,4
DA:90,2
DA:91,2
DA:92,2
DA:93,2
DA:96,0
DA:99,2
DA:100,2
DA:101,2
DA:102,2
DA:105,2
DA:106,2
DA:107,2
DA:108,2
DA:109,2
DA:110,1
DA:111,4
DA:113,4
DA:114,10
DA:115,10
DA:119,10
DA:121,10
DA:123,10
DA:127,1
DA:130,1
DA:132,9
DA:133,9
DA:136,9
DA:137,9
DA:140,9
DA:145,9
DA:147,9
DA:148,9
DA:151,31
DA:153,44
DA:155,22
DA:156,22
DA:160,9
DA:162,9
DA:165,0
DA:166,0
DA:167,0
DA:170,1
DA:175,2
DA:178,0
DA:182,1
DA:188,280
DA:189,78
DA:190,78
DA:192,202
DA:193,202
DA:196,280
DA:198,280
DA:201,1
DA:205,104
DA:206,52
DA:208,52
DA:209,52
DA:216,52
DA:218,52
DA:219,52
DA:220,89
DA:221,89
DA:222,89
DA:223,89
DA:226,52
DA:230,52
DA:232,52
DA:234,52
DA:235,0
DA:236,0
DA:238,0
DA:240,0
DA:241,0
DA:242,0
DA:244,0
DA:248,52
DA:250,89
DA:251,89
DA:252,89
DA:254,89
DA:256,89
DA:257,89
DA:262,126
DA:263,52
DA:264,104
DA:266,52
DA:268,56
DA:270,18
DA:271,36
DA:273,18
DA:278,104
DA:280,52
DA:283,1
DA:288,72
DA:289,72
DA:290,119
DA:291,119
DA:293,72
DA:298,72
DA:299,11
DA:300,15
DA:304,61
DA:306,119
DA:307,119
DA:308,119
DA:309,119
DA:310,119
DA:315,119
DA:316,8
DA:317,8
DA:318,16
DA:319,0
DA:324,0
DA:330,8
DA:331,62
DA:332,84
DA:333,108
DA:334,60
DA:339,60
DA:342,60
DA:346,62
DA:347,49
DA:349,49
DA:351,0
DA:352,0
DA:356,61
DA:357,80
DA:361,1
DA:366,172
DA:367,86
DA:368,86
DA:369,86
DA:371,88
DA:372,84
DA:373,84
DA:374,84
DA:375,84
DA:378,82
DA:381,90
DA:382,78
DA:384,78
DA:386,92
DA:387,64
DA:391,64
DA:393,14
DA:397,6
DA:399,6
DA:400,26
DA:403,6
DA:411,3
DA:412,1
DA:413,1
DA:420,1
DA:421,1
DA:423,1
DA:427,1
DA:431,7
DA:432,4
DA:433,2
DA:437,2
DA:438,2
DA:439,2
DA:443,8
DA:444,4
DA:446,4
DA:448,4
DA:451,3
DA:454,1
DA:460,1
DA:461,1
DA:462,1
DA:464,1
DA:469,2
DA:470,0
DA:473,1
DA:475,1
DA:476,1
DA:477,1
DA:478,8
DA:479,7
DA:481,7
DA:483,7
DA:484,0
DA:485,0
DA:487,7
DA:491,1
DA:493,0
DA:496,1
DA:499,1
DA:501,0
DA:503,0
DA:504,0
DA:506,0
DA:511,0
DA:513,0
DA:516,1
DA:520,20
DA:521,10
DA:523,11
DA:524,9
DA:525,9
DA:527,9
DA:529,9
DA:530,9
DA:534,9
DA:535,18
DA:543,18
DA:545,9
DA:546,48
DA:550,9
DA:552,0
DA:561,0
DA:566,0
DA:567,0
DA:571,0
DA:574,1
DA:576,1
DA:578,1
DA:580,1
DA:582,1
DA:583,1
DA:584,1
DA:586,1
DA:588,1
DA:589,1
DA:590,1
DA:592,1
DA:595,0
DA:596,0
DA:598,0
DA:600,0
DA:601,0
DA:602,0
DA:604,0
DA:606,0
DA:608,0
DA:612,0
DA:620,0
DA:624,0
DA:633,0
DA:635,0
DA:636,0
DA:640,0
DA:644,1
DA:647,48
DA:648,48
DA:651,9
DA:652,48
DA:653,48
DA:654,48
DA:656,48
DA:657,40
DA:658,40
DA:660,40
DA:661,40
DA:663,0
DA:666,40
DA:667,80
DA:674,1
DA:681,108
DA:682,108
DA:683,108
DA:685,108
DA:699,108
DA:700,2
DA:701,2
DA:702,2
DA:708,4
DA:717,2
DA:718,33
DA:719,37
DA:720,37
DA:726,74
DA:735,33
DA:736,73
DA:738,73
DA:740,0
DA:741,0
DA:745,48
DA:748,40
DA:756,1
DA:757,2
DA:759,1
DA:761,2
DA:763,1
DA:764,1
DA:767,1
DA:771,0
DA:772,0
DA:775,0
DA:777,0
DA:779,0
DA:781,0
DA:782,0
DA:784,0
DA:785,0
DA:793,0
DA:794,0
DA:795,0
DA:797,0
DA:798,0
DA:799,0
DA:802,0
DA:806,0
DA:808,0
DA:810,0
DA:811,0
DA:816,0
DA:818,0
DA:820,1
DA:822,1
LF:335
LH:261
BRDA:52,0,0,151
BRDA:55,1,0,0
BRDA:55,1,1,151
BRDA:89,2,0,2
BRDA:89,2,1,0
BRDA:90,3,0,0
BRDA:90,3,1,2
BRDA:105,4,0,0
BRDA:105,4,1,2
BRDA:170,5,0,1
BRDA:109,6,0,1
BRDA:109,6,1,1
BRDA:130,7,0,0
BRDA:130,7,1,1
BRDA:130,8,0,1
BRDA:130,8,1,1
BRDA:151,9,0,9
BRDA:151,9,1,22
BRDA:151,10,0,31
BRDA:151,10,1,22
BRDA:188,11,0,78
BRDA:188,11,1,202
BRDA:205,12,0,52
BRDA:205,12,1,52
BRDA:234,13,0,0
BRDA:234,13,1,52
BRDA:234,14,0,52
BRDA:234,14,1,0
BRDA:240,15,0,0
BRDA:240,15,1,0
BRDA:258,16,0,63
BRDA:258,16,1,26
BRDA:262,17,0,37
BRDA:262,17,1,52
BRDA:268,18,0,19
BRDA:268,18,1,18
BRDA:330,19,0,8
BRDA:330,19,1,62
BRDA:330,19,2,61
BRDA:298,20,0,11
BRDA:298,20,1,61
BRDA:316,21,0,8
BRDA:316,21,1,62
BRDA:316,21,2,49
BRDA:318,22,0,8
BRDA:318,22,1,0
BRDA:325,23,0,0
BRDA:325,23,1,0
BRDA:333,24,0,24
BRDA:333,24,1,60
BRDA:340,25,0,60
BRDA:340,25,1,60
BRDA:366,26,0,86
BRDA:366,26,1,14
BRDA:366,26,2,6
BRDA:366,26,3,6
BRDA:366,26,4,1
BRDA:366,26,5,1
BRDA:366,26,6,1
BRDA:369,27,0,86
BRDA:369,27,1,26
BRDA:371,28,0,2
BRDA:371,28,1,84
BRDA:373,29,0,0
BRDA:373,29,1,84
BRDA:376,30,0,84
BRDA:376,30,1,82
BRDA:378,31,0,82
BRDA:378,31,1,82
BRDA:378,31,2,78
BRDA:381,32,0,6
BRDA:381,32,1,78
BRDA:386,33,0,14
BRDA:386,33,1,64
BRDA:400,34,0,6
BRDA:400,34,1,0
BRDA:411,35,0,1
BRDA:411,35,1,1
BRDA:431,36,0,4
BRDA:431,36,1,3
BRDA:432,37,0,2
BRDA:432,37,1,2
BRDA:437,38,0,2
BRDA:437,38,1,0
BRDA:443,39,0,0
BRDA:443,39,1,4
BRDA:443,40,0,0
BRDA:443,40,1,4
BRDA:444,41,0,4
BRDA:444,41,1,4
BRDA:446,42,0,4
BRDA:446,42,1,0
BRDA:493,43,0,0
BRDA:493,43,1,1
BRDA:460,44,0,0
BRDA:460,44,1,1
BRDA:461,45,0,1
BRDA:461,45,1,0
BRDA:461,46,0,1
BRDA:461,46,1,0
BRDA:462,47,0,1
BRDA:462,47,1,1
BRDA:469,48,0,1
BRDA:469,48,1,0
BRDA:469,49,0,1
BRDA:469,49,1,1
BRDA:475,50,0,1
BRDA:475,50,1,1
BRDA:478,51,0,1
BRDA:478,51,1,7
BRDA:478,52,0,8
BRDA:478,52,1,7
BRDA:478,52,2,7
BRDA:483,53,0,0
BRDA:483,53,1,7
BRDA:485,54,0,0
BRDA:485,54,1,0
BRDA:501,55,0,0
BRDA:501,55,1,0
BRDA:503,56,0,0
BRDA:509,57,0,0
BRDA:509,57,1,0
BRDA:511,58,0,0
BRDA:511,58,1,0
BRDA:513,59,0,0
BRDA:513,59,1,0
BRDA:520,60,0,10
BRDA:520,60,1,0
BRDA:520,60,2,0
BRDA:523,61,0,1
BRDA:523,61,1,9
BRDA:534,62,0,0
BRDA:534,62,1,9
BRDA:582,63,0,0
BRDA:582,63,1,1
BRDA:588,64,0,1
BRDA:588,64,1,0
BRDA:600,65,0,0
BRDA:600,65,1,0
BRDA:663,66,0,0
BRDA:657,67,0,0
BRDA:657,67,1,40
BRDA:660,68,0,0
BRDA:660,68,1,40
BRDA:666,69,0,0
BRDA:666,69,1,40
BRDA:717,70,0,2
BRDA:717,70,1,33
BRDA:686,71,0,108
BRDA:686,71,1,59
BRDA:700,72,0,2
BRDA:700,72,1,33
BRDA:700,72,2,73
BRDA:711,73,0,1
BRDA:711,73,1,1
BRDA:757,74,0,1
BRDA:816,75,0,0
BRDA:771,76,0,0
BRDA:771,76,1,0
BRDA:797,77,0,0
BRDA:797,77,1,0
BRDA:804,78,0,0
BRDA:804,78,1,0
BRDA:810,79,0,0
BRDA:810,79,1,0
BRF:165
BRH:110
end_of_record
TN:
SF:/Users/crolly/go/src/github.com/crolly/amplify-js/packages/datastore/src/storage/adapter/getDefaultAdapter/index.ts
FN:4,(anonymous_0)
FNF:1
FNH:1
FNDA:2,(anonymous_0)
DA:1,1
DA:4,1
DA:5,2
DA:7,2
DA:8,2
DA:11,0
DA:13,0
DA:16,1
LF:8
LH:6
BRDA:7,0,0,2
BRDA:7,0,1,0
BRDA:7,1,0,2
BRDA:7,1,1,2
BRDA:7,1,2,0
BRDA:7,1,3,0
BRF:6
BRH:3
end_of_record
TN:
SF:/Users/crolly/go/src/github.com/crolly/amplify-js/packages/datastore/src/sync/datastoreConnectivity.ts
FN:14,(anonymous_3)
FN:17,DataStoreConnectivity
FN:23,(anonymous_5)
FN:27,(anonymous_6)
FN:31,(anonymous_7)
FN:39,(anonymous_8)
FN:45,(anonymous_9)
FN:49,(anonymous_10)
FNF:8
FNH:1
FNDA:77,(anonymous_3)
FNDA:0,DataStoreConnectivity
FNDA:0,(anonymous_5)
FNDA:0,(anonymous_6)
FNDA:0,(anonymous_7)
FNDA:0,(anonymous_8)
FNDA:0,(anonymous_9)
FNDA:0,(anonymous_10)
DA:1,77
DA:2,77
DA:3,77
DA:5,77
DA:7,77
DA:14,77
DA:18,0
DA:23,77
DA:24,0
DA:25,0
DA:27,0
DA:28,0
DA:31,0
DA:32,0
DA:34,0
DA:36,0
DA:39,0
DA:40,0
DA:45,77
DA:46,0
DA:47,0
DA:49,0
DA:50,0
DA:51,0
DA:55,77
LF:25
LH:9
BRDA:24,0,0,0
BRDA:24,0,1,0
BRDA:46,1,0,0
BRDA:46,1,1,0
BRDA:46,2,0,0
BRDA:46,2,1,0
BRF:6
BRH:0
end_of_record
TN:
SF:/Users/crolly/go/src/github.com/crolly/amplify-js/packages/datastore/src/sync/index.ts
FN:75,(anonymous_18)
FN:88,(anonymous_19)
FN:97,SyncEngine
FN:147,(anonymous_21)
FN:148,(anonymous_22)
FN:153,(anonymous_23)
FN:163,(anonymous_26)
FN:164,(anonymous_27)
FN:221,(anonymous_30)
FN:224,(anonymous_31)
FN:235,(anonymous_32)
FN:238,(anonymous_33)
FN:258,(anonymous_34)
FN:268,(anonymous_35)
FN:296,(anonymous_36)
FN:306,(anonymous_37)
FN:324,(anonymous_38)
FN:334,(anonymous_39)
FN:340,(anonymous_40)
FN:404,(anonymous_43)
FN:405,(anonymous_44)
FN:410,(anonymous_45)
FN:415,(anonymous_48)
FN:440,(anonymous_49)
FN:447,(anonymous_50)
FN:451,(anonymous_51)
FN:473,(anonymous_56)
FN:477,(anonymous_57)
FN:507,(anonymous_60)
FN:507,(anonymous_61)
FN:511,(anonymous_63)
FN:543,(anonymous_64)
FN:584,(anonymous_65)
FN:623,(anonymous_66)
FN:631,(anonymous_67)
FN:647,(anonymous_68)
FN:653,(anonymous_69)
FN:665,(anonymous_70)
FN:668,(anonymous_71)
FN:679,(anonymous_72)
FN:683,(anonymous_75)
FN:685,(anonymous_76)
FN:690,(anonymous_77)
FN:701,(anonymous_78)
FN:709,(anonymous_81)
FN:711,(anonymous_82)
FN:712,(anonymous_83)
FN:717,(anonymous_84)
FN:749,(anonymous_87)
FN:775,(anonymous_88)
FN:784,(anonymous_91)
FN:793,(anonymous_94)
FN:804,(anonymous_95)
FN:816,(anonymous_96)
FNF:54
FNH:3
FNDA:77,(anonymous_18)
FNDA:77,(anonymous_19)
FNDA:0,SyncEngine
FNDA:0,(anonymous_21)
FNDA:0,(anonymous_22)
FNDA:0,(anonymous_23)
FNDA:0,(anonymous_26)
FNDA:0,(anonymous_27)
FNDA:0,(anonymous_30)
FNDA:0,(anonymous_31)
FNDA:0,(anonymous_32)
FNDA:0,(anonymous_33)
FNDA:0,(anonymous_34)
FNDA:0,(anonymous_35)
FNDA:0,(anonymous_36)
FNDA:0,(anonymous_37)
FNDA:0,(anonymous_38)
FNDA:0,(anonymous_39)
FNDA:0,(anonymous_40)
FNDA:0,(anonymous_43)
FNDA:0,(anonymous_44)
FNDA:0,(anonymous_45)
FNDA:0,(anonymous_48)
FNDA:0,(anonymous_49)
FNDA:0,(anonymous_50)
FNDA:0,(anonymous_51)
FNDA:0,(anonymous_56)
FNDA:0,(anonymous_57)
FNDA:0,(anonymous_60)
FNDA:0,(anonymous_61)
FNDA:0,(anonymous_63)
FNDA:0,(anonymous_64)
FNDA:0,(anonymous_65)
FNDA:0,(anonymous_66)
FNDA:0,(anonymous_67)
FNDA:0,(anonymous_68)
FNDA:0,(anonymous_69)
FNDA:0,(anonymous_70)
FNDA:0,(anonymous_71)
FNDA:0,(anonymous_72)
FNDA:0,(anonymous_75)
FNDA:0,(anonymous_76)
FNDA:0,(anonymous_77)
FNDA:0,(anonymous_78)
FNDA:0,(anonymous_81)
FNDA:0,(anonymous_82)
FNDA:0,(anonymous_83)
FNDA:0,(anonymous_84)
FNDA:0,(anonymous_87)
FNDA:0,(anonymous_88)
FNDA:0,(anonymous_91)
FNDA:0,(anonymous_94)
FNDA:0,(anonymous_95)
FNDA:56,(anonymous_96)
DA:1,77
DA:2,77
DA:3,77
DA:5,77
DA:7,77
DA:24,77
DA:25,77
DA:26,77
DA:27,77
DA:28,77
DA:29,77
DA:30,77
DA:31,77
DA:37,77
DA:38,77
DA:40,77
DA:75,77
DA:76,77
DA:77,77
DA:78,77
DA:79,77
DA:80,77
DA:81,77
DA:82,77
DA:83,77
DA:84,77
DA:85,77
DA:88,77
DA:89,0
DA:98,0
DA:99,0
DA:100,0
DA:101,0
DA:102,0
DA:103,0
DA:104,0
DA:105,0
DA:108,0
DA:109,0
DA:111,0
DA:115,0
DA:122,0
DA:124,0
DA:130,0
DA:135,0
DA:147,77
DA:148,0
DA:149,0
DA:151,0
DA:153,0
DA:155,0
DA:157,0
DA:158,0
DA:161,0
DA:163,0
DA:164,0
DA:166,0
DA:167,0
DA:169,0
DA:176,0
DA:177,0
DA:183,0
DA:184,0
DA:189,0
DA:199,0
DA:200,0
DA:206,0
DA:207,0
DA:210,0
DA:212,0
DA:221,0
DA:222,0
DA:225,0
DA:227,0
DA:230,0
DA:233,0
DA:236,0
DA:239,0
DA:244,0
DA:245,0
DA:249,0
DA:250,0
DA:255,0
DA:258,0
DA:259,0
DA:263,0
DA:268,0
DA:269,0
DA:272,0
DA:281,0
DA:293,0
DA:294,0
DA:296,0
DA:297,0
DA:301,0
DA:306,0
DA:307,0
DA:314,0
DA:315,0
DA:317,0
DA:324,0
DA:325,0
DA:328,0
DA:332,0
DA:334,0
DA:335,0
DA:337,0
DA:340,0
DA:341,0
DA:344,0
DA:347,0
DA:348,0
DA:359,0
DA:361,0
DA:369,0
DA:376,0
DA:378,0
DA:379,0
DA:384,0
DA:388,0
DA:389,0
DA:390,0
DA:397,0
DA:399,0
DA:404,0
DA:405,0
DA:410,77
DA:413,0
DA:414,0
DA:416,0
DA:417,0
DA:418,0
DA:419,0
DA:420,0
DA:421,0
DA:423,0
DA:425,0
DA:429,0
DA:437,0
DA:440,77
DA:443,0
DA:444,0
DA:447,0
DA:451,0
DA:452,0
DA:453,0
DA:462,0
DA:465,0
DA:473,0
DA:474,0
DA:478,0
DA:479,0
DA:480,0
DA:481,0
DA:482,0
DA:483,0
DA:485,0
DA:489,0
DA:490,0
DA:496,0
DA:497,0
DA:507,0
DA:508,0
DA:510,0
DA:511,0
DA:512,0
DA:513,0
DA:516,0
DA:517,0
DA:520,0
DA:522,0
DA:523,0
DA:528,0
DA:529,0
DA:533,0
DA:534,0
DA:541,0
DA:543,0
DA:544,0
DA:546,0
DA:547,0
DA:549,0
DA:550,0
DA:552,0
DA:553,0
DA:555,0
DA:560,0
DA:561,0
DA:564,0
DA:569,0
DA:571,0
DA:573,0
DA:581,0
DA:585,0
DA:586,0
DA:592,0
DA:599,0
DA:601,0
DA:611,0
DA:613,0
DA:614,0
DA:615,0
DA:616,0
DA:619,0
DA:624,0
DA:628,0
DA:631,0
DA:636,0
DA:641,0
DA:647,0
DA:648,0
DA:653,0
DA:654,0
DA:655,0
DA:658,0
DA:659,0
DA:665,77
DA:668,0
DA:670,0
DA:674,0
DA:679,77
DA:683,0
DA:684,0
DA:686,0
DA:687,0
DA:691,0
DA:692,0
DA:695,0
DA:701,77
DA:702,0
DA:703,0
DA:706,0
DA:709,0
DA:710,0
DA:711,0
DA:713,0
DA:717,0
DA:718,0
DA:719,0
DA:723,0
DA:727,0
DA:728,0
DA:741,0
DA:744,0
DA:746,0
DA:750,0
DA:753,0
DA:754,0
DA:755,0
DA:756,0
DA:762,0
DA:765,0
DA:766,0
DA:767,0
DA:769,0
DA:772,0
DA:775,77
DA:776,0
DA:779,0
DA:781,0
DA:784,77
DA:788,0
DA:791,0
DA:793,0
DA:796,0
DA:801,0
DA:804,77
DA:807,0
DA:809,0
DA:813,0
DA:816,77
DA:817,56
DA:918,56
DA:920,77
LF:274
LH:41
BRDA:75,0,0,77
BRDA:75,0,1,77
BRDA:109,1,0,0
BRDA:109,1,1,0
BRDA:166,2,0,0
BRDA:166,2,1,0
BRDA:166,3,0,0
BRDA:166,3,1,0
BRDA:183,4,0,0
BRDA:183,4,1,0
BRDA:227,5,0,0
BRDA:227,5,1,0
BRDA:244,6,0,0
BRDA:244,6,1,0
BRDA:293,7,0,0
BRDA:293,7,1,0
BRDA:314,8,0,0
BRDA:314,8,1,0
BRDA:378,9,0,0
BRDA:378,9,1,0
BRDA:426,10,0,0
BRDA:426,10,1,0
BRDA:425,11,0,0
BRDA:425,11,1,0
BRDA:443,12,0,0
BRDA:443,12,1,0
BRDA:489,13,0,0
BRDA:489,13,1,0
BRDA:499,14,0,0
BRDA:499,14,1,0
BRDA:508,15,0,0
BRDA:512,16,0,0
BRDA:512,16,1,0
BRDA:528,17,0,0
BRDA:528,17,1,0
BRDA:545,18,0,0
BRDA:545,18,1,0
BRDA:545,18,2,0
BRDA:545,18,3,0
BRDA:560,19,0,0
BRDA:560,19,1,0
BRDA:575,20,0,0
BRDA:575,20,1,0
BRDA:578,21,0,0
BRDA:578,21,1,0
BRDA:587,22,0,0
BRDA:587,22,1,0
BRDA:613,23,0,0
BRDA:613,23,1,0
BRDA:452,24,0,0
BRDA:452,24,1,0
BRDA:654,25,0,0
BRDA:654,25,1,0
BRDA:658,26,0,0
BRDA:658,26,1,0
BRDA:670,27,0,0
BRDA:670,27,1,0
BRDA:671,28,0,0
BRDA:671,28,1,0
BRDA:686,29,0,0
BRDA:686,29,1,0
BRDA:772,30,0,0
BRDA:718,31,0,0
BRDA:718,31,1,0
BRDA:724,32,0,0
BRDA:724,32,1,0
BRDA:727,33,0,0
BRDA:727,33,1,0
BRDA:742,34,0,0
BRDA:742,34,1,0
BRDA:753,35,0,0
BRDA:753,35,1,0
BRF:72
BRH:2
end_of_record
TN:
SF:/Users/crolly/go/src/github.com/crolly/amplify-js/packages/datastore/src/sync/merger.ts
FN:9,(anonymous_14)
FN:10,ModelMerger
FN:15,(anonymous_16)
FN:36,(anonymous_19)
FNF:4
FNH:1
FNDA:77,(anonymous_14)
FNDA:0,ModelMerger
FNDA:0,(anonymous_16)
FNDA:0,(anonymous_19)
DA:2,77
DA:9,77
DA:11,0
DA:12,0
DA:15,77
DA:20,0
DA:22,0
DA:24,0
DA:25,0
DA:26,0
DA:27,0
DA:29,0
DA:33,0
DA:36,77
DA:41,0
DA:43,77
DA:45,77
LF:17
LH:6
BRDA:20,0,0,0
BRDA:20,0,1,0
BRDA:20,0,2,0
BRDA:24,1,0,0
BRDA:24,1,1,0
BRDA:25,2,0,0
BRDA:25,2,1,0
BRDA:41,3,0,0
BRDA:41,3,1,0
BRF:9
BRH:0
end_of_record
TN:
SF:/Users/crolly/go/src/github.com/crolly/amplify-js/packages/datastore/src/sync/outbox.ts
FN:16,(anonymous_14)
FN:19,MutationEventOutbox
FN:26,(anonymous_16)
FN:30,(anonymous_19)
FN:30,(anonymous_20)
FN:37,(anonymous_22)
FN:59,(anonymous_23)
FN:82,(anonymous_24)
FN:97,(anonymous_27)
FN:105,(anonymous_30)
FN:116,(anonymous_33)
FN:123,(anonymous_34)
FN:128,(anonymous_37)
FNF:13
FNH:1
FNDA:77,(anonymous_14)
FNDA:0,MutationEventOutbox
FNDA:0,(anonymous_16)
FNDA:0,(anonymous_19)
FNDA:0,(anonymous_20)
FNDA:0,(anonymous_22)
FNDA:0,(anonymous_23)
FNDA:0,(anonymous_24)
FNDA:0,(anonymous_27)
FNDA:0,(anonymous_30)
FNDA:0,(anonymous_33)
FNDA:0,(anonymous_34)
FNDA:0,(anonymous_37)
DA:2,77
DA:4,77
DA:11,77
DA:12,77
DA:16,77
DA:20,0
DA:21,0
DA:22,0
DA:23,0
DA:26,77
DA:30,0
DA:31,0
DA:35,0
DA:38,0
DA:43,0
DA:45,0
DA:46,0
DA:47,0
DA:50,0
DA:52,0
DA:53,0
DA:55,0
DA:58,0
DA:60,0
DA:67,0
DA:68,0
DA:71,0
DA:73,0
DA:77,0
DA:82,77
DA:83,0
DA:85,0
DA:87,0
DA:89,0
DA:97,77
DA:98,0
DA:100,0
DA:102,0
DA:105,77
DA:109,0
DA:112,0
DA:116,0
DA:120,0
DA:123,77
DA:124,0
DA:126,0
DA:128,0
DA:130,0
DA:132,77
DA:134,77
LF:50
LH:12
BRDA:45,0,0,0
BRDA:45,0,1,0
BRDA:52,1,0,0
BRDA:52,1,1,0
BRDA:53,2,0,0
BRDA:53,2,1,0
BRDA:71,3,0,0
BRDA:71,3,1,0
BRDA:83,4,0,0
BRDA:98,5,0,0
BRDA:100,6,0,0
BRDA:100,6,1,0
BRDA:124,7,0,0
BRF:13
BRH:0
end_of_record
TN:
SF:/Users/crolly/go/src/github.com/crolly/amplify-js/packages/datastore/src/sync/utils.ts
FN:27,(anonymous_2)
FN:35,(anonymous_3)
FN:51,getMetadataFields
FN:55,generateSelectionSet
FN:67,(anonymous_6)
FN:82,getImplicitOwnerField
FN:92,isOwnerBasedModel
FN:97,(anonymous_9)
FN:100,(anonymous_10)
FN:105,getScalarFields
FN:111,(anonymous_12)
FN:118,(anonymous_13)
FN:127,getConnectionFields
FN:131,(anonymous_15)
FN:132,(anonymous_16)
FN:153,getNonModelFields
FN:159,(anonymous_18)
FN:163,(anonymous_19)
FN:167,(anonymous_20)
FN:186,getAuthorizationRules
FN:192,(anonymous_22)
FN:198,(anonymous_23)
FN:232,(anonymous_24)
FN:256,buildSubscriptionGraphQLOperation
FN:287,buildGraphQLOperation
FN:355,createMutationInstanceFromModelOperation
FN:396,predicateToGraphQLCondition
FN:405,(anonymous_29)
FN:422,predicateToGraphQLFilter
FN:436,(anonymous_31)
FN:439,(anonymous_32)
FN:457,getUserGroupsFromToken
FNF:32
FNH:29
FNDA:79,(anonymous_2)
FNDA:79,(anonymous_3)
FNDA:11,getMetadataFields
FNDA:19,generateSelectionSet
FNDA:31,(anonymous_6)
FNDA:19,getImplicitOwnerField
FNDA:18,isOwnerBasedModel
FNDA:12,(anonymous_9)
FNDA:2,(anonymous_10)
FNDA:27,getScalarFields
FNDA:95,(anonymous_12)
FNDA:47,(anonymous_13)
FNDA:11,getConnectionFields
FNDA:63,(anonymous_15)
FNDA:32,(anonymous_16)
FNDA:19,getNonModelFields
FNDA:71,(anonymous_18)
FNDA:16,(anonymous_19)
FNDA:24,(anonymous_20)
FNDA:14,getAuthorizationRules
FNDA:28,(anonymous_22)
FNDA:15,(anonymous_23)
FNDA:7,(anonymous_24)
FNDA:3,buildSubscriptionGraphQLOperation
FNDA:5,buildGraphQLOperation
FNDA:0,createMutationInstanceFromModelOperation
FNDA:0,predicateToGraphQLCondition
FNDA:0,(anonymous_29)
FNDA:6,predicateToGraphQLFilter
FNDA:10,(anonymous_31)
FNDA:10,(anonymous_32)
FNDA:8,getUserGroupsFromToken
DA:2,79
DA:24,79
DA:27,79
DA:28,79
DA:29,79
DA:30,79
DA:31,79
DA:32,79
DA:35,79
DA:36,79
DA:37,79
DA:38,79
DA:39,79
DA:42,79
DA:49,79
DA:51,79
DA:52,11
DA:55,79
DA:59,19
DA:60,19
DA:61,19
DA:66,19
DA:67,31
DA:71,19
DA:72,11
DA:77,19
DA:79,19
DA:86,19
DA:87,1
DA:89,18
DA:93,18
DA:98,12
DA:100,2
DA:108,27
DA:110,27
DA:112,95
DA:113,47
DA:116,48
DA:119,47
DA:121,47
DA:124,27
DA:128,11
DA:130,11
DA:131,63
DA:132,32
DA:133,32
DA:135,32
DA:139,16
DA:141,16
DA:142,16
DA:144,16
DA:146,0
DA:150,11
DA:157,19
DA:159,71
DA:160,71
DA:161,8
DA:162,8
DA:163,16
DA:166,8
DA:167,8
DA:168,24
DA:170,24
DA:171,8
DA:173,8
DA:179,8
DA:183,19
DA:186,79
DA:190,14
DA:192,28
DA:194,28
DA:196,14
DA:198,14
DA:201,30
DA:202,30
DA:203,30
DA:204,30
DA:205,30
DA:206,30
DA:207,30
DA:210,15
DA:211,15
DA:213,15
DA:214,0
DA:217,15
DA:227,15
DA:230,7
DA:232,7
DA:235,14
DA:240,7
DA:244,15
DA:246,7
DA:247,7
DA:250,8
DA:253,14
DA:256,79
DA:263,3
DA:265,3
DA:267,3
DA:268,3
DA:269,3
DA:271,3
DA:272,0
DA:273,0
DA:276,3
DA:287,79
DA:292,5
DA:294,5
DA:297,5
DA:298,5
DA:301,5
DA:303,1
DA:304,1
DA:305,1
DA:307,1
DA:312,1
DA:314,1
DA:315,1
DA:316,1
DA:317,1
DA:318,1
DA:320,1
DA:321,1
DA:322,1
DA:323,1
DA:324,1
DA:326,1
DA:327,1
DA:328,1
DA:329,1
DA:330,1
DA:332,1
DA:333,1
DA:334,1
DA:335,1
DA:336,1
DA:339,0
DA:342,5
DA:355,79
DA:370,0
DA:372,0
DA:373,0
DA:375,0
DA:376,0
DA:378,0
DA:379,0
DA:381,0
DA:384,0
DA:393,0
DA:396,79
DA:399,0
DA:401,0
DA:402,0
DA:405,0
DA:406,0
DA:407,0
DA:409,0
DA:410,0
DA:413,0
DA:415,0
DA:419,0
DA:422,79
DA:425,6
DA:427,6
DA:428,0
DA:431,6
DA:432,6
DA:434,6
DA:436,6
DA:437,10
DA:439,6
DA:440,10
DA:441,8
DA:443,8
DA:447,8
DA:448,8
DA:451,2
DA:454,6
DA:457,79
DA:462,8
DA:464,8
DA:465,3
DA:466,3
DA:467,3
DA:469,1
DA:471,3
DA:474,8
LF:187
LH:160
BRDA:27,0,0,79
BRDA:27,0,1,79
BRDA:35,1,0,79
BRDA:35,1,1,79
BRDA:71,2,0,11
BRDA:71,2,1,8
BRDA:86,3,0,1
BRDA:86,3,1,18
BRDA:86,4,0,19
BRDA:86,4,1,18
BRDA:94,5,0,18
BRDA:94,5,1,10
BRDA:94,5,2,10
BRDA:98,6,0,12
BRDA:98,6,1,12
BRDA:98,6,2,2
BRDA:112,7,0,47
BRDA:112,7,1,48
BRDA:112,8,0,95
BRDA:112,8,1,48
BRDA:131,9,0,63
BRDA:131,9,1,32
BRDA:136,10,0,0
BRDA:136,10,1,16
BRDA:136,10,2,16
BRDA:136,10,3,0
BRDA:141,11,0,16
BRDA:141,11,1,0
BRDA:160,12,0,8
BRDA:160,12,1,63
BRDA:170,13,0,8
BRDA:170,13,1,16
BRDA:192,14,0,28
BRDA:192,14,1,28
BRDA:194,15,0,14
BRDA:194,15,1,0
BRDA:194,16,0,0
BRDA:194,16,1,28
BRDA:201,17,0,4
BRDA:201,17,1,11
BRDA:202,18,0,4
BRDA:202,18,1,11
BRDA:203,19,0,0
BRDA:203,19,1,15
BRDA:204,20,0,0
BRDA:204,20,1,15
BRDA:205,21,0,12
BRDA:205,21,1,3
BRDA:206,22,0,0
BRDA:206,22,1,15
BRDA:207,23,0,11
BRDA:207,23,1,4
BRDA:213,24,0,0
BRDA:213,24,1,15
BRDA:213,25,0,15
BRDA:213,25,1,1
BRDA:227,26,0,7
BRDA:227,26,1,8
BRDA:232,27,0,7
BRDA:232,27,1,7
BRDA:235,28,0,7
BRDA:235,28,1,0
BRDA:235,29,0,0
BRDA:235,29,1,7
BRDA:235,30,0,12
BRDA:235,30,1,2
BRDA:241,31,0,7
BRDA:241,31,1,6
BRDA:244,32,0,7
BRDA:244,32,1,8
BRDA:271,33,0,0
BRDA:271,33,1,3
BRDA:302,34,0,1
BRDA:302,34,1,1
BRDA:302,34,2,1
BRDA:302,34,3,1
BRDA:302,34,4,1
BRDA:302,34,5,0
BRDA:371,35,0,0
BRDA:371,35,1,0
BRDA:371,35,2,0
BRDA:371,35,3,0
BRDA:385,36,0,0
BRDA:385,36,1,0
BRDA:401,37,0,0
BRDA:401,37,1,0
BRDA:401,38,0,0
BRDA:401,38,1,0
BRDA:406,39,0,0
BRDA:406,39,1,0
BRDA:409,40,0,0
BRDA:409,40,1,0
BRDA:427,41,0,0
BRDA:427,41,1,6
BRDA:427,42,0,6
BRDA:427,42,1,6
BRDA:432,43,0,6
BRDA:432,43,1,3
BRDA:434,44,0,5
BRDA:434,44,1,1
BRDA:437,45,0,9
BRDA:437,45,1,1
BRDA:440,46,0,8
BRDA:440,46,1,2
BRDA:462,47,0,8
BRDA:462,47,1,4
BRDA:464,48,0,3
BRDA:464,48,1,5
BRF:108
BRH:80
end_of_record
TN:
SF:/Users/crolly/go/src/github.com/crolly/amplify-js/packages/datastore/src/sync/datastoreReachability/index.ts
FNF:0
FNH:0
DA:1,77
DA:3,77
LF:2
LH:2
BRF:0
BRH:0
end_of_record
TN:
SF:/Users/crolly/go/src/github.com/crolly/amplify-js/packages/datastore/src/sync/processors/mutation.ts
FN:45,(anonymous_18)
FN:53,MutationProcessor
FN:66,(anonymous_20)
FN:67,(anonymous_21)
FN:69,(anonymous_22)
FN:70,(anonymous_23)
FN:96,(anonymous_24)
FN:100,(anonymous_25)
FN:101,(anonymous_26)
FN:106,(anonymous_27)
FN:114,(anonymous_28)
FN:175,(anonymous_31)
FN:188,(anonymous_34)
FN:195,(anonymous_35)
FN:341,(anonymous_37)
FN:352,(anonymous_38)
FN:362,(anonymous_39)
FN:380,(anonymous_40)
FN:394,(anonymous_41)
FN:421,(anonymous_42)
FN:438,(anonymous_43)
FNF:21
FNH:1
FNDA:77,(anonymous_18)
FNDA:0,MutationProcessor
FNDA:0,(anonymous_20)
FNDA:0,(anonymous_21)
FNDA:0,(anonymous_22)
FNDA:0,(anonymous_23)
FNDA:0,(anonymous_24)
FNDA:0,(anonymous_25)
FNDA:0,(anonymous_26)
FNDA:0,(anonymous_27)
FNDA:0,(anonymous_28)
FNDA:0,(anonymous_31)
FNDA:0,(anonymous_34)
FNDA:0,(anonymous_35)
FNDA:0,(anonymous_37)
FNDA:0,(anonymous_38)
FNDA:0,(anonymous_39)
FNDA:0,(anonymous_40)
FNDA:0,(anonymous_41)
FNDA:0,(anonymous_42)
FNDA:0,(anonymous_43)
DA:1,77
DA:2,77
DA:7,77
DA:11,77
DA:26,77
DA:28,77
DA:34,77
DA:36,77
DA:45,77
DA:47,0
DA:51,0
DA:54,0
DA:55,0
DA:56,0
DA:57,0
DA:58,0
DA:59,0
DA:60,0
DA:61,0
DA:63,0
DA:66,77
DA:67,0
DA:68,0
DA:69,0
DA:71,0
DA:76,0
DA:81,0
DA:87,0
DA:96,77
DA:97,0
DA:100,77
DA:101,0
DA:102,0
DA:104,0
DA:106,0
DA:107,0
DA:111,0
DA:114,77
DA:115,0
DA:116,0
DA:119,0
DA:121,0
DA:125,0
DA:126,0
DA:128,0
DA:129,0
DA:132,0
DA:133,0
DA:134,0
DA:136,0
DA:147,0
DA:148,0
DA:152,0
DA:153,0
DA:154,0
DA:155,0
DA:158,0
DA:159,0
DA:161,0
DA:163,0
DA:172,0
DA:175,77
DA:187,0
DA:195,0
DA:197,0
DA:210,0
DA:211,0
DA:213,0
DA:217,0
DA:218,0
DA:220,0
DA:222,0
DA:223,0
DA:224,0
DA:225,0
DA:226,0
DA:229,0
DA:233,0
DA:234,0
DA:235,0
DA:237,0
DA:238,0
DA:241,0
DA:255,0
DA:256,0
DA:260,0
DA:263,0
DA:269,0
DA:271,0
DA:276,0
DA:279,0
DA:282,0
DA:294,0
DA:296,0
DA:298,0
DA:299,0
DA:313,0
DA:316,0
DA:327,0
DA:341,77
DA:348,0
DA:350,0
DA:352,0
DA:356,0
DA:359,0
DA:362,0
DA:364,0
DA:366,0
DA:370,0
DA:374,0
DA:378,0
DA:380,0
DA:381,0
DA:382,0
DA:384,0
DA:388,0
DA:389,0
DA:392,0
DA:394,0
DA:395,0
DA:396,0
DA:400,0
DA:405,0
DA:407,0
DA:418,0
DA:421,77
DA:424,0
DA:426,0
DA:428,0
DA:430,0
DA:432,0
DA:434,0
DA:438,77
DA:439,0
DA:441,77
DA:443,77
LF:136
LH:19
BRDA:115,0,0,0
BRDA:115,0,1,0
BRDA:115,1,0,0
BRDA:115,1,1,0
BRDA:125,2,0,0
BRDA:125,2,1,0
BRDA:147,3,0,0
BRDA:147,3,1,0
BRDA:147,4,0,0
BRDA:147,4,1,0
BRDA:152,5,0,0
BRDA:152,5,1,0
BRDA:187,6,0,0
BRDA:187,6,1,0
BRDA:222,7,0,0
BRDA:222,7,1,0
BRDA:222,8,0,0
BRDA:222,8,1,0
BRDA:224,9,0,0
BRDA:224,9,1,0
BRDA:225,10,0,0
BRDA:225,10,1,0
BRDA:233,11,0,0
BRDA:233,11,1,0
BRDA:237,12,0,0
BRDA:237,12,1,0
BRDA:260,13,0,0
BRDA:260,13,1,0
BRDA:309,14,0,0
BRDA:309,14,1,0
BRDA:317,15,0,0
BRDA:317,15,1,0
BRDA:327,16,0,0
BRDA:327,16,1,0
BRDA:360,17,0,0
BRDA:360,17,1,0
BRDA:364,18,0,0
BRDA:364,18,1,0
BRDA:366,19,0,0
BRDA:366,19,1,0
BRDA:367,20,0,0
BRDA:367,20,1,0
BRDA:384,21,0,0
BRDA:384,21,1,0
BRDA:385,22,0,0
BRDA:385,22,1,0
BRDA:410,23,0,0
BRDA:410,23,1,0
BRDA:414,24,0,0
BRDA:414,24,1,0
BRDA:425,25,0,0
BRDA:425,25,1,0
BRDA:425,25,2,0
BRDA:425,25,3,0
BRDA:425,25,4,0
BRF:55
BRH:0
end_of_record
TN:
SF:/Users/crolly/go/src/github.com/crolly/amplify-js/packages/datastore/src/sync/processors/subscription.ts
FN:26,(anonymous_19)
FN:30,(anonymous_20)
FN:43,(anonymous_21)
FN:55,SubscriptionProcessor
FN:61,(anonymous_23)
FN:97,(anonymous_24)
FN:110,(anonymous_25)
FN:122,(anonymous_26)
FN:130,(anonymous_27)
FN:141,(anonymous_28)
FN:142,(anonymous_29)
FN:159,(anonymous_30)
FN:165,(anonymous_31)
FN:188,(anonymous_32)
FN:192,(anonymous_33)
FN:216,(anonymous_34)
FN:226,(anonymous_35)
FN:230,(anonymous_36)
FN:236,(anonymous_37)
FN:281,(anonymous_40)
FN:283,(anonymous_41)
FN:284,(anonymous_42)
FN:284,(anonymous_43)
FN:289,(anonymous_45)
FN:301,(anonymous_46)
FN:334,(anonymous_49)
FN:336,(anonymous_50)
FN:342,(anonymous_51)
FN:379,(anonymous_52)
FN:401,(anonymous_53)
FN:404,(anonymous_56)
FN:419,(anonymous_57)
FN:422,(anonymous_58)
FN:423,(anonymous_59)
FN:429,(anonymous_60)
FN:433,(anonymous_61)
FN:441,(anonymous_62)
FN:454,(anonymous_63)
FN:462,(anonymous_64)
FN:464,(anonymous_65)
FNF:40
FNH:13
FNDA:78,(anonymous_19)
FNDA:78,(anonymous_20)
FNDA:78,(anonymous_21)
FNDA:0,SubscriptionProcessor
FNDA:0,(anonymous_23)
FNDA:14,(anonymous_24)
FNDA:3,(anonymous_25)
FNDA:14,(anonymous_26)
FNDA:4,(anonymous_27)
FNDA:4,(anonymous_28)
FNDA:4,(anonymous_29)
FNDA:6,(anonymous_30)
FNDA:5,(anonymous_31)
FNDA:1,(anonymous_32)
FNDA:1,(anonymous_33)
FNDA:0,(anonymous_34)
FNDA:0,(anonymous_35)
FNDA:0,(anonymous_36)
FNDA:0,(anonymous_37)
FNDA:0,(anonymous_40)
FNDA:0,(anonymous_41)
FNDA:0,(anonymous_42)
FNDA:0,(anonymous_43)
FNDA:0,(anonymous_45)
FNDA:0,(anonymous_46)
FNDA:0,(anonymous_49)
FNDA:0,(anonymous_50)
FNDA:0,(anonymous_51)
FNDA:0,(anonymous_52)
FNDA:0,(anonymous_53)
FNDA:0,(anonymous_56)
FNDA:0,(anonymous_57)
FNDA:0,(anonymous_58)
FNDA:0,(anonymous_59)
FNDA:0,(anonymous_60)
FNDA:0,(anonymous_61)
FNDA:0,(anonymous_62)
FNDA:0,(anonymous_63)
FNDA:0,(anonymous_64)
FNDA:0,(anonymous_65)
DA:1,78
DA:2,78
DA:3,78
DA:4,78
DA:5,78
DA:6,78
DA:15,78
DA:21,78
DA:22,78
DA:24,78
DA:26,78
DA:27,78
DA:30,78
DA:31,78
DA:32,78
DA:33,78
DA:43,78
DA:44,0
DA:48,0
DA:56,0
DA:57,0
DA:58,0
DA:61,78
DA:77,0
DA:78,0
DA:87,0
DA:94,0
DA:97,78
DA:101,19
DA:102,27
DA:104,14
DA:108,14
DA:110,3
DA:113,14
DA:114,1
DA:121,13
DA:123,14
DA:128,13
DA:132,4
DA:136,4
DA:141,4
DA:142,4
DA:146,13
DA:147,4
DA:157,9
DA:160,6
DA:165,9
DA:166,5
DA:168,5
DA:169,5
DA:178,9
DA:179,5
DA:186,4
DA:188,1
DA:192,4
DA:193,1
DA:195,1
DA:196,1
DA:205,4
DA:206,1
DA:210,3
DA:216,78
DA:218,0
DA:221,0
DA:222,0
DA:226,78
DA:230,0
DA:231,0
DA:232,0
DA:235,0
DA:236,0
DA:240,0
DA:241,0
DA:251,0
DA:252,0
DA:258,0
DA:260,0
DA:261,0
DA:262,0
DA:264,0
DA:265,0
DA:266,0
DA:270,0
DA:271,0
DA:272,0
DA:277,0
DA:281,0
DA:282,0
DA:283,0
DA:284,0
DA:285,0
DA:290,0
DA:300,0
DA:302,0
DA:303,0
DA:304,0
DA:305,0
DA:306,0
DA:307,0
DA:308,0
DA:310,0
DA:312,0
DA:313,0
DA:315,0
DA:318,0
DA:321,0
DA:324,0
DA:332,0
DA:334,0
DA:336,0
DA:337,0
DA:342,0
DA:344,0
DA:350,0
DA:351,0
DA:354,0
DA:359,0
DA:365,0
DA:371,0
DA:377,0
DA:381,0
DA:385,0
DA:387,0
DA:388,0
DA:391,0
DA:392,0
DA:395,0
DA:400,0
DA:401,0
DA:404,0
DA:405,0
DA:406,0
DA:410,0
DA:412,0
DA:419,0
DA:422,0
DA:423,0
DA:427,0
DA:430,0
DA:431,0
DA:433,0
DA:434,0
DA:438,0
DA:441,78
DA:445,0
DA:446,0
DA:449,0
DA:451,0
DA:454,78
DA:459,0
DA:462,78
DA:463,0
DA:464,0
DA:465,0
DA:468,78
DA:470,78
LF:156
LH:59
BRDA:26,0,0,78
BRDA:26,0,1,78
BRDA:30,1,0,78
BRDA:30,1,1,78
BRDA:58,2,0,0
BRDA:58,2,1,0
BRDA:78,3,0,0
BRDA:78,3,1,0
BRDA:101,4,0,5
BRDA:101,4,1,9
BRDA:102,5,0,13
BRDA:102,5,1,1
BRDA:108,6,0,14
BRDA:108,6,1,3
BRDA:110,7,0,3
BRDA:110,7,1,2
BRDA:113,8,0,1
BRDA:113,8,1,13
BRDA:113,9,0,14
BRDA:113,9,1,2
BRDA:123,10,0,14
BRDA:123,10,1,4
BRDA:128,11,0,13
BRDA:128,11,1,4
BRDA:128,11,2,10
BRDA:146,12,0,4
BRDA:146,12,1,9
BRDA:158,13,0,5
BRDA:158,13,1,4
BRDA:160,14,0,6
BRDA:160,14,1,6
BRDA:168,15,0,5
BRDA:168,15,1,0
BRDA:171,16,0,2
BRDA:171,16,1,3
BRDA:178,17,0,5
BRDA:178,17,1,4
BRDA:187,18,0,1
BRDA:187,18,1,3
BRDA:188,19,0,1
BRDA:188,19,1,1
BRDA:195,20,0,1
BRDA:195,20,1,0
BRDA:198,21,0,0
BRDA:198,21,1,1
BRDA:205,22,0,1
BRDA:205,22,1,3
BRDA:221,23,0,0
BRDA:221,23,1,0
BRDA:264,24,0,0
BRDA:242,25,0,0
BRDA:242,25,1,0
BRDA:261,26,0,0
BRDA:261,26,1,0
BRDA:265,27,0,0
BRDA:265,27,1,0
BRDA:270,28,0,0
BRDA:270,28,1,0
BRDA:312,29,0,0
BRDA:312,29,1,0
BRDA:313,30,0,0
BRDA:313,30,1,0
BRDA:337,31,0,0
BRDA:337,31,1,0
BRDA:337,32,0,0
BRDA:337,32,1,0
BRDA:365,33,0,0
BRDA:365,33,1,0
BRDA:381,34,0,0
BRDA:381,34,1,0
BRDA:381,35,0,0
BRDA:381,35,1,0
BRDA:387,36,0,0
BRDA:387,36,1,0
BRDA:391,37,0,0
BRDA:391,37,1,0
BRDA:404,38,0,0
BRDA:445,39,0,0
BRDA:445,39,1,0
BRDA:463,40,0,0
BRDA:463,40,1,0
BRF:81
BRH:40
end_of_record
TN:
SF:/Users/crolly/go/src/github.com/crolly/amplify-js/packages/datastore/src/sync/processors/sync.ts
FN:23,(anonymous_17)
FN:26,SyncProcessor
FN:35,(anonymous_19)
FN:36,(anonymous_20)
FN:38,(anonymous_21)
FN:39,(anonymous_22)
FN:51,(anonymous_23)
FN:67,(anonymous_24)
FN:102,(anonymous_27)
FN:116,(anonymous_30)
FN:116,(anonymous_31)
FN:125,(anonymous_33)
FN:130,(anonymous_34)
FN:146,(anonymous_35)
FN:163,(anonymous_36)
FN:165,(anonymous_37)
FN:178,(anonymous_38)
FN:179,(anonymous_39)
FN:191,(anonymous_42)
FN:195,(anonymous_43)
FN:195,(anonymous_44)
FN:238,(anonymous_46)
FN:242,(anonymous_47)
FNF:23
FNH:1
FNDA:77,(anonymous_17)
FNDA:0,SyncProcessor
FNDA:0,(anonymous_19)
FNDA:0,(anonymous_20)
FNDA:0,(anonymous_21)
FNDA:0,(anonymous_22)
FNDA:0,(anonymous_23)
FNDA:0,(anonymous_24)
FNDA:0,(anonymous_27)
FNDA:0,(anonymous_30)
FNDA:0,(anonymous_31)
FNDA:0,(anonymous_33)
FNDA:0,(anonymous_34)
FNDA:0,(anonymous_35)
FNDA:0,(anonymous_36)
FNDA:0,(anonymous_37)
FNDA:0,(anonymous_38)
FNDA:0,(anonymous_39)
FNDA:0,(anonymous_42)
FNDA:0,(anonymous_43)
FNDA:0,(anonymous_44)
FNDA:0,(anonymous_46)
FNDA:0,(anonymous_47)
DA:1,77
DA:2,77
DA:11,77
DA:12,77
DA:16,77
DA:18,77
DA:20,77
DA:21,77
DA:23,77
DA:24,0
DA:27,0
DA:28,0
DA:29,0
DA:30,0
DA:32,0
DA:35,77
DA:36,0
DA:37,0
DA:38,0
DA:40,0
DA:46,0
DA:51,77
DA:52,0
DA:53,0
DA:55,0
DA:60,0
DA:61,0
DA:64,0
DA:67,77
DA:73,0
DA:76,0
DA:78,0
DA:85,0
DA:93,0
DA:95,0
DA:97,0
DA:99,0
DA:102,77
DA:115,0
DA:116,0
DA:118,0
DA:124,0
DA:125,0
DA:127,0
DA:128,0
DA:129,0
DA:130,0
DA:132,0
DA:136,0
DA:138,0
DA:146,77
DA:149,0
DA:152,0
DA:157,0
DA:161,0
DA:163,0
DA:164,0
DA:166,0
DA:168,0
DA:169,0
DA:170,0
DA:172,0
DA:177,0
DA:178,0
DA:179,0
DA:180,0
DA:181,0
DA:182,0
DA:183,0
DA:185,0
DA:186,0
DA:188,0
DA:191,0
DA:192,0
DA:195,0
DA:196,0
DA:199,0
DA:200,0
DA:203,0
DA:208,0
DA:216,0
DA:218,0
DA:220,0
DA:228,0
DA:230,0
DA:233,0
DA:235,0
DA:238,0
DA:239,0
DA:242,0
DA:243,0
DA:247,0
DA:249,77
DA:260,77
LF:94
LH:16
BRDA:28,0,0,0
BRDA:28,0,1,0
BRDA:29,1,0,0
BRDA:29,1,1,0
BRDA:52,2,0,0
BRDA:52,2,1,0
BRDA:60,3,0,0
BRDA:60,3,1,0
BRDA:73,4,0,0
BRDA:73,4,1,0
BRDA:115,5,0,0
BRDA:115,5,1,0
BRDA:118,6,0,0
BRDA:127,7,0,0
BRDA:127,7,1,0
BRDA:153,8,0,0
BRDA:153,8,1,0
BRDA:158,9,0,0
BRDA:158,9,1,0
BRDA:196,10,0,0
BRDA:199,11,0,0
BRDA:199,11,1,0
BRDA:218,12,0,0
BRDA:218,12,1,0
BRDA:228,13,0,0
BRDA:228,13,1,0
BRF:26
BRH:0
end_of_record
